[2025-04-29T00:01:16.999Z] METHOD: GET /v1/oficinas/disponibles?fecha=2025-04-27&horaInicio=08%3A00&horaFin=20%3A00 
[2025-04-29T00:16:55.591Z] METHOD: GET /v1/oficinas/filtrar 
[2025-04-29T00:17:19.390Z] METHOD: POST /v1/salas-reunion/680ea6e6d9ad29a12ae5d017/equipamiento 
[2025-04-29T00:20:16.446Z] METHOD: POST /v1/salas-reunion/680ea6e6d9ad29a12ae5d017/equipamiento 
[2025-04-29T00:20:39.199Z] METHOD: PUT /v1/salas-reunion/680ea6e6d9ad29a12ae5d017/precios 
[2025-04-29T00:21:41.867Z] METHOD: PUT /v1/salas-reunion/680ea6e6d9ad29a12ae5d017/precios 
[2025-04-29T00:22:03.596Z] METHOD: GET /v1/salas-reunion/disponibles 
[2025-04-29T00:22:37.547Z] METHOD: GET /v1/salas-reunion/disponibles 
[2025-04-29T00:22:47.507Z] METHOD: GET /v1/salas-reunion/disponibles?fecha=2025-04-28 
[2025-04-29T00:22:56.493Z] METHOD: GET /v1/salas-reunion/filtrar 
[2025-04-29T21:07:16.868Z] METHOD: GET /public/swagger/ 
[2025-04-29T21:07:16.877Z] METHOD: GET /public/swagger/swagger-ui.css 
[2025-04-29T21:07:16.878Z] METHOD: GET /public/swagger/swagger-ui-bundle.js 
[2025-04-29T21:07:16.878Z] METHOD: GET /public/swagger/swagger-ui-standalone-preset.js 
[2025-04-29T21:07:16.885Z] METHOD: GET /public/swagger/swagger-ui-init.js 
[2025-04-29T21:07:48.522Z] METHOD: POST /v1/auth/login 
[2025-04-29T21:09:20.092Z] METHOD: GET /v1/escritorios-flexibles 
[2025-04-29T21:09:38.933Z] METHOD: POST /v1/escritorios-flexibles 
[2025-04-29T21:09:44.380Z] METHOD: POST /v1/escritorios-flexibles 
[2025-04-29T21:09:57.037Z] METHOD: GET /v1/escritorios-flexibles/edificio/6810084a9c6f953e3a33f7e8 
[2025-04-29T21:10:43.046Z] METHOD: GET /v1/escritorios-flexibles/precio?tipoPrecio=porDia 
[2025-04-29T21:11:19.254Z] METHOD: GET /v1/escritorios-flexibles/precio?precioMinimo=111&precioMaximo=1222&tipoPrecio=porDia 
[2025-04-29T21:12:13.148Z] METHOD: GET /v1/escritorios-flexibles/precio?precioMinimo=111&precioMaximo=1222&tipoPrecio=porDia 
[2025-04-29T21:12:26.968Z] METHOD: GET /v1/escritorios-flexibles/precio?precioMinimo=111&precioMaximo=1222&tipoPrecio=porDia 
[2025-04-29T21:13:46.623Z] METHOD: GET /v1/escritorios-flexibles/precio?precioMinimo=111&precioMaximo=1222&tipoPrecio=porDia 
[2025-04-29T21:13:52.801Z] METHOD: GET /v1/escritorios-flexibles/precio?precioMinimo=111&precioMaximo=1222&tipoPrecio=porDia 
[2025-04-29T21:15:02.347Z] METHOD: POST /v1/escritorios-flexibles/680ea822d9ad29a12ae5d038/amenidad 
[2025-04-29T21:15:39.286Z] METHOD: POST /v1/escritorios-flexibles/680ea822d9ad29a12ae5d038/amenidad 
[2025-04-29T21:15:51.169Z] METHOD: POST /v1/escritorios-flexibles/680ea822d9ad29a12ae5d038/amenidad 
[2025-04-29T21:16:05.971Z] METHOD: PUT /v1/escritorios-flexibles/680ea822d9ad29a12ae5d038/precios 
[2025-04-29T21:16:37.661Z] METHOD: GET /v1/escritorios-flexibles/disponibles 
[2025-04-29T21:17:05.167Z] METHOD: GET /v1/escritorios-flexibles/disponibles?fecha=2025-04-27 
[2025-04-29T21:19:46.075Z] METHOD: GET /v1/escritorios-flexibles/filtrar?edificioId=680ea822d9ad29a12ae5d038&tipo=individual 
[2025-04-29T21:20:07.462Z] METHOD: GET /v1/escritorios-flexibles/filtrar?edificioId=5f8d0d4cf9a1e414f0e6d7b2&tipo=individual 
[2025-04-29T21:20:24.015Z] METHOD: GET /v1/escritorios-flexibles/edificio/5f8d0d4cf9a1e414f0e6d7b2 
[2025-04-29T21:23:45.510Z] METHOD: GET /v1/disponibilidades/fecha?entidadId=680ea822d9ad29a12ae5d038&tipoEntidad=oficina&fecha=2025-05-01 
[2025-04-29T21:25:56.355Z] METHOD: GET /v1/disponibilidades/fecha?entidadId=680ea822d9ad29a12ae5d038&tipoEntidad=oficina&fecha=2025-05-01 
[2025-04-29T21:26:30.730Z] METHOD: GET /v1/disponibilidades/rango?entidadId=680ea822d9ad29a12ae5d038&tipoEntidad=oficina&fechaInicio=2025-04-29&fechaFin=2025-05-02 
[2025-04-29T21:26:54.882Z] METHOD: GET /v1/disponibilidades/franjas?entidadId=680ea822d9ad29a12ae5d038&tipoEntidad=oficina&fecha=2025-05-01 
[2025-04-29T21:27:02.962Z] METHOD: GET /v1/disponibilidades/franjas?entidadId=680ea822d9ad29a12ae5d038&tipoEntidad=oficina&fecha=2025-05-02 
[2025-04-29T21:27:25.172Z] METHOD: POST /v1/disponibilidades/reservar 
[2025-04-29T21:27:38.342Z] METHOD: POST /v1/disponibilidades/reservar 
[2025-04-29T21:28:35.443Z] METHOD: POST /v1/disponibilidades/reservar 
[2025-04-29T21:30:21.488Z] METHOD: POST /v1/disponibilidades/reservar 
[2025-04-29T21:30:53.978Z] METHOD: POST /v1/disponibilidades/reservar 
[2025-04-29T21:31:07.793Z] METHOD: POST /v1/disponibilidades/reservar 
[2025-04-29T21:35:01.077Z] METHOD: POST /v1/disponibilidades/reservar 
[2025-04-29T21:35:41.811Z] METHOD: POST /v1/disponibilidades/reservar 
[2025-04-29T21:35:58.845Z] METHOD: POST /v1/disponibilidades/reservar 
[2025-04-29T21:36:12.175Z] METHOD: POST /v1/disponibilidades/liberar 
[2025-04-29T21:36:29.319Z] METHOD: POST /v1/disponibilidades/liberar 
[2025-04-29T21:39:01.030Z] METHOD: POST /v1/disponibilidades/liberar 
[2025-04-29T21:39:13.535Z] METHOD: POST /v1/disponibilidades/reservar 
[2025-04-29T21:39:22.184Z] METHOD: POST /v1/disponibilidades/bloquear 
[2025-04-29T21:39:44.098Z] METHOD: POST /v1/disponibilidades/desbloquear 
[2025-04-29T21:39:57.416Z] METHOD: POST /v1/disponibilidades/desbloquear 
[2025-04-29T21:40:38.283Z] METHOD: POST /v1/disponibilidades/desbloquear 
[2025-04-29T21:40:56.550Z] METHOD: POST /v1/disponibilidades/crear-diaria 
[2025-04-29T21:42:22.301Z] METHOD: GET /v1/disponibilidades/consultar?entidadId=680ea822d9ad29a12ae5d038&tipoEntidad=oficina&fechaInicio=2025-05-01&fechaFin=2025-05-01 
[2025-04-29T21:43:33.582Z] METHOD: GET /v1/servicios-adicionales/precio?precioMin=111&precioMax=1111 
[2025-04-29T21:46:10.870Z] METHOD: GET /v1/servicios-adicionales/precio?precioMin=111&precioMax=1111 
[2025-04-29T21:46:35.343Z] METHOD: GET /v1/servicios-adicionales/disponibles?fecha=2025-04-28 
[2025-04-29T21:46:46.499Z] METHOD: GET /v1/servicios-adicionales/disponibles?fecha=2025-04-29 
[2025-04-29T21:46:55.235Z] METHOD: GET /v1/servicios-adicionales/disponibles?fecha=2025-04-30 
[2025-04-29T21:47:10.592Z] METHOD: PUT /v1/servicios-adicionales/680fee657d91fdc5dfc6d01a/activar 
[2025-04-29T21:47:31.078Z] METHOD: GET /v1/servicios-adicionales/aprobacion 
[2025-04-29T21:47:39.240Z] METHOD: GET /v1/servicios-adicionales/aprobacion 
[2025-04-29T21:47:50.128Z] METHOD: GET /v1/servicios-adicionales/filtrar?tipo=catering 
[2025-04-29T21:47:51.427Z] METHOD: GET /v1/servicios-adicionales/filtrar?tipo=catering 
[2025-04-29T21:51:13.009Z] METHOD: GET /v1/promociones/activas 
[2025-04-29T21:53:17.100Z] METHOD: GET /v1/promociones/activas 
[2025-04-29T21:55:48.532Z] METHOD: GET /v1/promociones/activas 
[2025-04-29T21:56:12.613Z] METHOD: GET /v1/promociones/entidad?entidad=oficina&entidadId=680ea062cf6704bf2a60f954 
[2025-04-29T21:58:22.405Z] METHOD: GET /v1/promociones/entidad?entidad=oficina&entidadId=680ea062cf6704bf2a60f954 
[2025-04-29T21:58:26.110Z] METHOD: GET /v1/promociones/activas 
[2025-04-29T21:59:02.732Z] METHOD: GET /v1/promociones/fechas?fechaInicio=2025-04-01&fechaFin=2025-06-15 
[2025-04-29T21:59:08.998Z] METHOD: PUT /v1/promociones/680ff0e0bab0a2c7ce5f73be/activar 
[2025-04-29T21:59:13.409Z] METHOD: PUT /v1/promociones/5/incrementar-usos 
[2025-04-29T21:59:16.420Z] METHOD: PUT /v1/promociones/680ff0e0bab0a2c7ce5f73be/incrementar-usos 
[2025-04-29T21:59:19.238Z] METHOD: PUT /v1/promociones/680ff0e0bab0a2c7ce5f73be/incrementar-usos 
[2025-04-29T21:59:20.598Z] METHOD: PUT /v1/promociones/680ff0e0bab0a2c7ce5f73be/incrementar-usos 
[2025-04-29T21:59:34.858Z] METHOD: POST /v1/promociones/validar 
[2025-04-29T21:59:38.269Z] METHOD: POST /v1/promociones/validar 
[2025-04-29T22:01:00.955Z] METHOD: POST /v1/promociones/validar 
[2025-04-29T22:02:29.464Z] METHOD: GET /v1/promociones/proximas-expirar?diasRestantes=7 
[2025-04-29T22:02:46.672Z] METHOD: GET /v1/promociones/proximas-expirar?diasRestantes=7 
[2025-04-29T22:03:01.520Z] METHOD: PUT /v1/promociones/680ff0e0bab0a2c7ce5f73be/aplicabilidad 
[2025-04-29T22:05:22.781Z] METHOD: PUT /v1/promociones/680ff0e0bab0a2c7ce5f73be/aplicabilidad 
[2025-04-29T22:05:31.866Z] METHOD: GET /v1/promociones/filtrar?activo=true 
[2025-04-29T22:05:38.008Z] METHOD: GET /v1/promociones/filtrar?activo=false 
[2025-04-29T22:05:54.708Z] METHOD: DELETE /v1/notificaciones/expiradas?diasAntiguedad=30 
[2025-04-29T22:08:06.468Z] METHOD: DELETE /v1/notificaciones/expiradas?diasAntiguedad=30 
[2025-04-29T22:08:16.701Z] METHOD: POST /v1/auth/login 
[2025-04-29T22:08:33.197Z] METHOD: DELETE /v1/notificaciones/expiradas?diasAntiguedad=30 
[2025-04-29T22:09:27.165Z] METHOD: GET /v1/notificaciones/filtrar?destinatarioId=60f7e2a4b5c6d7e8f9a0b1c2 
[2025-04-29T22:10:06.706Z] METHOD: GET /v1/notificaciones/filtrar?destinatarioId=60f7e2a4b5c6d7e8f9a0b1c2 
[2025-04-29T22:10:27.922Z] METHOD: GET /v1/resenas/calificacion?calificacionMinima=5 
[2025-04-29T22:12:22.456Z] METHOD: GET /v1/resenas/calificacion?calificacionMinima=5 
[2025-04-29T22:20:18.203Z] METHOD: GET /v1/resenas/pendientes-moderacion 
[2025-04-29T22:22:15.895Z] METHOD: GET /v1/reservas/pendientes 
[2025-04-29T22:28:08.509Z] METHOD: GET /v1/reservas/pendientes 
[2025-04-29T22:28:18.683Z] METHOD: GET /v1/reservas/pendientes 
[2025-04-29T22:28:48.100Z] METHOD: GET /v1/reservas/pendientes 
[2025-04-29T22:28:56.116Z] METHOD: GET /v1/reservas/pendientes 
[2025-04-29T22:29:18.524Z] METHOD: GET /v1/reservas/pendientes 
[2025-04-29T22:29:33.228Z] METHOD: GET /v1/reservas/pendientes 
[2025-04-29T22:30:11.746Z] METHOD: GET /v1/reservas/pendientes 
[2025-04-29T22:30:35.569Z] METHOD: GET /v1/reservas/fecha?fechaInicio=2025-05-10&fechaFin=2025-05-10 
[2025-04-29T22:31:15.389Z] METHOD: PUT /v1/reservas/680ff2323eef511ba5d95cbb/aprobar 
[2025-04-29T22:31:21.919Z] METHOD: PUT /v1/reservas/680ff2323eef511ba5d95cbb/rechazar 
[2025-04-29T22:32:40.087Z] METHOD: PUT /v1/reservas/680ff2323eef511ba5d95cbb/rechazar 
[2025-04-29T22:33:17.215Z] METHOD: PUT /v1/reservas/680ff2323eef511ba5d95cbb/rechazar 
[2025-04-29T22:34:18.739Z] METHOD: GET /v1/reservas/recurrentes 
[2025-04-29T22:34:31.033Z] METHOD: GET /v1/reservas/filtrar?usuarioId=680e99bbd3dc5564ab1e3741 
[2025-04-29T22:38:43.285Z] METHOD: GET /v1/reservas/filtrar?usuarioId=680e99bbd3dc5564ab1e3741 
[2025-04-29T22:39:01.193Z] METHOD: GET /v1/reservas-servicio/pendientes?fecha=60f7e2a4b5c6d7e8f9a0b1d3 
[2025-04-29T22:39:09.023Z] METHOD: GET /v1/reservas-servicio/pendientes?fecha=2025-06-10 
[2025-04-29T22:39:16.902Z] METHOD: GET /v1/reservas-servicio/pendientes?fecha=2025-06-10 
[2025-04-29T22:39:32.313Z] METHOD: GET /v1/reservas-servicio/filtrar?usuarioId=60f7e2a4b5c6d7e8f9a0b1d3 
[2025-04-29T22:41:58.542Z] METHOD: GET /v1/pagos/fechas?fechaInicio=2025-04-19&fechaFin=2025-04-20 
[2025-04-29T22:43:00.521Z] METHOD: GET /v1/pagos/fechas?fechaInicio=2025-04-19&fechaFin=2025-04-20 
[2025-04-29T22:43:00.769Z] METHOD: GET /v1/pagos/fechas?fechaInicio=2025-04-19&fechaFin=2025-04-20 
[2025-04-29T22:43:39.855Z] METHOD: GET /v1/pagos/fechas?fechaInicio=2025-04-19&fechaFin=2025-04-20 
[2025-04-29T22:44:01.068Z] METHOD: GET /v1/pagos/montos?montoMinimo=11&montoMaximo=11111111111 
[2025-04-29T22:44:16.840Z] METHOD: GET /v1/pagos/filtrar?usuarioId=60f7e2a4b5c6d7e8f9a0b1c2 
[2025-04-29T23:03:39.712Z] METHOD: GET /v1/oficinas/edificio/60c8f0b2a1d2e3f4b5c6d7e8 
[2025-04-29T23:04:19.506Z] METHOD: GET /v1/oficinas/disponibles?fecha=2025-04-29&horaInicio=08%3A00&horaFin=20%3A00 
[2025-04-29T23:04:42.815Z] METHOD: GET /v1/facturas/emisor?emisorId=60d5c1a3e6f7b8c9d0e1f2b4 
[2025-04-29T23:05:08.800Z] METHOD: GET /v1/facturas/emisor?emisorId=60d5c1a3e6f7b8c9d0e1f2b4&tipoEmisor=plataforma 
[2025-04-29T23:05:25.457Z] METHOD: GET /v1/facturas/vencidas 
[2025-04-29T23:08:30.843Z] METHOD: GET /v1/facturas/vencidas 
[2025-04-29T23:08:37.997Z] METHOD: POST /v1/auth/login 
[2025-04-29T23:08:51.130Z] METHOD: GET /v1/facturas/vencidas 
[2025-04-29T23:08:58.740Z] METHOD: GET /v1/facturas/vencidas 
[2025-04-29T23:09:23.601Z] METHOD: GET /v1/facturas/fechas?fechaInicio=2025-04-09&fechaFin=2025-04-11&tipoFecha=emision 
[2025-04-29T23:09:57.097Z] METHOD: GET /v1/facturas/montos?montoMinimo=11&montoMaximo=111111111111111 
[2025-04-29T23:11:22.963Z] METHOD: GET /v1/facturas/montos?montoMinimo=11&montoMaximo=111111111111111 
[2025-04-29T23:11:59.888Z] METHOD: GET /v1/facturas/filtrar?usuarioId=60d5c1a3e6f7b8c9d0e1f2a3 
[2025-04-29T23:12:35.555Z] METHOD: GET /v1/oficinas/disponibles?fecha=2025-04-29&horaInicio=08%3A00&horaFin=20%3A00 
[2025-04-29T23:15:28.163Z] METHOD: GET /v1/oficinas/disponibles?fecha=2025-04-29&horaInicio=08%3A00&horaFin=20%3A00 
[2025-04-29T23:33:43.529Z] METHOD: GET /public/swagger/ 
[2025-04-29T23:33:43.544Z] METHOD: GET /public/swagger/swagger-ui.css 
[2025-04-29T23:33:43.548Z] METHOD: GET /public/swagger/swagger-ui-bundle.js 
[2025-04-29T23:33:43.549Z] METHOD: GET /public/swagger/swagger-ui-standalone-preset.js 
[2025-04-29T23:33:43.550Z] METHOD: GET /public/swagger/swagger-ui-init.js 
[2025-04-29T23:33:44.048Z] METHOD: GET /public/swagger/favicon-32x32.png 
[2025-04-29T23:34:02.043Z] METHOD: GET /public/health 
[2025-04-29T23:34:06.520Z] METHOD: GET /public/ping 
[2025-04-29T23:34:09.981Z] METHOD: POST /v1/auth/signup 
[2025-04-29T23:34:16.453Z] METHOD: POST /v1/auth/signup 
[2025-04-29T23:34:20.645Z] METHOD: POST /v1/auth/signup 
[2025-04-29T23:34:25.439Z] METHOD: POST /v1/auth/login 
[2025-04-29T23:34:35.330Z] METHOD: GET /v1/membresias 
[2025-04-29T23:34:39.702Z] METHOD: POST /v1/membresias 
[2025-04-29T23:34:51.012Z] METHOD: GET /v1/membresias/680e99dad3dc5564ab1e3745 
[2025-04-29T23:34:55.406Z] METHOD: PUT /v1/membresias/680e99dad3dc5564ab1e3745 
[2025-04-29T23:35:00.241Z] METHOD: DELETE /v1/membresias/680e99dad3dc5564ab1e3745 
[2025-04-29T23:35:05.369Z] METHOD: GET /v1/membresias/tipo/basico 
[2025-04-29T23:35:07.653Z] METHOD: GET /v1/membresias/tipo/estandar 
[2025-04-29T23:35:08.982Z] METHOD: GET /v1/membresias/tipo/premium 
[2025-04-29T23:35:11.987Z] METHOD: GET /v1/membresias/activas 
[2025-04-29T23:35:15.582Z] METHOD: GET /v1/membresias/ordenadas?campo=precio.valor&orden=asc 
[2025-04-29T23:35:31.635Z] METHOD: GET /v1/membresias/beneficio/Sala%20VIP 
[2025-04-29T23:35:38.900Z] METHOD: GET /v1/membresias/beneficio/Acceso%2024%2F7 
[2025-04-29T23:35:44.466Z] METHOD: GET /v1/membresias/precio?precioMin=1&precioMax=111111111111111 
[2025-04-29T23:35:50.890Z] METHOD: PUT /v1/membresias/6811620f4b038cef07dea1f8/beneficios 
[2025-04-29T23:35:55.703Z] METHOD: POST /v1/membresias/suscribir 
[2025-04-29T23:36:00.578Z] METHOD: POST /v1/membresias/suscribir 
[2025-04-29T23:36:08.789Z] METHOD: POST /v1/membresias/cancelar 
[2025-04-29T23:36:13.078Z] METHOD: POST /v1/membresias/cancelar 
[2025-04-29T23:56:34.508Z] METHOD: GET /public/swagger/ 
[2025-04-29T23:56:34.525Z] METHOD: GET /public/swagger/swagger-ui.css 
[2025-04-29T23:56:34.528Z] METHOD: GET /public/swagger/swagger-ui-bundle.js 
[2025-04-29T23:56:34.528Z] METHOD: GET /public/swagger/swagger-ui-standalone-preset.js 
[2025-04-29T23:56:34.528Z] METHOD: GET /public/swagger/swagger-ui-init.js 
[2025-04-29T23:56:34.804Z] METHOD: GET /public/swagger/favicon-32x32.png 
