[2025-04-26T17:20:35.231Z] METHOD: GET / 
[2025-04-26T17:20:38.693Z] METHOD: GET /public/swagger 
[2025-04-26T17:20:38.697Z] METHOD: GET /public/swagger/ 
[2025-04-26T17:20:38.706Z] METHOD: GET /public/swagger/swagger-ui.css 
[2025-04-26T17:20:38.707Z] METHOD: GET /public/swagger/swagger-ui-bundle.js 
[2025-04-26T17:20:38.709Z] METHOD: GET /public/swagger/swagger-ui-standalone-preset.js 
[2025-04-26T17:20:38.750Z] METHOD: GET /public/swagger/swagger-ui-init.js 
[2025-04-26T17:20:44.389Z] METHOD: POST /v1/auth/signup 
[2025-04-26T17:20:52.486Z] METHOD: POST /v1/auth/signup 
[2025-04-26T17:21:07.456Z] METHOD: POST /v1/auth/signup 
[2025-04-26T17:21:13.564Z] METHOD: POST /v1/auth/signup 
[2025-04-26T17:21:26.056Z] METHOD: POST /v1/auth/login 
[2025-04-26T17:22:47.917Z] METHOD: GET /v1/usuarios 
[2025-04-26T17:23:13.166Z] METHOD: GET /v1/usuarios/680d1609f04d30c2a90fe6f7 
[2025-04-26T17:23:30.324Z] METHOD: PUT /v1/usuarios/680d1609f04d30c2a90fe6f7 
[2025-04-26T17:24:32.541Z] METHOD: PUT /v1/usuarios/680d1609f04d30c2a90fe6f7 
[2025-04-26T17:35:31.653Z] METHOD: GET /public/swagger/ 
[2025-04-26T17:35:31.668Z] METHOD: GET /public/swagger/swagger-ui.css 
[2025-04-26T17:35:31.670Z] METHOD: GET /public/swagger/swagger-ui-bundle.js 
[2025-04-26T17:35:31.671Z] METHOD: GET /public/swagger/swagger-ui-standalone-preset.js 
[2025-04-26T17:35:31.671Z] METHOD: GET /public/swagger/swagger-ui-init.js 
[2025-04-26T17:35:32.260Z] METHOD: GET /public/swagger/favicon-32x32.png 
[2025-04-26T17:38:09.434Z] METHOD: GET /v1/espacios 
[2025-04-26T17:38:15.275Z] METHOD: POST /v1/auth/login 
[2025-04-26T17:38:23.913Z] METHOD: GET /v1/espacios 
[2025-04-26T17:38:31.342Z] METHOD: POST /v1/espacios 
[2025-04-26T17:38:38.527Z] METHOD: POST /v1/espacios 
[2025-04-26T17:39:08.060Z] METHOD: GET /v1/espacios/680ae0252746ac564d7023af 
[2025-04-26T17:39:16.111Z] METHOD: PUT /v1/espacios/680ae0252746ac564d7023af 
[2025-04-26T17:45:04.185Z] METHOD: GET /public/swagger/ 
[2025-04-26T17:45:04.201Z] METHOD: GET /public/swagger/swagger-ui.css 
[2025-04-26T17:45:04.202Z] METHOD: GET /public/swagger/swagger-ui-bundle.js 
[2025-04-26T17:45:04.204Z] METHOD: GET /public/swagger/swagger-ui-standalone-preset.js 
[2025-04-26T17:45:04.204Z] METHOD: GET /public/swagger/swagger-ui-init.js 
[2025-04-26T17:45:04.464Z] METHOD: GET /public/swagger/favicon-32x32.png 
[2025-04-26T17:45:38.629Z] METHOD: PUT /v1/espacios/680ae0252746ac564d7023af 
[2025-04-26T17:45:46.536Z] METHOD: POST /v1/auth/login 
[2025-04-26T17:45:55.699Z] METHOD: PUT /v1/espacios/680ae0252746ac564d7023af 
[2025-04-26T17:48:37.375Z] METHOD: PUT /v1/espacios/680ae0252746ac564d7023af 
[2025-04-26T17:48:40.724Z] METHOD: PUT /v1/espacios/680ae0252746ac564d7023af 
[2025-04-26T17:48:43.996Z] METHOD: GET /public/swagger/ 
[2025-04-26T17:48:44.009Z] METHOD: GET /public/swagger/swagger-ui.css 
[2025-04-26T17:48:44.011Z] METHOD: GET /public/swagger/swagger-ui-bundle.js 
[2025-04-26T17:48:44.011Z] METHOD: GET /public/swagger/swagger-ui-standalone-preset.js 
[2025-04-26T17:48:44.012Z] METHOD: GET /public/swagger/swagger-ui-init.js 
[2025-04-26T17:48:44.220Z] METHOD: GET /public/swagger/favicon-32x32.png 
[2025-04-26T17:48:48.783Z] METHOD: POST /v1/auth/login 
[2025-04-26T17:49:07.420Z] METHOD: GET /v1/espacios/680ae0252746ac564d7023af 
[2025-04-26T17:49:17.020Z] METHOD: PUT /v1/espacios/680ae0252746ac564d7023af 
[2025-04-26T18:00:45.849Z] METHOD: GET /public/swagger/ 
[2025-04-26T18:00:45.866Z] METHOD: GET /public/swagger/swagger-ui.css 
[2025-04-26T18:00:45.867Z] METHOD: GET /public/swagger/swagger-ui-bundle.js 
[2025-04-26T18:00:45.867Z] METHOD: GET /public/swagger/swagger-ui-standalone-preset.js 
[2025-04-26T18:00:45.869Z] METHOD: GET /public/swagger/swagger-ui-init.js 
[2025-04-26T18:00:46.010Z] METHOD: GET /public/swagger/favicon-32x32.png 
[2025-04-26T18:01:04.022Z] METHOD: GET /public/swagger/ 
[2025-04-26T18:01:04.034Z] METHOD: GET /public/swagger/swagger-ui.css 
[2025-04-26T18:01:04.038Z] METHOD: GET /public/swagger/swagger-ui-init.js 
[2025-04-26T18:01:04.039Z] METHOD: GET /public/swagger/swagger-ui-bundle.js 
[2025-04-26T18:01:04.039Z] METHOD: GET /public/swagger/swagger-ui-standalone-preset.js 
[2025-04-26T18:01:04.112Z] METHOD: GET /public/swagger/favicon-32x32.png 
[2025-04-26T18:01:23.276Z] METHOD: GET /public/swagger/ 
[2025-04-26T18:01:23.288Z] METHOD: GET /public/swagger/swagger-ui.css 
[2025-04-26T18:01:23.291Z] METHOD: GET /public/swagger/swagger-ui-bundle.js 
[2025-04-26T18:01:23.292Z] METHOD: GET /public/swagger/swagger-ui-standalone-preset.js 
[2025-04-26T18:01:23.292Z] METHOD: GET /public/swagger/swagger-ui-init.js 
[2025-04-26T18:01:23.343Z] METHOD: GET /public/swagger/favicon-32x32.png 
[2025-04-26T18:12:01.912Z] METHOD: GET /public/swagger/ 
[2025-04-26T18:12:01.924Z] METHOD: GET /public/swagger/swagger-ui.css 
[2025-04-26T18:12:01.926Z] METHOD: GET /public/swagger/swagger-ui-bundle.js 
[2025-04-26T18:12:01.926Z] METHOD: GET /public/swagger/swagger-ui-standalone-preset.js 
[2025-04-26T18:12:01.927Z] METHOD: GET /public/swagger/swagger-ui-init.js 
[2025-04-26T18:12:01.988Z] METHOD: GET /public/swagger/favicon-32x32.png 
[2025-04-26T18:12:48.086Z] METHOD: GET /public/swagger/ 
[2025-04-26T18:12:48.099Z] METHOD: GET /public/swagger/swagger-ui.css 
[2025-04-26T18:12:48.100Z] METHOD: GET /public/swagger/swagger-ui-bundle.js 
[2025-04-26T18:12:48.100Z] METHOD: GET /public/swagger/swagger-ui-standalone-preset.js 
[2025-04-26T18:12:48.100Z] METHOD: GET /public/swagger/swagger-ui-init.js 
[2025-04-26T18:12:48.170Z] METHOD: GET /public/swagger/favicon-32x32.png 
[2025-04-26T18:18:35.120Z] METHOD: GET /public/swagger/ 
[2025-04-26T18:18:35.133Z] METHOD: GET /public/swagger/swagger-ui.css 
[2025-04-26T18:18:35.134Z] METHOD: GET /public/swagger/swagger-ui-init.js 
[2025-04-26T18:18:35.135Z] METHOD: GET /public/swagger/swagger-ui-bundle.js 
[2025-04-26T18:18:35.136Z] METHOD: GET /public/swagger/swagger-ui-standalone-preset.js 
[2025-04-26T18:18:35.204Z] METHOD: GET /public/swagger/favicon-32x32.png 
[2025-04-26T18:20:15.359Z] METHOD: GET /public/swagger/ 
[2025-04-26T18:20:15.370Z] METHOD: GET /public/swagger/swagger-ui.css 
[2025-04-26T18:20:15.372Z] METHOD: GET /public/swagger/swagger-ui-bundle.js 
[2025-04-26T18:20:15.372Z] METHOD: GET /public/swagger/swagger-ui-standalone-preset.js 
[2025-04-26T18:20:15.374Z] METHOD: GET /public/swagger/swagger-ui-init.js 
[2025-04-26T18:20:15.522Z] METHOD: GET /public/swagger/favicon-32x32.png 
[2025-04-26T18:21:36.525Z] METHOD: GET /public/swagger/ 
[2025-04-26T18:21:36.541Z] METHOD: GET /public/swagger/swagger-ui.css 
[2025-04-26T18:21:36.542Z] METHOD: GET /public/swagger/swagger-ui-bundle.js 
[2025-04-26T18:21:36.544Z] METHOD: GET /public/swagger/swagger-ui-standalone-preset.js 
[2025-04-26T18:21:36.544Z] METHOD: GET /public/swagger/swagger-ui-init.js 
[2025-04-26T18:21:36.649Z] METHOD: GET /public/swagger/favicon-32x32.png 
[2025-04-26T18:25:42.501Z] METHOD: GET /public/swagger/ 
[2025-04-26T18:25:42.513Z] METHOD: GET /public/swagger/swagger-ui.css 
[2025-04-26T18:25:42.515Z] METHOD: GET /public/swagger/swagger-ui-bundle.js 
[2025-04-26T18:25:42.516Z] METHOD: GET /public/swagger/swagger-ui-standalone-preset.js 
[2025-04-26T18:25:42.516Z] METHOD: GET /public/swagger/swagger-ui-init.js 
[2025-04-26T18:25:42.680Z] METHOD: GET /public/swagger/favicon-32x32.png 
[2025-04-26T18:27:22.897Z] METHOD: GET /public/swagger/ 
[2025-04-26T18:27:22.912Z] METHOD: GET /public/swagger/swagger-ui.css 
[2025-04-26T18:27:22.913Z] METHOD: GET /public/swagger/swagger-ui-bundle.js 
[2025-04-26T18:27:22.915Z] METHOD: GET /public/swagger/swagger-ui-standalone-preset.js 
[2025-04-26T18:27:22.913Z] METHOD: GET /public/swagger/swagger-ui-init.js 
[2025-04-26T18:27:23.028Z] METHOD: GET /public/swagger/favicon-32x32.png 
[2025-04-26T18:36:22.294Z] METHOD: GET /public/swagger/ 
[2025-04-26T18:36:22.307Z] METHOD: GET /public/swagger/swagger-ui.css 
[2025-04-26T18:36:22.310Z] METHOD: GET /public/swagger/swagger-ui-bundle.js 
[2025-04-26T18:36:22.311Z] METHOD: GET /public/swagger/swagger-ui-standalone-preset.js 
[2025-04-26T18:36:22.311Z] METHOD: GET /public/swagger/swagger-ui-init.js 
[2025-04-26T18:36:22.561Z] METHOD: GET /public/swagger/favicon-32x32.png 
[2025-04-26T18:41:45.463Z] METHOD: GET /public/swagger/ 
[2025-04-26T18:41:45.475Z] METHOD: GET /public/swagger/swagger-ui.css 
[2025-04-26T18:41:45.478Z] METHOD: GET /public/swagger/swagger-ui-bundle.js 
[2025-04-26T18:41:45.479Z] METHOD: GET /public/swagger/swagger-ui-standalone-preset.js 
[2025-04-26T18:41:45.480Z] METHOD: GET /public/swagger/swagger-ui-init.js 
[2025-04-26T18:41:45.771Z] METHOD: GET /public/swagger/favicon-32x32.png 
[2025-04-26T18:41:48.417Z] METHOD: GET /disponibilidades 
[2025-04-26T18:42:12.325Z] METHOD: POST /v1/auth/login 
[2025-04-26T18:42:52.937Z] METHOD: GET /public/swagger/ 
[2025-04-26T18:42:52.950Z] METHOD: GET /public/swagger/swagger-ui.css 
[2025-04-26T18:42:52.955Z] METHOD: GET /public/swagger/swagger-ui-bundle.js 
[2025-04-26T18:42:52.955Z] METHOD: GET /public/swagger/swagger-ui-standalone-preset.js 
[2025-04-26T18:42:52.955Z] METHOD: GET /public/swagger/swagger-ui-init.js 
[2025-04-26T18:42:53.244Z] METHOD: GET /public/swagger/favicon-32x32.png 
[2025-04-26T18:44:09.255Z] METHOD: GET /public/swagger/ 
[2025-04-26T18:44:09.270Z] METHOD: GET /public/swagger/swagger-ui.css 
[2025-04-26T18:44:09.271Z] METHOD: GET /public/swagger/swagger-ui-bundle.js 
[2025-04-26T18:44:09.271Z] METHOD: GET /public/swagger/swagger-ui-standalone-preset.js 
[2025-04-26T18:44:09.271Z] METHOD: GET /public/swagger/swagger-ui-init.js 
[2025-04-26T18:44:09.482Z] METHOD: GET /public/swagger/favicon-32x32.png 
[2025-04-26T18:44:15.657Z] METHOD: POST /v1/auth/login 
[2025-04-26T18:44:24.405Z] METHOD: GET /disponibilidades 
[2025-04-26T18:44:38.281Z] METHOD: GET /public/swagger/ 
[2025-04-26T18:44:38.296Z] METHOD: GET /public/swagger/swagger-ui.css 
[2025-04-26T18:44:38.297Z] METHOD: GET /public/swagger/swagger-ui-bundle.js 
[2025-04-26T18:44:38.299Z] METHOD: GET /public/swagger/swagger-ui-standalone-preset.js 
[2025-04-26T18:44:38.299Z] METHOD: GET /public/swagger/swagger-ui-init.js 
[2025-04-26T18:44:38.519Z] METHOD: GET /public/swagger/favicon-32x32.png 
[2025-04-26T18:44:43.417Z] METHOD: GET /v1/disponibilidades 
[2025-04-26T18:57:55.990Z] METHOD: GET /public/swagger/ 
[2025-04-26T18:57:56.004Z] METHOD: GET /public/swagger/swagger-ui.css 
[2025-04-26T18:57:56.006Z] METHOD: GET /public/swagger/swagger-ui-bundle.js 
[2025-04-26T18:57:56.007Z] METHOD: GET /public/swagger/swagger-ui-standalone-preset.js 
[2025-04-26T18:57:56.008Z] METHOD: GET /public/swagger/swagger-ui-init.js 
[2025-04-26T18:57:56.282Z] METHOD: GET /public/swagger/favicon-32x32.png 
[2025-04-26T18:58:01.778Z] METHOD: POST /v1/auth/login 
[2025-04-26T18:58:12.065Z] METHOD: GET /v1/disponibilidades 
[2025-04-26T18:58:22.920Z] METHOD: GET /v1/disponibilidades 
[2025-04-26T18:59:00.395Z] METHOD: GET /v1/disponibilidades 
[2025-04-26T18:59:58.400Z] METHOD: GET / 
[2025-04-26T19:00:00.399Z] METHOD: GET /public/swagger/ 
[2025-04-26T19:00:00.408Z] METHOD: GET /public/swagger/swagger-ui.css 
[2025-04-26T19:00:00.409Z] METHOD: GET /public/swagger/swagger-ui-bundle.js 
[2025-04-26T19:00:00.410Z] METHOD: GET /public/swagger/swagger-ui-standalone-preset.js 
[2025-04-26T19:00:00.421Z] METHOD: GET /public/swagger/swagger-ui-init.js 
[2025-04-26T19:00:04.951Z] METHOD: POST /v1/auth/login 
[2025-04-26T19:00:15.194Z] METHOD: GET /v1/disponibilidades 
[2025-04-26T19:04:27.834Z] METHOD: GET /public/swagger/ 
[2025-04-26T19:04:27.848Z] METHOD: GET /public/swagger/swagger-ui.css 
[2025-04-26T19:04:27.850Z] METHOD: GET /public/swagger/swagger-ui-bundle.js 
[2025-04-26T19:04:27.851Z] METHOD: GET /public/swagger/swagger-ui-standalone-preset.js 
[2025-04-26T19:04:27.852Z] METHOD: GET /public/swagger/swagger-ui-init.js 
[2025-04-26T19:04:28.362Z] METHOD: GET /public/swagger/favicon-32x32.png 
[2025-04-26T19:04:32.584Z] METHOD: POST /v1/auth/login 
[2025-04-26T19:04:42.794Z] METHOD: GET /v1/disponibilidades 
[2025-04-26T19:05:13.715Z] METHOD: POST /v1/disponibilidades 
[2025-04-26T19:30:52.705Z] METHOD: GET /public/swagger/ 
[2025-04-26T19:30:52.720Z] METHOD: GET /public/swagger/swagger-ui.css 
[2025-04-26T19:30:52.720Z] METHOD: GET /public/swagger/swagger-ui-init.js 
[2025-04-26T19:30:52.722Z] METHOD: GET /public/swagger/swagger-ui-bundle.js 
[2025-04-26T19:30:52.722Z] METHOD: GET /public/swagger/swagger-ui-standalone-preset.js 
[2025-04-26T19:30:53.010Z] METHOD: GET /public/swagger/favicon-32x32.png 
[2025-04-26T19:30:55.657Z] METHOD: POST /v1/disponibilidades 
[2025-04-26T19:31:00.096Z] METHOD: POST /v1/auth/login 
[2025-04-26T19:31:10.275Z] METHOD: POST /v1/disponibilidades 
[2025-04-26T21:24:55.549Z] METHOD: POST /v1/disponibilidades 
[2025-04-26T21:25:00.546Z] METHOD: POST /v1/auth/login 
[2025-04-26T21:25:12.323Z] METHOD: GET /v1/disponibilidades 
[2025-04-26T21:25:15.653Z] METHOD: POST /v1/disponibilidades 
[2025-04-26T21:27:41.166Z] METHOD: GET /public/swagger/ 
[2025-04-26T21:27:41.180Z] METHOD: GET /public/swagger/swagger-ui.css 
[2025-04-26T21:27:41.183Z] METHOD: GET /public/swagger/swagger-ui-bundle.js 
[2025-04-26T21:27:41.183Z] METHOD: GET /public/swagger/swagger-ui-standalone-preset.js 
[2025-04-26T21:27:41.184Z] METHOD: GET /public/swagger/swagger-ui-init.js 
[2025-04-26T21:27:41.465Z] METHOD: GET /public/swagger/favicon-32x32.png 
[2025-04-26T21:28:20.519Z] METHOD: POST /v1/auth/signup 
[2025-04-26T21:28:26.214Z] METHOD: POST /v1/auth/login 
[2025-04-26T21:35:36.991Z] METHOD: GET /public/swagger/ 
[2025-04-26T21:35:37.005Z] METHOD: GET /public/swagger/swagger-ui.css 
[2025-04-26T21:35:37.006Z] METHOD: GET /public/swagger/swagger-ui-bundle.js 
[2025-04-26T21:35:37.007Z] METHOD: GET /public/swagger/swagger-ui-standalone-preset.js 
[2025-04-26T21:35:37.008Z] METHOD: GET /public/swagger/swagger-ui-init.js 
[2025-04-26T21:35:37.290Z] METHOD: GET /public/swagger/favicon-32x32.png 
[2025-04-26T21:35:41.062Z] METHOD: POST /v1/auth/login 
[2025-04-26T21:39:04.088Z] METHOD: POST /v1/usuarios 
[2025-04-26T21:39:04.147Z] METHOD: POST /v1/usuarios 
[2025-04-26T21:39:04.203Z] METHOD: POST /v1/usuarios 
[2025-04-26T21:39:04.257Z] METHOD: POST /v1/proveedores 
[2025-04-26T21:39:04.264Z] METHOD: POST /v1/proveedores 
[2025-04-26T21:39:04.270Z] METHOD: POST /v1/empresas-inmobiliarias 
[2025-04-26T21:39:04.275Z] METHOD: POST /v1/empresas-inmobiliarias 
[2025-04-26T21:40:46.482Z] METHOD: POST /v1/usuarios 
[2025-04-26T21:40:46.536Z] METHOD: POST /v1/usuarios 
[2025-04-26T21:40:46.590Z] METHOD: POST /v1/usuarios 
[2025-04-26T21:40:46.644Z] METHOD: POST /v1/proveedores 
[2025-04-26T21:40:46.649Z] METHOD: POST /v1/proveedores 
[2025-04-26T21:40:46.653Z] METHOD: POST /v1/empresas-inmobiliarias 
[2025-04-26T21:40:46.657Z] METHOD: POST /v1/empresas-inmobiliarias 
[2025-04-26T21:42:59.236Z] METHOD: POST /v1/usuarios 
[2025-04-26T21:42:59.295Z] METHOD: POST /v1/usuarios 
[2025-04-26T21:42:59.353Z] METHOD: POST /v1/usuarios 
[2025-04-26T21:42:59.407Z] METHOD: POST /v1/proveedores 
[2025-04-26T21:42:59.411Z] METHOD: POST /v1/proveedores 
[2025-04-26T21:42:59.415Z] METHOD: POST /v1/empresas-inmobiliarias 
[2025-04-26T21:42:59.419Z] METHOD: POST /v1/empresas-inmobiliarias 
[2025-04-26T21:42:59.424Z] METHOD: POST /v1/edificios 
[2025-04-26T21:42:59.430Z] METHOD: POST /v1/edificios 
[2025-04-26T21:43:34.500Z] METHOD: GET /public/swagger/ 
[2025-04-26T21:43:34.515Z] METHOD: GET /public/swagger/swagger-ui.css 
[2025-04-26T21:43:34.519Z] METHOD: GET /public/swagger/swagger-ui-bundle.js 
[2025-04-26T21:43:34.519Z] METHOD: GET /public/swagger/swagger-ui-standalone-preset.js 
[2025-04-26T21:43:34.521Z] METHOD: GET /public/swagger/swagger-ui-init.js 
[2025-04-26T21:43:34.762Z] METHOD: GET /public/swagger/favicon-32x32.png 
[2025-04-26T21:43:40.099Z] METHOD: POST /v1/auth/login 
[2025-04-26T21:44:04.886Z] METHOD: POST /v1/usuarios 
[2025-04-26T21:44:04.961Z] METHOD: POST /v1/usuarios 
[2025-04-26T21:44:05.021Z] METHOD: POST /v1/usuarios 
[2025-04-26T21:44:05.077Z] METHOD: POST /v1/proveedores 
[2025-04-26T21:44:05.086Z] METHOD: POST /v1/proveedores 
[2025-04-26T21:44:05.093Z] METHOD: POST /v1/empresas-inmobiliarias 
[2025-04-26T21:44:05.099Z] METHOD: POST /v1/empresas-inmobiliarias 
[2025-04-26T21:45:35.537Z] METHOD: POST /v1/usuarios 
[2025-04-26T21:45:35.593Z] METHOD: POST /v1/usuarios 
[2025-04-26T21:45:35.649Z] METHOD: POST /v1/usuarios 
[2025-04-26T21:45:35.705Z] METHOD: POST /v1/proveedores 
[2025-04-26T21:45:35.709Z] METHOD: POST /v1/proveedores 
[2025-04-26T21:45:35.714Z] METHOD: POST /v1/empresas-inmobiliarias 
[2025-04-26T21:45:35.719Z] METHOD: POST /v1/empresas-inmobiliarias 
[2025-04-26T21:46:09.592Z] METHOD: POST /v1/usuarios 
[2025-04-26T21:46:09.651Z] METHOD: POST /v1/usuarios 
[2025-04-26T21:46:09.708Z] METHOD: POST /v1/usuarios 
[2025-04-26T21:46:09.764Z] METHOD: POST /v1/proveedores 
[2025-04-26T21:46:09.776Z] METHOD: POST /v1/proveedores 
[2025-04-26T21:46:09.781Z] METHOD: POST /v1/empresas-inmobiliarias 
[2025-04-26T21:46:09.803Z] METHOD: POST /v1/empresas-inmobiliarias 
[2025-04-26T21:46:09.808Z] METHOD: POST /v1/edificios 
[2025-04-26T21:46:09.816Z] METHOD: POST /v1/edificios 
[2025-04-26T22:02:59.091Z] METHOD: GET /public/swagger/ 
[2025-04-26T22:02:59.101Z] METHOD: GET /public/swagger/swagger-ui.css 
[2025-04-26T22:02:59.104Z] METHOD: GET /public/swagger/swagger-ui-bundle.js 
[2025-04-26T22:02:59.104Z] METHOD: GET /public/swagger/swagger-ui-standalone-preset.js 
[2025-04-26T22:02:59.104Z] METHOD: GET /public/swagger/swagger-ui-init.js 
[2025-04-26T22:02:59.386Z] METHOD: GET /public/swagger/favicon-32x32.png 
[2025-04-26T22:03:04.839Z] METHOD: POST /v1/auth/login 
[2025-04-26T22:03:31.603Z] METHOD: POST /v1/auth/signup 
[2025-04-26T22:03:36.635Z] METHOD: POST /v1/auth/login 
[2025-04-26T22:14:42.329Z] METHOD: POST /v1/usuarios 
[2025-04-26T22:14:42.392Z] METHOD: POST /v1/usuarios 
[2025-04-26T22:14:42.447Z] METHOD: POST /v1/usuarios 
[2025-04-26T22:14:42.501Z] METHOD: POST /v1/edificios 
[2025-04-26T22:14:42.505Z] METHOD: POST /v1/edificios 
[2025-04-26T22:14:42.507Z] METHOD: POST /v1/proveedores 
[2025-04-26T22:14:42.514Z] METHOD: POST /v1/proveedores 
[2025-04-26T22:14:42.519Z] METHOD: POST /v1/proveedores 
[2025-04-26T22:14:42.525Z] METHOD: POST /v1/empresasInmobiliarias 
[2025-04-26T22:14:42.531Z] METHOD: POST /v1/empresasInmobiliarias 
[2025-04-26T22:14:42.534Z] METHOD: POST /v1/membresias 
[2025-04-26T22:14:42.561Z] METHOD: POST /v1/membresias 
[2025-04-26T22:14:42.564Z] METHOD: POST /v1/membresias 
[2025-04-26T22:14:42.567Z] METHOD: POST /v1/promociones 
[2025-04-26T22:14:42.592Z] METHOD: POST /v1/promociones 
[2025-04-26T22:14:42.596Z] METHOD: POST /v1/promociones 
[2025-04-26T22:14:42.600Z] METHOD: POST /v1/auth/login 
[2025-04-26T22:14:42.655Z] METHOD: GET /v1/oficinas/filtrar?capacidadMinima=5&estado=disponible 
[2025-04-26T22:14:42.659Z] METHOD: GET /v1/salasReunion/filtrar?configuracion=mesa_redonda&capacidadMinima=8 
[2025-04-26T22:14:42.662Z] METHOD: GET /v1/promociones/filtrar?activo=True&vigente=True 
[2025-04-26T22:14:42.666Z] METHOD: GET /v1/edificios/filtrar?activo=True&accesibilidad=True 
[2025-04-26T22:14:42.670Z] METHOD: GET /v1/serviciosAdicionales/filtrar?tipo=catering&precioMaximo=100 
[2025-04-26T22:15:45.774Z] METHOD: GET /public/swagger 
[2025-04-26T22:15:45.780Z] METHOD: GET /public/swagger/ 
[2025-04-26T22:15:45.794Z] METHOD: GET /public/swagger/swagger-ui.css 
[2025-04-26T22:15:45.797Z] METHOD: GET /public/swagger/swagger-ui-bundle.js 
[2025-04-26T22:15:45.797Z] METHOD: GET /public/swagger/swagger-ui-standalone-preset.js 
[2025-04-26T22:15:45.798Z] METHOD: GET /public/swagger/swagger-ui-init.js 
[2025-04-26T22:16:05.144Z] METHOD: POST /v1/auth/signup 
[2025-04-26T22:16:08.459Z] METHOD: POST /v1/auth/login 
[2025-04-26T22:16:27.897Z] METHOD: POST /v1/usuarios 
[2025-04-26T22:16:27.967Z] METHOD: POST /v1/usuarios 
[2025-04-26T22:16:27.971Z] METHOD: POST /v1/usuarios 
[2025-04-26T22:16:28.029Z] METHOD: POST /v1/edificios 
[2025-04-26T22:16:28.033Z] METHOD: POST /v1/edificios 
[2025-04-26T22:16:28.036Z] METHOD: POST /v1/proveedores 
[2025-04-26T22:16:28.046Z] METHOD: POST /v1/proveedores 
[2025-04-26T22:16:28.053Z] METHOD: POST /v1/proveedores 
[2025-04-26T22:16:28.058Z] METHOD: POST /v1/empresasInmobiliarias 
[2025-04-26T22:16:28.063Z] METHOD: POST /v1/empresasInmobiliarias 
[2025-04-26T22:16:28.067Z] METHOD: POST /v1/membresias 
[2025-04-26T22:16:28.070Z] METHOD: POST /v1/membresias 
[2025-04-26T22:16:28.077Z] METHOD: POST /v1/membresias 
[2025-04-26T22:16:28.083Z] METHOD: POST /v1/promociones 
[2025-04-26T22:16:28.090Z] METHOD: POST /v1/promociones 
[2025-04-26T22:16:28.095Z] METHOD: POST /v1/promociones 
[2025-04-26T22:16:28.100Z] METHOD: POST /v1/auth/login 
[2025-04-26T22:16:28.158Z] METHOD: GET /v1/oficinas/filtrar?capacidadMinima=5&estado=disponible 
[2025-04-26T22:16:28.162Z] METHOD: GET /v1/salasReunion/filtrar?configuracion=mesa_redonda&capacidadMinima=8 
[2025-04-26T22:16:28.165Z] METHOD: GET /v1/promociones/filtrar?activo=True&vigente=True 
[2025-04-26T22:16:28.169Z] METHOD: GET /v1/edificios/filtrar?activo=True&accesibilidad=True 
[2025-04-26T22:16:28.174Z] METHOD: GET /v1/serviciosAdicionales/filtrar?tipo=catering&precioMaximo=100 
