[2025-04-28T21:06:54.211Z] METHOD: GET / 
[2025-04-28T21:07:06.824Z] METHOD: GET /public/swagger 
[2025-04-28T21:07:06.828Z] METHOD: GET /public/swagger/ 
[2025-04-28T21:07:06.835Z] METHOD: GET /public/swagger/swagger-ui.css 
[2025-04-28T21:07:06.837Z] METHOD: GET /public/swagger/swagger-ui-bundle.js 
[2025-04-28T21:07:06.837Z] METHOD: GET /public/swagger/swagger-ui-standalone-preset.js 
[2025-04-28T21:07:06.846Z] METHOD: GET /public/swagger/swagger-ui-init.js 
[2025-04-28T21:07:47.246Z] METHOD: GET /v1/servicios-adicionales 
[2025-04-28T21:07:52.597Z] METHOD: POST /v1/auth/login 
[2025-04-28T21:08:04.613Z] METHOD: GET /v1/servicios-adicionales 
[2025-04-28T21:08:09.804Z] METHOD: POST /v1/servicios-adicionales 
[2025-04-28T21:08:53.808Z] METHOD: POST /v1/servicios-adicionales 
[2025-04-28T21:09:59.171Z] METHOD: GET /v1/servicios-adicionales/680fee657d91fdc5dfc6d01a 
[2025-04-28T21:10:03.896Z] METHOD: PUT /v1/servicios-adicionales/680fee657d91fdc5dfc6d01a 
[2025-04-28T21:10:09.915Z] METHOD: DELETE /v1/servicios-adicionales/680fee657d91fdc5dfc6d01a 
[2025-04-28T21:10:25.761Z] METHOD: GET /v1/servicios-adicionales/tipo/catering 
[2025-04-28T21:10:32.720Z] METHOD: GET /v1/servicios-adicionales/proveedor/680e9af1d3dc5564ab1e377c 
[2025-04-28T21:10:45.041Z] METHOD: GET /v1/servicios-adicionales/espacio/680e9f4dcf6704bf2a60f933 
[2025-04-28T21:10:57.512Z] METHOD: GET /v1/servicios-adicionales/precio?precioMin=100&precioMax=200 
[2025-04-28T21:11:09.609Z] METHOD: GET /v1/servicios-adicionales/unidad-precio/por_uso 
[2025-04-28T21:11:10.972Z] METHOD: GET /v1/servicios-adicionales/unidad-precio/por_hora 
[2025-04-28T21:11:12.281Z] METHOD: GET /v1/servicios-adicionales/unidad-precio/por_persona 
[2025-04-28T21:11:24.011Z] METHOD: GET /v1/servicios-adicionales/disponibles?fecha=2025-04-28 
[2025-04-28T21:11:36.384Z] METHOD: PUT /v1/servicios-adicionales/680fee657d91fdc5dfc6d01a/activar 
[2025-04-28T21:11:46.765Z] METHOD: PUT /v1/servicios-adicionales/680fee657d91fdc5dfc6d01a/precio 
[2025-04-28T21:12:23.838Z] METHOD: PUT /v1/servicios-adicionales/680fee657d91fdc5dfc6d01a 
[2025-04-28T21:12:30.371Z] METHOD: PUT /v1/servicios-adicionales/680fee657d91fdc5dfc6d01a/disponibilidad 
[2025-04-28T21:13:00.870Z] METHOD: POST /v1/servicios-adicionales/680fee657d91fdc5dfc6d01a/espacio 
[2025-04-28T21:13:31.953Z] METHOD: DELETE /v1/servicios-adicionales/680fee657d91fdc5dfc6d01a/espacio/680e9f4dcf6704bf2a60f933 
[2025-04-28T21:13:36.841Z] METHOD: GET /v1/servicios-adicionales/aprobacion 
[2025-04-28T21:14:08.348Z] METHOD: GET /v1/promociones 
[2025-04-28T21:14:25.643Z] METHOD: POST /v1/promociones 
[2025-04-28T21:14:37.896Z] METHOD: POST /v1/promociones 
[2025-04-28T21:18:31.960Z] METHOD: POST /v1/promociones 
[2025-04-28T21:19:28.072Z] METHOD: POST /v1/promociones 
[2025-04-28T21:19:39.063Z] METHOD: GET /v1/promociones/680ff0e0bab0a2c7ce5f73be 
[2025-04-28T21:19:43.056Z] METHOD: PUT /v1/promociones/680ff0e0bab0a2c7ce5f73be 
[2025-04-28T21:19:48.210Z] METHOD: DELETE /v1/promociones/680ff0e0bab0a2c7ce5f73be 
[2025-04-28T21:19:59.038Z] METHOD: GET /v1/promociones/codigo/PROMO202505 
[2025-04-28T21:20:03.584Z] METHOD: GET /v1/promociones/activas 
[2025-04-28T21:20:15.110Z] METHOD: GET /v1/promociones/tipo/porcentaje 
[2025-04-28T21:20:27.606Z] METHOD: GET /v1/promociones/tipo/porcentaje 
[2025-04-28T21:20:39.274Z] METHOD: GET /v1/promociones/entidad?entidad=oficina&entidadId=680ea062cf6704bf2a60f954 
[2025-04-28T21:20:50.937Z] METHOD: GET /v1/promociones/entidad?entidad=oficina&entidadId=680ea062cf6704bf2a60f954 
[2025-04-28T21:21:14.793Z] METHOD: GET /v1/promociones/fechas?fechaInicio=2025-05-01&fechaFin=2025-05-31 
[2025-04-28T21:21:31.387Z] METHOD: PUT /v1/promociones/680ff0e0bab0a2c7ce5f73be/activar 
[2025-04-28T21:21:38.062Z] METHOD: PUT /v1/promociones/680ff0e0bab0a2c7ce5f73be/activar 
[2025-04-28T21:21:45.048Z] METHOD: PUT /v1/promociones/680ff0e0bab0a2c7ce5f73be/incrementar-usos 
[2025-04-28T21:21:53.188Z] METHOD: PUT /v1/promociones/680ff0e0bab0a2c7ce5f73be/incrementar-usos 
[2025-04-28T21:21:59.557Z] METHOD: POST /v1/promociones/validar 
[2025-04-28T21:22:06.250Z] METHOD: POST /v1/promociones/validar 
[2025-04-28T21:22:18.617Z] METHOD: GET /v1/promociones/proximas-expirar?diasRestantes=7 
[2025-04-28T21:22:27.628Z] METHOD: GET /v1/promociones/proximas-expirar?diasRestantes=10 
[2025-04-28T21:22:34.685Z] METHOD: GET /v1/promociones/proximas-expirar?diasRestantes=100 
[2025-04-28T21:22:50.826Z] METHOD: PUT /v1/promociones/680ff0e0bab0a2c7ce5f73be/aplicabilidad 
[2025-04-28T21:23:01.742Z] METHOD: PUT /v1/promociones/680ff0e0bab0a2c7ce5f73be/aplicabilidad 
[2025-04-28T21:23:47.251Z] METHOD: GET /v1/reservas 
[2025-04-28T21:23:50.068Z] METHOD: POST /v1/reservas 
[2025-04-28T21:24:09.785Z] METHOD: POST /v1/reservas 
[2025-04-28T21:24:45.062Z] METHOD: GET /v1/reservas/680ff1f923470441779372d6 
[2025-04-28T21:24:49.956Z] METHOD: PUT /v1/reservas/680ff1f923470441779372d6 
[2025-04-28T21:24:54.651Z] METHOD: DELETE /v1/reservas/680ff1f923470441779372d6 
[2025-04-28T21:25:06.252Z] METHOD: POST /v1/reservas 
[2025-04-28T21:25:14.678Z] METHOD: GET /v1/reservas/usuario/680e99bbd3dc5564ab1e3741 
[2025-04-28T21:25:30.553Z] METHOD: GET /v1/reservas/entidad/oficina/680ea062cf6704bf2a60f954 
[2025-04-28T21:25:35.580Z] METHOD: GET /v1/reservas/pendientes 
[2025-04-28T21:26:01.314Z] METHOD: GET /v1/reservas/fecha?fechaInicio=2025-05-10&fechaFin=2025-05-10 
[2025-04-28T21:26:18.482Z] METHOD: PUT /v1/reservas/680ff1f923470441779372d6/estado 
[2025-04-28T21:26:33.342Z] METHOD: PUT /v1/reservas/680ff2323eef511ba5d95cbb/estado 
[2025-04-28T21:26:41.625Z] METHOD: PUT /v1/reservas/680ff2323eef511ba5d95cbb/aprobar 
[2025-04-28T21:26:47.558Z] METHOD: PUT /v1/reservas/680ff2323eef511ba5d95cbb/rechazar 
[2025-04-28T21:26:58.848Z] METHOD: PUT /v1/reservas/680ff2323eef511ba5d95cbb/rechazar 
[2025-04-28T21:27:07.163Z] METHOD: GET /v1/reservas/recurrentes 
[2025-04-28T21:27:27.575Z] METHOD: PUT /v1/reservas/680e99bbd3dc5564ab1e3741/pago 
[2025-04-28T21:27:34.404Z] METHOD: PUT /v1/reservas/680ff1f923470441779372d6/pago 
[2025-04-28T21:27:42.170Z] METHOD: PUT /v1/reservas/680ff2323eef511ba5d95cbb/pago 
[2025-04-28T21:28:20.757Z] METHOD: POST /v1/reservas/cancelar 
[2025-04-28T21:28:52.926Z] METHOD: GET /v1/reservas-servicio 
[2025-04-28T21:28:56.355Z] METHOD: POST /v1/reservas-servicio 
[2025-04-28T21:29:35.547Z] METHOD: POST /v1/reservas-servicio 
[2025-04-28T21:29:52.869Z] METHOD: POST /v1/reservas-servicio 
[2025-04-28T21:30:16.509Z] METHOD: POST /v1/reservas-servicio 
[2025-04-28T21:31:14.145Z] METHOD: GET /v1/reservas-servicio/680ff368cbd23fec0153d404 
[2025-04-28T21:31:20.216Z] METHOD: PUT /v1/reservas-servicio/680ff368cbd23fec0153d404 
[2025-04-28T21:31:25.048Z] METHOD: DELETE /v1/reservas-servicio/680ff368cbd23fec0153d404 
[2025-04-28T21:31:27.861Z] METHOD: POST /v1/reservas-servicio 
[2025-04-28T21:31:42.415Z] METHOD: GET /v1/reservas-servicio/usuario/60f7e2a4b5c6d7e8f9a0b1d3 
[2025-04-28T21:31:48.035Z] METHOD: GET /v1/reservas-servicio/servicio/680fee657d91fdc5dfc6d01a 
[2025-04-28T21:32:10.725Z] METHOD: GET /v1/reservas-servicio/reserva-espacio/680ff2323eef511ba5d95cbb 
[2025-04-28T21:32:21.901Z] METHOD: GET /v1/reservas-servicio/estado/pendiente 
[2025-04-28T21:32:28.582Z] METHOD: PUT /v1/reservas-servicio/680ff2323eef511ba5d95cbb/estado 
[2025-04-28T21:32:36.525Z] METHOD: PUT /v1/reservas-servicio/680ff2323eef511ba5d95cbb/estado 
[2025-04-28T21:32:43.930Z] METHOD: PUT /v1/reservas-servicio/680ff368cbd23fec0153d404/estado 
[2025-04-28T21:32:50.720Z] METHOD: PUT /v1/reservas-servicio/680ff3af6e3c0367a257248f/estado 
[2025-04-28T21:32:55.988Z] METHOD: PUT /v1/reservas-servicio/680ff3af6e3c0367a257248f/confirmar 
[2025-04-28T21:33:01.298Z] METHOD: PUT /v1/reservas-servicio/680ff3af6e3c0367a257248f/cancelar 
[2025-04-28T21:33:05.940Z] METHOD: PUT /v1/reservas-servicio/680ff3af6e3c0367a257248f/completar 
[2025-04-28T21:33:23.816Z] METHOD: POST /v1/reservas-servicio/aprobar-rechazar 
[2025-04-28T21:33:32.512Z] METHOD: POST /v1/reservas-servicio/aprobar-rechazar 
[2025-04-28T21:34:27.086Z] METHOD: POST /v1/reservas-servicio/aprobar-rechazar 
[2025-04-28T21:34:31.471Z] METHOD: POST /v1/reservas-servicio/aprobar-rechazar 
[2025-04-28T21:36:05.553Z] METHOD: GET /v1/pagos 
[2025-04-28T21:36:09.333Z] METHOD: POST /v1/pagos 
[2025-04-28T21:36:42.325Z] METHOD: POST /v1/pagos 
[2025-04-28T21:37:32.719Z] METHOD: GET /v1/pagos/680ff4eab974073fe3a6d10b 
[2025-04-28T21:37:42.580Z] METHOD: PUT /v1/pagos/680ff4eab974073fe3a6d10b 
[2025-04-28T21:37:48.218Z] METHOD: DELETE /v1/pagos/680ff4eab974073fe3a6d10b 
[2025-04-28T21:38:02.479Z] METHOD: POST /v1/pagos 
[2025-04-28T21:38:04.305Z] METHOD: GET /v1/pagos/usuario/680ff4eab974073fe3a6d10b 
[2025-04-28T21:38:05.838Z] METHOD: GET /v1/pagos/usuario/60f7e2a4b5c6d7e8f9a0b1c2 
[2025-04-28T21:38:09.227Z] METHOD: GET /v1/pagos/concepto/reserva 
[2025-04-28T21:38:12.837Z] METHOD: GET /v1/pagos/estado/pendiente 
[2025-04-28T21:38:18.358Z] METHOD: PUT /v1/pagos/60f7e2a4b5c6d7e8f9a0b1c2/estado 
[2025-04-28T21:38:25.571Z] METHOD: PUT /v1/pagos/680ff53a4836177349b59775/estado 
[2025-04-28T21:38:30.495Z] METHOD: PUT /v1/pagos/680ff53a4836177349b59775/completar 
[2025-04-28T21:38:42.977Z] METHOD: POST /v1/pagos/reembolsar 
[2025-04-28T21:38:51.939Z] METHOD: PUT /v1/pagos/680ff53a4836177349b59775/factura 
[2025-04-28T21:39:24.919Z] METHOD: GET /v1/facturas 
[2025-04-28T21:39:38.036Z] METHOD: POST /v1/facturas 
[2025-04-28T21:39:50.269Z] METHOD: POST /v1/facturas 
[2025-04-28T21:39:59.785Z] METHOD: GET /v1/facturas/680ff5a64836177349b5978b 
[2025-04-28T21:40:07.696Z] METHOD: PUT /v1/facturas/680ff5a64836177349b5978b 
[2025-04-28T21:40:14.767Z] METHOD: PUT /v1/facturas/680ff5a64836177349b5978b 
[2025-04-28T21:40:28.120Z] METHOD: DELETE /v1/facturas/680ff5a64836177349b5978b 
[2025-04-28T21:40:33.514Z] METHOD: POST /v1/facturas 
[2025-04-28T21:40:44.947Z] METHOD: GET /v1/facturas/numero/680ff5d14836177349b59796 
[2025-04-28T21:40:50.689Z] METHOD: GET /v1/facturas/numero/680ff5d14836177349b59796 
[2025-04-28T21:40:59.408Z] METHOD: GET /v1/facturas/numero/FAC-2025-0042 
[2025-04-28T21:41:07.723Z] METHOD: GET /v1/facturas/usuario/60d5c1a3e6f7b8c9d0e1f2a3 
[2025-04-28T21:41:18.446Z] METHOD: GET /v1/facturas/emisor?emisorId=60d5c1a3e6f7b8c9d0e1f2b4&tipoEmisor=plataforma 
[2025-04-28T21:41:21.052Z] METHOD: GET /v1/facturas/emisor?emisorId=60d5c1a3e6f7b8c9d0e1f2b4&tipoEmisor=inmobiliaria 
[2025-04-28T21:41:22.591Z] METHOD: GET /v1/facturas/emisor?emisorId=60d5c1a3e6f7b8c9d0e1f2b4&tipoEmisor=proveedor 
[2025-04-28T21:41:25.796Z] METHOD: GET /v1/facturas/emisor?emisorId=60d5c1a3e6f7b8c9d0e1f2b4 
[2025-04-28T21:41:45.533Z] METHOD: GET /v1/facturas/estado/pendiente 
[2025-04-28T21:41:49.209Z] METHOD: GET /v1/facturas/vencidas 
[2025-04-28T21:51:49.415Z] METHOD: POST /v1/facturas/680ff5d14836177349b59796/pago 
[2025-04-28T21:52:04.645Z] METHOD: PUT /v1/facturas/680ff4eab974073fe3a6d10b/pdf 
[2025-04-28T21:52:12.180Z] METHOD: PUT /v1/facturas/680ff5d14836177349b59796/pdf 
[2025-04-28T21:52:39.704Z] METHOD: POST /v1/facturas/generar-pdf 
[2025-04-28T21:53:01.419Z] METHOD: GET /v1/resenas 
[2025-04-28T21:53:17.325Z] METHOD: POST /v1/resenas 
[2025-04-28T21:54:34.277Z] METHOD: POST /v1/resenas 
[2025-04-28T21:57:06.065Z] METHOD: POST /v1/resenas 
[2025-04-28T21:57:20.439Z] METHOD: GET /v1/resenas/680ff9b24c2980295dac76b1 
[2025-04-28T21:57:26.396Z] METHOD: PUT /v1/resenas/680ff9b24c2980295dac76b1 
[2025-04-28T21:57:30.641Z] METHOD: DELETE /v1/resenas/680ff9b24c2980295dac76b1 
[2025-04-28T21:57:34.476Z] METHOD: POST /v1/resenas 
[2025-04-28T21:57:46.882Z] METHOD: GET /v1/resenas/usuario/60f7e2a4b5c6d7e8f9a0b1c2 
[2025-04-28T21:57:53.267Z] METHOD: GET /v1/resenas/entidad/oficina/680ea062cf6704bf2a60f954 
[2025-04-28T21:58:06.285Z] METHOD: GET /v1/resenas/reserva/680ff2323eef511ba5d95cbb 
[2025-04-28T21:58:13.336Z] METHOD: GET /v1/resenas/calificacion?calificacionMinima=5 
[2025-04-28T21:58:25.130Z] METHOD: GET /v1/resenas/pendientes-moderacion 
[2025-04-28T21:58:39.156Z] METHOD: PUT /v1/resenas/680ff9ce4c2980295dac76c4/estado 
[2025-04-28T21:58:47.612Z] METHOD: POST /v1/resenas/responder 
[2025-04-28T21:59:05.616Z] METHOD: POST /v1/resenas/moderar 
[2025-04-28T21:59:09.042Z] METHOD: POST /v1/resenas/moderar 
[2025-04-28T21:59:22.556Z] METHOD: GET /v1/resenas/promedio/oficina/680ea062cf6704bf2a60f954 
[2025-04-28T21:59:32.487Z] METHOD: GET /v1/notificaciones 
[2025-04-28T21:59:37.595Z] METHOD: POST /v1/notificaciones 
[2025-04-28T22:00:06.800Z] METHOD: POST /v1/notificaciones 
[2025-04-28T22:00:16.568Z] METHOD: POST /v1/notificaciones 
[2025-04-28T22:00:59.004Z] METHOD: GET /v1/notificaciones/680ffa704c2980295dac76d9 
[2025-04-28T22:01:03.895Z] METHOD: PUT /v1/notificaciones/680ffa704c2980295dac76d9 
[2025-04-28T22:03:40.772Z] METHOD: PUT /v1/notificaciones/680ffa704c2980295dac76d9 
[2025-04-28T22:04:02.622Z] METHOD: GET /v1/notificaciones/680ffa704c2980295dac76d9 
[2025-04-28T22:04:09.894Z] METHOD: DELETE /v1/notificaciones/680ffa704c2980295dac76d9 
[2025-04-28T22:04:31.772Z] METHOD: POST /v1/notificaciones 
[2025-04-28T22:04:44.654Z] METHOD: GET /v1/notificaciones/usuario/60f7e2a4b5c6d7e8f9a0b1c2?leidas=true 
[2025-04-28T22:04:46.255Z] METHOD: GET /v1/notificaciones/usuario/60f7e2a4b5c6d7e8f9a0b1c2?leidas=false 
[2025-04-28T22:05:06.252Z] METHOD: GET /v1/notificaciones/tipo/reserva?destinatarioId=680ff2323eef511ba5d95cbb 
[2025-04-28T22:05:22.941Z] METHOD: GET /v1/notificaciones/tipo/reserva?destinatarioId=60f7e2a4b5c6d7e8f9a0b1c2 
[2025-04-28T22:06:02.079Z] METHOD: POST /v1/notificaciones/leer 
[2025-04-28T22:06:08.323Z] METHOD: POST /v1/notificaciones/leer 
[2025-04-28T22:06:36.523Z] METHOD: POST /v1/notificaciones/leer 
[2025-04-28T22:08:20.788Z] METHOD: POST /v1/notificaciones/leer 
[2025-04-28T22:08:26.792Z] METHOD: POST /v1/auth/login 
[2025-04-28T22:08:36.921Z] METHOD: POST /v1/notificaciones/leer 
[2025-04-28T22:08:47.237Z] METHOD: PUT /v1/notificaciones/usuario/60f7e2a4b5c6d7e8f9a0b1c2/leer-todas 
[2025-04-28T22:08:57.490Z] METHOD: PUT /v1/notificaciones/usuario/60f7e2a4b5c6d7e8f9a0b1c2/leer-todas 
[2025-04-28T22:09:08.928Z] METHOD: DELETE /v1/notificaciones/expiradas?diasAntiguedad=30 
[2025-04-28T22:09:47.718Z] METHOD: GET /v1/notificaciones/entidad/reserva/680ff2323eef511ba5d95cbb 
[2025-04-28T22:20:56.765Z] METHOD: GET /public/swagger/ 
[2025-04-28T22:20:56.780Z] METHOD: GET /public/swagger/swagger-ui.css 
[2025-04-28T22:20:56.784Z] METHOD: GET /public/swagger/swagger-ui-bundle.js 
[2025-04-28T22:20:56.784Z] METHOD: GET /public/swagger/swagger-ui-standalone-preset.js 
[2025-04-28T22:20:56.785Z] METHOD: GET /public/swagger/swagger-ui-init.js 
[2025-04-28T22:20:57.263Z] METHOD: GET /public/swagger/favicon-32x32.png 
[2025-04-28T22:21:52.968Z] METHOD: POST /v1/membresias/suscribir 
[2025-04-28T22:21:58.146Z] METHOD: POST /v1/auth/login 
[2025-04-28T22:22:13.202Z] METHOD: POST /v1/membresias/suscribir 
[2025-04-28T22:23:34.725Z] METHOD: POST /v1/membresias/suscribir 
[2025-04-28T22:26:29.527Z] METHOD: PUT /v1/usuarios/680e99bbd3dc5564ab1e3741/membresia 
[2025-04-28T22:27:22.986Z] METHOD: PUT /v1/usuarios/680e99bbd3dc5564ab1e3741/membresia 
[2025-04-28T22:28:07.133Z] METHOD: PUT /v1/usuarios/680e99bbd3dc5564ab1e3741/membresia 
[2025-04-28T22:30:41.474Z] METHOD: GET /v1/proveedores/verificados 
[2025-04-28T22:33:49.333Z] METHOD: GET /v1/proveedores/verificados 
[2025-04-28T22:34:51.631Z] METHOD: GET /v1/proveedores/servicio/60d5ec9af682fbd12a0b4d8b 
[2025-04-28T22:35:08.160Z] METHOD: GET /v1/proveedores/servicio/680fee657d91fdc5dfc6d01a 
[2025-04-28T22:36:17.449Z] METHOD: POST /v1/proveedores/680e9af1d3dc5564ab1e377c/servicio 
[2025-04-28T22:37:06.608Z] METHOD: DELETE /v1/proveedores/680e9af1d3dc5564ab1e377c/servicio/680e9af1d3dc5564ab1e377c 
[2025-04-28T22:37:20.203Z] METHOD: GET /v1/proveedores/calificacion?calificacionMinima=4 
[2025-04-28T22:37:34.748Z] METHOD: GET /v1/proveedores/ranking/servicios?limite=5 
[2025-04-28T22:37:50.953Z] METHOD: GET /v1/proveedores/filtrar?tipo=empresa&servicioOfrecido=60d5ecb7f682fbd12a0b4d8d&verificado=true&activo=true 
[2025-04-28T22:38:03.152Z] METHOD: GET /v1/proveedores/filtrar?tipo=empresa&servicioOfrecido=680fee657d91fdc5dfc6d01a&verificado=true&activo=true 
[2025-04-28T22:40:50.628Z] METHOD: GET /v1/proveedores/filtrar?tipo=empresa&servicioOfrecido=680fee657d91fdc5dfc6d01a&verificado=true&activo=true 
[2025-04-28T22:42:20.056Z] METHOD: GET /v1/proveedores/filtrar?tipo=empresa&servicioOfrecido=680fee657d91fdc5dfc6d01a&verificado=true&activo=true 
[2025-04-28T22:42:29.634Z] METHOD: GET /v1/proveedores/filtrar?tipo=autonomo&servicioOfrecido=680fee657d91fdc5dfc6d01a&verificado=true&activo=true 
[2025-04-28T22:43:05.587Z] METHOD: GET /v1/empresas-inmobiliarias/verificadas 
[2025-04-28T22:45:51.526Z] METHOD: GET /v1/empresas-inmobiliarias/verificadas 
[2025-04-28T22:47:12.476Z] METHOD: POST /v1/edificios/680e9dcecf6704bf2a60f8fe/amenidad 
[2025-04-28T22:48:44.287Z] METHOD: POST /v1/edificios/680e9dcecf6704bf2a60f8fe/amenidad 
[2025-04-28T22:49:29.293Z] METHOD: DELETE /v1/edificios/680e9dcecf6704bf2a60f8fe/amenidad/680e9dcecf6704bf2a60f8ff 
[2025-04-28T22:49:51.160Z] METHOD: GET /v1/edificios/amenidad/cafeteria 
[2025-04-28T22:50:06.242Z] METHOD: PUT /v1/edificios/680e9dcecf6704bf2a60f8fe/horario 
[2025-04-28T22:51:15.336Z] METHOD: PUT /v1/edificios/680e9dcecf6704bf2a60f8fe/horario 
[2025-04-28T22:51:43.885Z] METHOD: GET /v1/edificios/cercanos?lat=-34.9011&lng=-56.1645&distanciaMaxima=5 
[2025-04-28T22:52:29.617Z] METHOD: GET /v1/edificios/cercanos?lat=-34.9011&lng=-56.1645&distanciaMaxima=5 
[2025-04-28T22:52:33.989Z] METHOD: GET /v1/edificios/cercanos?lat=-34.9011&lng=-56.1645&distanciaMaxima=5 
[2025-04-28T22:53:23.004Z] METHOD: GET /v1/edificios/cercanos?lat=-34.9011&lng=-56.1645&distanciaMaxima=5 
[2025-04-28T22:54:59.925Z] METHOD: GET /v1/edificios/cercanos?lat=-34.9011&lng=-56.1645&distanciaMaxima=5 
[2025-04-28T22:55:54.186Z] METHOD: GET /v1/edificios/cercanos?lat=-33.9011&lng=-54.1645&distanciaMaxima=5 
[2025-04-28T22:56:51.210Z] METHOD: GET /v1/edificios/cercanos?lat=-33.9011&lng=-54.1645&distanciaMaxima=5 
[2025-04-28T22:57:22.970Z] METHOD: POST /v1/edificios 
[2025-04-28T22:59:22.755Z] METHOD: POST /v1/edificios 
[2025-04-28T23:02:00.438Z] METHOD: GET /public/swagger/ 
[2025-04-28T23:02:00.453Z] METHOD: GET /public/swagger/swagger-ui.css 
[2025-04-28T23:02:00.455Z] METHOD: GET /public/swagger/swagger-ui-bundle.js 
[2025-04-28T23:02:00.456Z] METHOD: GET /public/swagger/swagger-ui-standalone-preset.js 
[2025-04-28T23:02:00.457Z] METHOD: GET /public/swagger/swagger-ui-init.js 
[2025-04-28T23:02:00.767Z] METHOD: GET /public/swagger/favicon-32x32.png 
[2025-04-28T23:02:14.455Z] METHOD: GET /public/swagger/ 
[2025-04-28T23:02:14.472Z] METHOD: GET /public/swagger/swagger-ui.css 
[2025-04-28T23:02:14.476Z] METHOD: GET /public/swagger/swagger-ui-bundle.js 
[2025-04-28T23:02:14.477Z] METHOD: GET /public/swagger/swagger-ui-standalone-preset.js 
[2025-04-28T23:02:14.477Z] METHOD: GET /public/swagger/swagger-ui-init.js 
[2025-04-28T23:02:14.706Z] METHOD: GET /public/swagger/favicon-32x32.png 
[2025-04-28T23:02:30.711Z] METHOD: GET /public/swagger/ 
[2025-04-28T23:02:30.726Z] METHOD: GET /public/swagger/swagger-ui.css 
[2025-04-28T23:02:30.728Z] METHOD: GET /public/swagger/swagger-ui-bundle.js 
[2025-04-28T23:02:30.730Z] METHOD: GET /public/swagger/swagger-ui-standalone-preset.js 
[2025-04-28T23:02:30.730Z] METHOD: GET /public/swagger/swagger-ui-init.js 
[2025-04-28T23:02:30.973Z] METHOD: GET /public/swagger/favicon-32x32.png 
[2025-04-28T23:02:36.304Z] METHOD: POST /v1/auth/login 
[2025-04-28T23:02:52.027Z] METHOD: GET /v1/edificios/cercanos?lat=-34.9011&lng=-56.1645&distanciaMaxima=5 
[2025-04-28T23:03:56.424Z] METHOD: GET /v1/edificios/filtrar 
[2025-04-28T23:05:51.611Z] METHOD: GET /v1/edificios/filtrar 
[2025-04-28T23:06:01.095Z] METHOD: GET /v1/edificios/filtrar?ciudad=ca 
[2025-04-28T23:06:03.589Z] METHOD: GET /v1/edificios/filtrar?ciudad=Montevideo 
[2025-04-28T23:07:03.391Z] METHOD: GET /v1/espacios/disponibles 
[2025-04-28T23:08:12.290Z] METHOD: GET /v1/espacios/disponibles?tipo=oficina 
[2025-04-28T23:21:00.767Z] METHOD: GET /v1/espacios/disponibles?tipo=oficina 
[2025-04-28T23:26:44.329Z] METHOD: GET /v1/espacios/disponibles?tipo=oficina 
[2025-04-28T23:27:10.018Z] METHOD: GET /v1/espacios/disponibles?tipo=sala_reunion 
[2025-04-28T23:27:34.502Z] METHOD: GET /v1/espacios/filtrar 
[2025-04-28T23:27:39.393Z] METHOD: GET /v1/espacios/filtrar?tipo=oficina 
[2025-04-28T23:28:08.891Z] METHOD: GET /v1/espacios/amenidades?amenidades=Wi-Fi 
[2025-04-28T23:28:17.061Z] METHOD: GET /v1/espacios/amenidades?amenidades=Wi-F 
[2025-04-28T23:29:24.216Z] METHOD: GET /v1/oficinas/edificio/680e9dcecf6704bf2a60f8fe 
[2025-04-28T23:45:57.411Z] METHOD: GET /public/swagger/ 
[2025-04-28T23:45:57.428Z] METHOD: GET /public/swagger/swagger-ui.css 
[2025-04-28T23:45:57.429Z] METHOD: GET /public/swagger/swagger-ui-bundle.js 
[2025-04-28T23:45:57.429Z] METHOD: GET /public/swagger/swagger-ui-init.js 
[2025-04-28T23:45:57.431Z] METHOD: GET /public/swagger/swagger-ui-standalone-preset.js 
[2025-04-28T23:45:57.659Z] METHOD: GET /public/swagger/favicon-32x32.png 
[2025-04-28T23:46:01.080Z] METHOD: POST /v1/auth/login 
[2025-04-28T23:47:41.917Z] METHOD: GET /public/swagger/ 
[2025-04-28T23:47:41.933Z] METHOD: GET /public/swagger/swagger-ui.css 
[2025-04-28T23:47:41.936Z] METHOD: GET /public/swagger/swagger-ui-bundle.js 
[2025-04-28T23:47:41.936Z] METHOD: GET /public/swagger/swagger-ui-standalone-preset.js 
[2025-04-28T23:47:41.937Z] METHOD: GET /public/swagger/swagger-ui-init.js 
[2025-04-28T23:47:42.211Z] METHOD: GET /public/swagger/favicon-32x32.png 
[2025-04-28T23:47:58.000Z] METHOD: GET /v1/oficinas/capacidad?capacidadMinima=2 
[2025-04-28T23:48:02.962Z] METHOD: POST /v1/auth/login 
[2025-04-28T23:48:11.598Z] METHOD: GET /v1/oficinas/capacidad?capacidadMinima=2 
[2025-04-28T23:52:24.779Z] METHOD: GET /v1/oficinas/capacidad?capacidadMinima=2 
[2025-04-28T23:52:41.990Z] METHOD: GET /v1/oficinas/capacidad?capacidadMinima=2 
[2025-04-28T23:53:10.601Z] METHOD: GET /v1/oficinas/precio?precioMin=1&precioMax=11111111&tipoPrecio=porDia 
[2025-04-28T23:54:13.538Z] METHOD: GET /v1/oficinas/disponibles?fecha=2025-04-27&horaInicio=08%3A00&horaFin=08%3A00 
[2025-04-28T23:54:20.354Z] METHOD: GET /v1/oficinas/disponibles?fecha=2025-04-27&horaInicio=08%3A00&horaFin=20%3A00 
[2025-04-28T23:55:42.994Z] METHOD: GET /v1/oficinas/disponibles?fecha=2025-04-27&horaInicio=08%3A00&horaFin=20%3A00 
