[2025-04-08T20:45:33.282Z] METHOD: GET /public/swagger 
[2025-04-08T20:45:40.796Z] METHOD: GET /public/swagger/ 
[2025-04-08T20:45:40.816Z] METHOD: GET /public/swagger/swagger-ui.css 
[2025-04-08T20:45:40.823Z] METHOD: GET /public/swagger/swagger-ui-standalone-preset.js 
[2025-04-08T20:45:40.823Z] METHOD: GET /public/swagger/swagger-ui-bundle.js 
[2025-04-08T20:45:40.824Z] METHOD: GET /public/swagger/swagger-ui-init.js 
[2025-04-08T20:45:41.295Z] METHOD: GET /public/swagger/favicon-32x32.png 
[2025-04-08T20:47:04.937Z] METHOD: GET /public/swagger/ 
[2025-04-08T20:47:04.949Z] METHOD: GET /public/swagger/swagger-ui.css 
[2025-04-08T20:47:04.954Z] METHOD: GET /public/swagger/swagger-ui-bundle.js 
[2025-04-08T20:47:04.953Z] METHOD: GET /public/swagger/swagger-ui-init.js 
[2025-04-08T20:47:04.954Z] METHOD: GET /public/swagger/swagger-ui-standalone-preset.js 
[2025-04-08T20:47:05.123Z] METHOD: GET /public/swagger/favicon-32x32.png 
[2025-04-08T20:47:11.186Z] METHOD: POST /auth/login 
[2025-04-08T20:47:30.703Z] METHOD: GET /espacios 
[2025-04-08T20:48:53.563Z] METHOD: POST /auth/login 
[2025-04-08T20:49:22.422Z] METHOD: POST /auth/signup 
[2025-04-08T20:49:34.722Z] METHOD: GET /v1/auth/login 
[2025-04-08T20:49:34.785Z] METHOD: GET /favicon.ico 
[2025-04-08T20:51:03.604Z] METHOD: GET /v1/auth/login 
[2025-04-08T20:51:03.629Z] METHOD: GET /favicon.ico 
[2025-04-08T20:51:04.865Z] METHOD: GET /v1/auth/login 
[2025-04-08T20:51:04.889Z] METHOD: GET /favicon.ico 
[2025-04-08T20:51:38.395Z] METHOD: GET /public/swagger/ 
[2025-04-08T20:51:38.408Z] METHOD: GET /public/swagger/swagger-ui.css 
[2025-04-08T20:51:38.409Z] METHOD: GET /public/swagger/swagger-ui-bundle.js 
[2025-04-08T20:51:38.411Z] METHOD: GET /public/swagger/swagger-ui-standalone-preset.js 
[2025-04-08T20:51:38.411Z] METHOD: GET /public/swagger/swagger-ui-init.js 
[2025-04-08T20:51:38.588Z] METHOD: GET /public/swagger/favicon-32x32.png 
[2025-04-08T20:51:49.558Z] METHOD: POST /v1/auth/login 
[2025-04-08T20:52:10.435Z] METHOD: POST /v1/auth/login 
[2025-04-08T20:53:12.050Z] METHOD: POST /v1/auth/signup 
[2025-04-08T20:53:57.974Z] METHOD: GET /public/swagger/ 
[2025-04-08T20:53:57.988Z] METHOD: GET /public/swagger/swagger-ui.css 
[2025-04-08T20:53:57.991Z] METHOD: GET /public/swagger/swagger-ui-bundle.js 
[2025-04-08T20:53:57.991Z] METHOD: GET /public/swagger/swagger-ui-standalone-preset.js 
[2025-04-08T20:53:57.992Z] METHOD: GET /public/swagger/swagger-ui-init.js 
[2025-04-08T20:53:58.171Z] METHOD: GET /public/swagger/favicon-32x32.png 
[2025-04-08T20:54:07.556Z] METHOD: POST /v1/auth/signup 
[2025-04-08T21:00:19.466Z] METHOD: GET /public/swagger/ 
[2025-04-08T21:00:19.479Z] METHOD: GET /public/swagger/swagger-ui.css 
[2025-04-08T21:00:19.482Z] METHOD: GET /public/swagger/swagger-ui-init.js 
[2025-04-08T21:00:19.483Z] METHOD: GET /public/swagger/swagger-ui-bundle.js 
[2025-04-08T21:00:19.483Z] METHOD: GET /public/swagger/swagger-ui-standalone-preset.js 
[2025-04-08T21:00:19.649Z] METHOD: GET /public/swagger/favicon-32x32.png 
[2025-04-08T21:00:28.664Z] METHOD: POST /v1/auth/signup 
[2025-04-08T21:00:34.373Z] METHOD: POST /v1/auth/signup 
[2025-04-08T21:00:44.084Z] METHOD: POST /v1/auth/login 
[2025-04-08T21:00:59.966Z] METHOD: GET /v1/espacios 
[2025-04-08T21:01:12.253Z] METHOD: GET /public/swagger/ 
[2025-04-08T21:01:12.264Z] METHOD: GET /public/swagger/swagger-ui.css 
[2025-04-08T21:01:12.266Z] METHOD: GET /public/swagger/swagger-ui-bundle.js 
[2025-04-08T21:01:12.267Z] METHOD: GET /public/swagger/swagger-ui-standalone-preset.js 
[2025-04-08T21:01:12.267Z] METHOD: GET /public/swagger/swagger-ui-init.js 
[2025-04-08T21:01:12.438Z] METHOD: GET /public/swagger/favicon-32x32.png 
[2025-04-08T21:01:17.596Z] METHOD: GET /public/swagger/ 
[2025-04-08T21:01:17.605Z] METHOD: GET /public/swagger/swagger-ui.css 
[2025-04-08T21:01:17.606Z] METHOD: GET /public/swagger/swagger-ui-bundle.js 
[2025-04-08T21:01:17.606Z] METHOD: GET /public/swagger/swagger-ui-standalone-preset.js 
[2025-04-08T21:01:17.607Z] METHOD: GET /public/swagger/swagger-ui-init.js 
[2025-04-08T21:01:17.688Z] METHOD: GET /public/swagger/favicon-32x32.png 
[2025-04-08T21:01:25.656Z] METHOD: POST /v1/auth/login 
[2025-04-08T21:02:05.158Z] METHOD: GET /v1/espacios 
[2025-04-08T21:03:33.421Z] METHOD: GET /v1/espacios 
[2025-04-08T21:03:40.827Z] METHOD: POST /v1/espacios 
[2025-04-08T21:03:48.298Z] METHOD: GET /v1/espacios/1 
[2025-04-08T21:03:49.840Z] METHOD: GET /v1/espacios/1 
[2025-04-08T21:04:00.388Z] METHOD: PUT /v1/espacios/1 
[2025-04-08T21:04:08.570Z] METHOD: DELETE /v1/espacios/1 
[2025-04-08T21:04:09.803Z] METHOD: DELETE /v1/espacios/1 
[2025-04-08T21:04:17.352Z] METHOD: GET /v1/membresias 
[2025-04-08T21:04:59.403Z] METHOD: POST /v1/auth/login 
