[2025-04-30T00:30:59.367Z] METHOD: GET /public/swagger/ 
[2025-04-30T00:30:59.378Z] METHOD: GET /public/swagger/swagger-ui.css 
[2025-04-30T00:30:59.379Z] METHOD: GET /public/swagger/swagger-ui-bundle.js 
[2025-04-30T00:30:59.379Z] METHOD: GET /public/swagger/swagger-ui-standalone-preset.js 
[2025-04-30T00:30:59.399Z] METHOD: GET /public/swagger/swagger-ui-init.js 
[2025-04-30T00:30:59.843Z] METHOD: GET /public/swagger/ 
[2025-04-30T00:30:59.859Z] METHOD: GET /public/swagger/swagger-ui.css 
[2025-04-30T00:30:59.863Z] METHOD: GET /public/swagger/swagger-ui-bundle.js 
[2025-04-30T00:30:59.864Z] METHOD: GET /public/swagger/swagger-ui-standalone-preset.js 
[2025-04-30T00:30:59.865Z] METHOD: GET /public/swagger/swagger-ui-init.js 
[2025-04-30T00:31:05.582Z] METHOD: POST /v1/auth/login 
[2025-04-30T00:31:10.688Z] METHOD: POST /v1/auth/signup 
[2025-04-30T00:31:16.587Z] METHOD: POST /v1/auth/login 
[2025-04-30T01:11:25.967Z] METHOD: GET /public/swagger/ 
[2025-04-30T01:11:25.982Z] METHOD: GET /public/swagger/swagger-ui.css 
[2025-04-30T01:11:25.983Z] METHOD: GET /public/swagger/swagger-ui-bundle.js 
[2025-04-30T01:11:25.983Z] METHOD: GET /public/swagger/swagger-ui-standalone-preset.js 
[2025-04-30T01:11:25.984Z] METHOD: GET /public/swagger/swagger-ui-init.js 
[2025-04-30T01:11:26.581Z] METHOD: GET /public/swagger/favicon-32x32.png 
[2025-04-30T01:11:29.036Z] METHOD: POST /v1/auth/login 
[2025-04-30T01:11:44.199Z] METHOD: GET /v1/disponibilidades 
[2025-04-30T01:11:48.273Z] METHOD: POST /v1/disponibilidades 
[2025-04-30T01:11:55.883Z] METHOD: GET /v1/disponibilidades 
[2025-04-30T01:12:00.653Z] METHOD: GET /v1/disponibilidades/681178d4175373d0f9f9b160 
[2025-04-30T01:18:12.345Z] METHOD: GET /v1/disponibilidades/681178d4175373d0f9f9b160 
[2025-04-30T01:18:24.359Z] METHOD: GET /v1/disponibilidades/681178d4175373d0f9f9b160 
[2025-04-30T01:18:29.703Z] METHOD: GET /v1/disponibilidades/681178d4175373d0f9f9b160 
[2025-04-30T01:18:37.445Z] METHOD: POST /v1/disponibilidades 
[2025-04-30T01:18:43.738Z] METHOD: GET /v1/disponibilidades/681178d4175373d0f9f9b160 
[2025-04-30T01:19:50.122Z] METHOD: GET /v1/disponibilidades/681178d4175373d0f9f9b160 
[2025-04-30T01:19:57.355Z] METHOD: POST /v1/disponibilidades 
[2025-04-30T01:20:14.009Z] METHOD: GET /v1/disponibilidades/68117a6dd36cfc0edb4f578a 
[2025-04-30T01:25:14.841Z] METHOD: GET /public/swagger/ 
[2025-04-30T01:25:14.856Z] METHOD: GET /public/swagger/swagger-ui.css 
[2025-04-30T01:25:14.859Z] METHOD: GET /public/swagger/swagger-ui-bundle.js 
[2025-04-30T01:25:14.859Z] METHOD: GET /public/swagger/swagger-ui-standalone-preset.js 
[2025-04-30T01:25:14.860Z] METHOD: GET /public/swagger/swagger-ui-init.js 
[2025-04-30T01:25:15.129Z] METHOD: GET /public/swagger/favicon-32x32.png 
[2025-04-30T01:25:17.613Z] METHOD: GET /public/swagger/ 
[2025-04-30T01:25:17.619Z] METHOD: GET /public/swagger/swagger-ui.css 
[2025-04-30T01:25:17.620Z] METHOD: GET /public/swagger/swagger-ui-bundle.js 
[2025-04-30T01:25:17.621Z] METHOD: GET /public/swagger/swagger-ui-standalone-preset.js 
[2025-04-30T01:25:17.629Z] METHOD: GET /public/swagger/swagger-ui-init.js 
[2025-04-30T01:25:21.561Z] METHOD: POST /v1/auth/login 
[2025-04-30T01:25:44.621Z] METHOD: GET /v1/disponibilidades 
[2025-04-30T01:25:53.373Z] METHOD: POST /v1/disponibilidades 
[2025-04-30T01:26:02.680Z] METHOD: GET /v1/disponibilidades 
[2025-04-30T01:26:15.233Z] METHOD: GET /v1/disponibilidades 
[2025-04-30T01:26:15.666Z] METHOD: GET /v1/disponibilidades 
[2025-04-30T01:26:23.154Z] METHOD: POST /v1/disponibilidades 
[2025-04-30T01:26:29.871Z] METHOD: GET /v1/disponibilidades 
[2025-04-30T01:26:40.427Z] METHOD: GET /v1/disponibilidades/681178d4175373d0f9f9b160 
[2025-04-30T01:26:51.241Z] METHOD: GET /v1/disponibilidades 
[2025-04-30T01:26:52.647Z] METHOD: GET /public/swagger/ 
[2025-04-30T01:26:52.659Z] METHOD: GET /public/swagger/swagger-ui.css 
[2025-04-30T01:26:52.660Z] METHOD: GET /public/swagger/swagger-ui-bundle.js 
[2025-04-30T01:26:52.661Z] METHOD: GET /public/swagger/swagger-ui-standalone-preset.js 
[2025-04-30T01:26:52.661Z] METHOD: GET /public/swagger/swagger-ui-init.js 
[2025-04-30T01:26:53.127Z] METHOD: GET /public/swagger/favicon-32x32.png 
[2025-04-30T01:26:57.066Z] METHOD: GET /v1/disponibilidades 
[2025-04-30T01:27:01.272Z] METHOD: POST /v1/auth/login 
[2025-04-30T01:27:11.103Z] METHOD: GET /v1/disponibilidades 
[2025-04-30T01:28:20.063Z] METHOD: GET /v1/disponibilidades 
[2025-04-30T01:28:49.890Z] METHOD: GET /v1/disponibilidades 
[2025-04-30T01:29:20.107Z] METHOD: GET /v1/disponibilidades 
[2025-04-30T01:29:26.671Z] METHOD: GET /v1/disponibilidades 
[2025-04-30T01:29:59.439Z] METHOD: GET /v1/disponibilidades 
[2025-04-30T01:31:26.749Z] METHOD: GET /v1/disponibilidades 
[2025-04-30T01:31:31.902Z] METHOD: GET /v1/disponibilidades 
[2025-04-30T01:31:34.015Z] METHOD: GET /v1/disponibilidades 
[2025-04-30T01:31:35.388Z] METHOD: GET /v1/disponibilidades 
[2025-04-30T01:32:54.072Z] METHOD: GET /v1/disponibilidades 
[2025-04-30T01:32:59.470Z] METHOD: GET /v1/disponibilidades 
[2025-04-30T01:33:02.443Z] METHOD: GET /v1/disponibilidades 
[2025-04-30T01:33:09.595Z] METHOD: POST /v1/disponibilidades 
[2025-04-30T01:33:23.333Z] METHOD: GET /v1/disponibilidades 
[2025-04-30T01:33:37.747Z] METHOD: DELETE /v1/disponibilidades/%20%20%20%20%22_id%22%3A%20%2268117dd532a660e98f11d176%22%2C 
[2025-04-30T01:33:40.603Z] METHOD: DELETE /v1/disponibilidades/68117dd532a660e98f11d176 
[2025-04-30T01:33:52.170Z] METHOD: GET /v1/disponibilidades 
[2025-04-30T03:08:38.083Z] METHOD: GET /public/swagger/ 
[2025-04-30T03:08:38.100Z] METHOD: GET /public/swagger/swagger-ui.css 
[2025-04-30T03:08:38.101Z] METHOD: GET /public/swagger/swagger-ui-bundle.js 
[2025-04-30T03:08:38.104Z] METHOD: GET /public/swagger/swagger-ui-standalone-preset.js 
[2025-04-30T03:08:38.115Z] METHOD: GET /public/swagger/swagger-ui-init.js 
[2025-04-30T04:02:02.432Z] METHOD: GET /public/swagger/ 
[2025-04-30T04:02:02.442Z] METHOD: GET /public/swagger/swagger-ui.css 
[2025-04-30T04:02:02.444Z] METHOD: GET /public/swagger/swagger-ui-bundle.js 
[2025-04-30T04:02:02.444Z] METHOD: GET /public/swagger/swagger-ui-standalone-preset.js 
[2025-04-30T04:02:02.452Z] METHOD: GET /public/swagger/swagger-ui-init.js 
[2025-04-30T04:02:38.031Z] METHOD: GET /v1/membresias 
[2025-04-30T04:02:46.570Z] METHOD: POST /v1/auth/login 
[2025-04-30T04:02:55.479Z] METHOD: GET /v1/membresias 
[2025-04-30T04:03:08.622Z] METHOD: POST /v1/membresias 
[2025-04-30T04:03:16.651Z] METHOD: GET /v1/membresias 
