[2025-04-25T00:25:00.215Z] METHOD: GET /public/swagger/ 
[2025-04-25T00:25:00.231Z] METHOD: GET /public/swagger/swagger-ui.css 
[2025-04-25T00:25:00.235Z] METHOD: GET /public/swagger/swagger-ui-bundle.js 
[2025-04-25T00:25:00.235Z] METHOD: GET /public/swagger/swagger-ui-standalone-preset.js 
[2025-04-25T00:25:00.236Z] METHOD: GET /public/swagger/swagger-ui-init.js 
[2025-04-25T00:25:00.563Z] METHOD: GET /public/swagger/favicon-32x32.png 
[2025-04-25T00:26:05.467Z] METHOD: GET /public/swagger/ 
[2025-04-25T00:26:05.485Z] METHOD: GET /public/swagger/swagger-ui.css 
[2025-04-25T00:26:05.488Z] METHOD: GET /public/swagger/swagger-ui-bundle.js 
[2025-04-25T00:26:05.489Z] METHOD: GET /public/swagger/swagger-ui-standalone-preset.js 
[2025-04-25T00:26:05.490Z] METHOD: GET /public/swagger/swagger-ui-init.js 
[2025-04-25T00:26:09.348Z] METHOD: GET /health 
[2025-04-25T00:26:32.723Z] METHOD: POST /login 
[2025-04-25T00:30:09.898Z] METHOD: GET /public/swagger/ 
[2025-04-25T00:30:09.914Z] METHOD: GET /public/swagger/swagger-ui.css 
[2025-04-25T00:30:09.915Z] METHOD: GET /public/swagger/swagger-ui-bundle.js 
[2025-04-25T00:30:09.917Z] METHOD: GET /public/swagger/swagger-ui-standalone-preset.js 
[2025-04-25T00:30:09.917Z] METHOD: GET /public/swagger/swagger-ui-init.js 
[2025-04-25T00:30:10.218Z] METHOD: GET /public/swagger/favicon-32x32.png 
[2025-04-25T00:30:13.980Z] METHOD: GET /v1/health 
[2025-04-25T00:35:27.650Z] METHOD: GET /v1/health 
[2025-04-25T00:36:42.603Z] METHOD: GET /v1/health 
[2025-04-25T00:36:47.058Z] METHOD: GET /public/swagger/ 
[2025-04-25T00:36:47.074Z] METHOD: GET /public/swagger/swagger-ui.css 
[2025-04-25T00:36:47.075Z] METHOD: GET /public/swagger/swagger-ui-bundle.js 
[2025-04-25T00:36:47.077Z] METHOD: GET /public/swagger/swagger-ui-standalone-preset.js 
[2025-04-25T00:36:47.078Z] METHOD: GET /public/swagger/swagger-ui-init.js 
[2025-04-25T00:36:49.964Z] METHOD: GET /health 
[2025-04-25T00:38:13.176Z] METHOD: GET /public/health 
[2025-04-25T00:38:13.249Z] METHOD: GET /favicon.ico 
[2025-04-25T00:39:40.040Z] METHOD: GET /health 
[2025-04-25T00:39:41.591Z] METHOD: GET /public/swagger/ 
[2025-04-25T00:39:41.604Z] METHOD: GET /public/swagger/swagger-ui.css 
[2025-04-25T00:39:41.605Z] METHOD: GET /public/swagger/swagger-ui-bundle.js 
[2025-04-25T00:39:41.607Z] METHOD: GET /public/swagger/swagger-ui-standalone-preset.js 
[2025-04-25T00:39:41.607Z] METHOD: GET /public/swagger/swagger-ui-init.js 
[2025-04-25T00:39:41.873Z] METHOD: GET /public/swagger/favicon-32x32.png 
[2025-04-25T00:39:42.783Z] METHOD: GET /public/swagger/ 
[2025-04-25T00:39:42.793Z] METHOD: GET /public/swagger/swagger-ui.css 
[2025-04-25T00:39:42.794Z] METHOD: GET /public/swagger/swagger-ui-bundle.js 
[2025-04-25T00:39:42.795Z] METHOD: GET /public/swagger/swagger-ui-standalone-preset.js 
[2025-04-25T00:39:42.804Z] METHOD: GET /public/swagger/swagger-ui-init.js 
[2025-04-25T00:39:45.489Z] METHOD: GET /health 
[2025-04-25T00:39:55.978Z] METHOD: GET /health 
[2025-04-25T00:39:59.748Z] METHOD: GET /ping 
[2025-04-25T00:40:03.918Z] METHOD: POST /login 
[2025-04-25T00:40:39.268Z] METHOD: POST /login 
[2025-04-25T00:40:41.586Z] METHOD: GET /public/swagger/ 
[2025-04-25T00:40:45.612Z] METHOD: GET /public/swagger/ 
[2025-04-25T00:40:50.276Z] METHOD: GET ///swagger/ 
[2025-04-25T00:40:51.479Z] METHOD: GET /swagger/ 
[2025-04-25T00:40:51.491Z] METHOD: GET /swagger/swagger-ui.css 
[2025-04-25T00:40:51.495Z] METHOD: GET /swagger/swagger-ui-bundle.js 
[2025-04-25T00:40:51.495Z] METHOD: GET /swagger/swagger-ui-standalone-preset.js 
[2025-04-25T00:40:51.496Z] METHOD: GET /swagger/swagger-ui-init.js 
[2025-04-25T00:40:51.992Z] METHOD: GET /swagger/favicon-32x32.png 
[2025-04-25T00:40:56.453Z] METHOD: POST /login 
[2025-04-25T00:41:34.898Z] METHOD: GET /swagger/ 
[2025-04-25T00:41:36.392Z] METHOD: GET /swagger/ 
[2025-04-25T00:41:45.577Z] METHOD: GET /swagger/ 
[2025-04-25T00:41:47.157Z] METHOD: GET /swagger 
[2025-04-25T00:41:53.637Z] METHOD: GET /public/swagger/ 
[2025-04-25T00:41:53.647Z] METHOD: GET /public/swagger/swagger-ui.css 
[2025-04-25T00:41:53.647Z] METHOD: GET /public/swagger/swagger-ui-bundle.js 
[2025-04-25T00:41:53.648Z] METHOD: GET /public/swagger/swagger-ui-standalone-preset.js 
[2025-04-25T00:41:53.656Z] METHOD: GET /public/swagger/swagger-ui-init.js 
[2025-04-25T00:41:54.625Z] METHOD: GET /public/swagger/favicon-32x32.png 
[2025-04-25T00:41:58.521Z] METHOD: GET /public/health 
[2025-04-25T00:42:03.177Z] METHOD: POST /v1/auth/login 
[2025-04-25T00:42:15.919Z] METHOD: POST /v1/auth/login 
[2025-04-25T00:42:20.949Z] METHOD: POST /v1/auth/login 
[2025-04-25T00:43:29.053Z] METHOD: POST /v1/auth/login 
[2025-04-25T00:43:31.165Z] METHOD: GET /public/swagger/ 
[2025-04-25T00:43:32.999Z] METHOD: GET /public/swagger/ 
[2025-04-25T00:43:37.956Z] METHOD: GET /swagger/ 
[2025-04-25T00:43:37.969Z] METHOD: GET /swagger/swagger-ui.css 
[2025-04-25T00:43:37.973Z] METHOD: GET /swagger/swagger-ui-bundle.js 
[2025-04-25T00:43:37.973Z] METHOD: GET /swagger/swagger-ui-standalone-preset.js 
[2025-04-25T00:43:37.978Z] METHOD: GET /swagger/swagger-ui-init.js 
[2025-04-25T00:43:38.266Z] METHOD: GET /swagger/favicon-32x32.png 
[2025-04-25T00:43:44.147Z] METHOD: POST /v1/auth/login 
[2025-04-25T00:44:26.631Z] METHOD: POST /v1/auth/login 
[2025-04-25T00:45:55.528Z] METHOD: GET /swagger/ 
[2025-04-25T00:45:57.371Z] METHOD: GET /swagger 
[2025-04-25T00:45:59.420Z] METHOD: GET /swagger/ 
[2025-04-25T00:45:59.937Z] METHOD: GET /swagger/ 
[2025-04-25T00:46:02.429Z] METHOD: GET /public/swagger/ 
[2025-04-25T00:46:02.441Z] METHOD: GET /public/swagger/swagger-ui.css 
[2025-04-25T00:46:02.443Z] METHOD: GET /public/swagger/swagger-ui-standalone-preset.js 
[2025-04-25T00:46:02.443Z] METHOD: GET /public/swagger/swagger-ui-init.js 
[2025-04-25T00:46:02.445Z] METHOD: GET /public/swagger/swagger-ui-bundle.js 
[2025-04-25T00:46:02.721Z] METHOD: GET /public/swagger/favicon-32x32.png 
[2025-04-25T00:46:06.146Z] METHOD: POST /v1/auth/login 
[2025-04-25T01:02:39.981Z] METHOD: GET /public/swagger/ 
[2025-04-25T01:02:39.999Z] METHOD: GET /public/swagger/swagger-ui.css 
[2025-04-25T01:02:40.000Z] METHOD: GET /public/swagger/swagger-ui-bundle.js 
[2025-04-25T01:02:40.001Z] METHOD: GET /public/swagger/swagger-ui-standalone-preset.js 
[2025-04-25T01:02:40.001Z] METHOD: GET /public/swagger/swagger-ui-init.js 
[2025-04-25T01:02:40.301Z] METHOD: GET /public/swagger/favicon-32x32.png 
[2025-04-25T01:02:45.887Z] METHOD: POST /espacios 
[2025-04-25T01:05:28.140Z] METHOD: GET /public/swagger/ 
[2025-04-25T01:05:28.155Z] METHOD: GET /public/swagger/swagger-ui.css 
[2025-04-25T01:05:28.158Z] METHOD: GET /public/swagger/swagger-ui-bundle.js 
[2025-04-25T01:05:28.159Z] METHOD: GET /public/swagger/swagger-ui-standalone-preset.js 
[2025-04-25T01:05:28.159Z] METHOD: GET /public/swagger/swagger-ui-init.js 
[2025-04-25T01:05:28.466Z] METHOD: GET /public/swagger/favicon-32x32.png 
[2025-04-25T01:05:31.585Z] METHOD: GET /v1/espacios 
[2025-04-25T01:05:36.654Z] METHOD: POST /v1/auth/login 
[2025-04-25T01:05:45.676Z] METHOD: GET /v1/espacios 
[2025-04-25T01:05:49.796Z] METHOD: POST /v1/espacios 
[2025-04-25T01:06:04.461Z] METHOD: GET /v1/espacios 
[2025-04-25T01:06:08.602Z] METHOD: GET /v1/espacios/680adfed2746ac564d7023aa 
[2025-04-25T01:06:16.412Z] METHOD: PUT /v1/espacios/680adfed2746ac564d7023aa 
[2025-04-25T01:06:31.072Z] METHOD: DELETE /v1/espacios/680adfed2746ac564d7023aa 
[2025-04-25T01:06:45.846Z] METHOD: POST /v1/espacios 
[2025-04-25T01:07:51.548Z] METHOD: GET /public/swagger/ 
[2025-04-25T01:07:51.562Z] METHOD: GET /public/swagger/swagger-ui.css 
[2025-04-25T01:07:51.562Z] METHOD: GET /public/swagger/swagger-ui-bundle.js 
[2025-04-25T01:07:51.562Z] METHOD: GET /public/swagger/swagger-ui-standalone-preset.js 
[2025-04-25T01:07:51.563Z] METHOD: GET /public/swagger/swagger-ui-init.js 
[2025-04-25T01:07:51.860Z] METHOD: GET /public/swagger/favicon-32x32.png 
[2025-04-25T01:07:55.447Z] METHOD: POST /v1/auth/login 
[2025-04-25T01:19:42.776Z] METHOD: GET /public/health 
[2025-04-25T01:19:42.985Z] METHOD: GET /public/ping 
[2025-04-25T01:19:43.188Z] METHOD: POST /v1/auth/signup 
[2025-04-25T01:19:43.473Z] METHOD: POST /v1/auth/login 
[2025-04-25T01:19:43.736Z] METHOD: GET /v1/espacios 
[2025-04-25T01:19:43.942Z] METHOD: POST /v1/espacios 
[2025-04-25T01:19:44.157Z] METHOD: GET /v1/espacios/test_id 
[2025-04-25T01:19:44.374Z] METHOD: PUT /v1/espacios/test_id 
[2025-04-25T01:19:44.592Z] METHOD: DELETE /v1/espacios/test_id 
[2025-04-25T01:19:44.814Z] METHOD: GET /v1/espacios/edificio/test93822 
[2025-04-25T01:19:45.032Z] METHOD: GET /v1/espacios/tipo/test_tipo 
[2025-04-25T01:19:45.251Z] METHOD: GET /v1/espacios/propietario/test91839 
[2025-04-25T01:19:45.472Z] METHOD: GET /v1/espacios/empresa/test21668 
[2025-04-25T01:19:45.693Z] METHOD: PUT /v1/espacios/test_id/estado 
[2025-04-25T01:19:45.897Z] METHOD: GET /v1/espacios/disponibles?tipo=test_tipo&fecha=2025-04-29&horaInicio=20%3A33&horaFin=09%3A42 
[2025-04-25T01:19:46.115Z] METHOD: GET /v1/espacios/filtrar 
[2025-04-25T01:19:46.334Z] METHOD: GET /v1/espacios/amenidades?amenidades=test_amenidades 
[2025-04-25T01:19:46.539Z] METHOD: GET /v1/membresias 
[2025-04-25T01:19:46.773Z] METHOD: POST /v1/membresias 
[2025-04-25T01:19:47.008Z] METHOD: GET /v1/membresias/test_id 
[2025-04-25T01:19:47.213Z] METHOD: PUT /v1/membresias/test_id 
[2025-04-25T01:19:47.419Z] METHOD: DELETE /v1/membresias/test_id 
[2025-04-25T01:19:47.646Z] METHOD: GET /v1/membresias/tipo/basico 
[2025-04-25T01:19:47.865Z] METHOD: GET /v1/membresias/activas 
[2025-04-25T01:19:48.083Z] METHOD: PUT /v1/membresias/test_id/activar 
[2025-04-25T01:19:48.302Z] METHOD: GET /v1/membresias/ordenadas?campo=test_campo&orden=test_orden 
[2025-04-25T01:19:48.521Z] METHOD: GET /v1/membresias/beneficio/test_tipoBeneficio 
[2025-04-25T01:19:48.740Z] METHOD: GET /v1/membresias/empresa 
[2025-04-25T01:19:48.959Z] METHOD: GET /v1/membresias/precio?precioMin=89&precioMax=16 
[2025-04-25T01:19:49.178Z] METHOD: PUT /v1/membresias/test_id/beneficios 
[2025-04-25T01:19:49.399Z] METHOD: POST /v1/membresias/suscribir 
[2025-04-25T01:19:49.618Z] METHOD: POST /v1/membresias/cancelar 
[2025-04-25T01:19:49.836Z] METHOD: GET /v1/notificaciones 
[2025-04-25T01:19:50.086Z] METHOD: POST /v1/notificaciones 
[2025-04-25T01:19:50.304Z] METHOD: GET /v1/notificaciones/test_id 
[2025-04-25T01:19:50.509Z] METHOD: PUT /v1/notificaciones/test_id 
[2025-04-25T01:19:50.730Z] METHOD: DELETE /v1/notificaciones/test_id 
[2025-04-25T01:19:50.950Z] METHOD: GET /v1/notificaciones/usuario/test27554?leidas=test_leidas 
[2025-04-25T01:19:51.168Z] METHOD: GET /v1/notificaciones/tipo/test_tipo?destinatarioId=test_destinatarioId 
[2025-04-25T01:19:51.386Z] METHOD: GET /v1/notificaciones/pendientes/test38210 
[2025-04-25T01:19:51.604Z] METHOD: POST /v1/notificaciones/leer 
[2025-04-25T01:19:51.823Z] METHOD: PUT /v1/notificaciones/usuario/test86378/leer-todas 
[2025-04-25T01:19:52.028Z] METHOD: DELETE /v1/notificaciones/expiradas 
[2025-04-25T01:19:52.244Z] METHOD: GET /v1/notificaciones/entidad/test_tipoEntidad/test65297 
[2025-04-25T01:19:52.463Z] METHOD: GET /v1/notificaciones/filtrar?destinatarioId=test_destinatarioId&tipoNotificacion=promocion&leido=false&prioridad=baja&desde=test_desde&hasta=test_hasta 
[2025-04-25T01:19:52.682Z] METHOD: GET /v1/oficinas 
[2025-04-25T01:19:52.915Z] METHOD: POST /v1/oficinas 
[2025-04-25T01:19:53.148Z] METHOD: GET /v1/oficinas/test_id 
[2025-04-25T01:19:53.353Z] METHOD: PUT /v1/oficinas/test_id 
[2025-04-25T01:19:53.569Z] METHOD: DELETE /v1/oficinas/test_id 
[2025-04-25T01:19:53.788Z] METHOD: GET /v1/oficinas/codigo/test_codigo 
[2025-04-25T01:19:54.025Z] METHOD: GET /v1/oficinas/edificio/test76707 
[2025-04-25T01:19:54.229Z] METHOD: GET /v1/oficinas/tipo/test_tipo 
[2025-04-25T01:19:54.448Z] METHOD: GET /v1/oficinas/propietario/test68942 
[2025-04-25T01:19:54.670Z] METHOD: GET /v1/oficinas/empresa/test71231 
[2025-04-25T01:19:54.889Z] METHOD: PUT /v1/oficinas/test_id/estado 
[2025-04-25T01:19:55.093Z] METHOD: GET /v1/oficinas/capacidad?capacidadMinima=test_capacidadMinima 
[2025-04-25T01:19:55.312Z] METHOD: GET /v1/oficinas/precio?precioMin=test_precioMin&precioMax=test_precioMax&tipoPrecio=test_tipoPrecio 
[2025-04-25T01:19:55.533Z] METHOD: GET /v1/oficinas/disponibles?fecha=2025-05-24&horaInicio=08%3A58&horaFin=14%3A43 
[2025-04-25T01:19:55.753Z] METHOD: PUT /v1/oficinas/test_id/calificacion 
[2025-04-25T01:19:55.972Z] METHOD: GET /v1/oficinas/filtrar?edificioId=test_edificioId&tipo=compartida&capacidadMinima=94&precioMaximo=17&estado=ocupada&fechaDisponibilidad=2025-05-21 
[2025-04-25T01:19:56.193Z] METHOD: GET /v1/pagos 
[2025-04-25T01:19:56.427Z] METHOD: POST /v1/pagos 
[2025-04-25T01:19:56.631Z] METHOD: GET /v1/pagos/test_id 
[2025-04-25T01:19:56.848Z] METHOD: PUT /v1/pagos/test_id 
[2025-04-25T01:19:57.068Z] METHOD: DELETE /v1/pagos/test_id 
[2025-04-25T01:19:57.284Z] METHOD: GET /v1/pagos/usuario/test73431 
[2025-04-25T01:19:57.502Z] METHOD: GET /v1/pagos/concepto/test_concepto 
[2025-04-25T01:19:57.722Z] METHOD: GET /v1/pagos/estado/test_estado 
[2025-04-25T01:19:57.927Z] METHOD: GET /v1/pagos/entidad/test_tipoEntidad/test59720 
[2025-04-25T01:19:58.145Z] METHOD: PUT /v1/pagos/test_id/estado 
[2025-04-25T01:19:58.367Z] METHOD: PUT /v1/pagos/test_id/completar 
[2025-04-25T01:19:58.572Z] METHOD: POST /v1/pagos/reembolsar 
[2025-04-25T01:19:58.793Z] METHOD: PUT /v1/pagos/test_id/factura 
[2025-04-25T01:19:59.011Z] METHOD: GET /v1/pagos/fechas?fechaInicio=2025-05-13&fechaFin=2025-05-14 
[2025-04-25T01:19:59.230Z] METHOD: GET /v1/pagos/montos?montoMin=9&montoMax=64 
[2025-04-25T01:19:59.434Z] METHOD: GET /v1/pagos/filtrar?usuarioId=test_usuarioId&conceptoPago=otro&estado=reembolsado&fechaDesde=2025-04-25&fechaHasta=2025-05-09&montoMinimo=86&montoMaximo=49 
[2025-04-25T01:19:59.654Z] METHOD: GET /v1/resenas 
[2025-04-25T01:19:59.890Z] METHOD: POST /v1/resenas 
[2025-04-25T01:20:00.093Z] METHOD: GET /v1/resenas/test_id 
[2025-04-25T01:20:00.315Z] METHOD: PUT /v1/resenas/test_id 
[2025-04-25T01:20:00.520Z] METHOD: DELETE /v1/resenas/test_id 
[2025-04-25T01:20:00.740Z] METHOD: GET /v1/resenas/usuario/test35845 
[2025-04-25T01:20:00.959Z] METHOD: GET /v1/resenas/entidad/test_tipoEntidad/test46332 
[2025-04-25T01:20:01.163Z] METHOD: GET /v1/resenas/reserva/test89233 
[2025-04-25T01:20:01.382Z] METHOD: GET /v1/resenas/calificacion?calificacionMinima=9 
[2025-04-25T01:20:01.599Z] METHOD: GET /v1/resenas/pendientes-moderacion 
[2025-04-25T01:20:01.817Z] METHOD: PUT /v1/resenas/test_id/estado 
[2025-04-25T01:20:02.021Z] METHOD: POST /v1/resenas/responder 
[2025-04-25T01:20:02.242Z] METHOD: POST /v1/resenas/moderar 
[2025-04-25T01:20:02.463Z] METHOD: GET /v1/resenas/promedio/test_tipoEntidad/test54377 
[2025-04-25T01:20:02.717Z] METHOD: GET /v1/reservas 
[2025-04-25T01:20:02.954Z] METHOD: POST /v1/reservas 
[2025-04-25T01:20:03.176Z] METHOD: GET /v1/reservas/test_id 
[2025-04-25T01:20:03.396Z] METHOD: PUT /v1/reservas/test_id 
[2025-04-25T01:20:03.613Z] METHOD: DELETE /v1/reservas/test_id 
[2025-04-25T01:20:03.835Z] METHOD: GET /v1/reservas/usuario/test62677 
[2025-04-25T01:20:04.057Z] METHOD: GET /v1/reservas/entidad/test_tipoEntidad/test52810 
[2025-04-25T01:20:04.276Z] METHOD: GET /v1/reservas/pendientes 
[2025-04-25T01:20:04.498Z] METHOD: GET /v1/reservas/fecha?fechaInicio=2025-05-03&fechaFin=2025-05-23 
[2025-04-25T01:20:04.715Z] METHOD: PUT /v1/reservas/test_id/estado 
[2025-04-25T01:20:04.919Z] METHOD: PUT /v1/reservas/test_id/aprobar 
[2025-04-25T01:20:05.124Z] METHOD: PUT /v1/reservas/test_id/rechazar 
[2025-04-25T01:20:05.339Z] METHOD: GET /v1/reservas/recurrentes 
[2025-04-25T01:20:05.561Z] METHOD: PUT /v1/reservas/test_id/pago 
[2025-04-25T01:20:05.780Z] METHOD: POST /v1/reservas/cancelar 
[2025-04-25T01:20:05.998Z] METHOD: GET /v1/reservas/filtrar?usuarioId=test_usuarioId&tipoEntidad=sala_reunion&entidadId=test_entidadId&estado=cancelada&fechaInicio=2025-05-09&fechaFin=2025-05-21&esRecurrente=true 
[2025-04-25T01:20:06.216Z] METHOD: GET /v1/usuarios 
[2025-04-25T01:20:06.436Z] METHOD: POST /v1/usuarios 
[2025-04-25T01:20:06.655Z] METHOD: GET /v1/usuarios/test_id 
[2025-04-25T01:20:06.874Z] METHOD: PUT /v1/usuarios/test_id 
[2025-04-25T01:20:07.093Z] METHOD: DELETE /v1/usuarios/test_id 
[2025-04-25T01:20:07.312Z] METHOD: GET /v1/usuarios/tipo/test_tipo 
[2025-04-25T01:20:07.528Z] METHOD: PUT /v1/usuarios/rol 
[2025-04-25T01:20:07.748Z] METHOD: PUT /v1/usuarios/test_id/membresia 
[2025-04-25T01:20:07.953Z] METHOD: GET /v1/edificios 
[2025-04-25T01:20:08.173Z] METHOD: POST /v1/edificios 
[2025-04-25T01:20:08.377Z] METHOD: GET /v1/edificios/test_id 
[2025-04-25T01:20:08.599Z] METHOD: PUT /v1/edificios/test_id 
[2025-04-25T01:20:08.803Z] METHOD: DELETE /v1/edificios/test_id 
[2025-04-25T01:20:09.022Z] METHOD: GET /v1/edificios/propietario/test25175 
[2025-04-25T01:20:09.240Z] METHOD: GET /v1/edificios/empresa/test53871 
[2025-04-25T01:20:09.459Z] METHOD: GET /v1/edificios/ciudad/test_ciudad 
[2025-04-25T01:20:09.678Z] METHOD: GET /v1/edificios/pais/test_pais 
[2025-04-25T01:20:09.896Z] METHOD: GET /v1/edificios/amenidad/test_tipoAmenidad 
[2025-04-25T01:20:10.113Z] METHOD: PUT /v1/edificios/test_id/activar 
[2025-04-25T01:20:10.331Z] METHOD: PUT /v1/edificios/test_id/calificacion 
[2025-04-25T01:20:10.552Z] METHOD: POST /v1/edificios/test_id/amenidad 
[2025-04-25T01:20:10.756Z] METHOD: DELETE /v1/edificios/test_id/amenidad/test40356 
[2025-04-25T01:20:10.971Z] METHOD: PUT /v1/edificios/test_id/horario 
[2025-04-25T01:20:11.189Z] METHOD: GET /v1/edificios/cercanos?lat=test_lat&lng=test_lng&distanciaMax=test_distanciaMax 
[2025-04-25T01:20:11.408Z] METHOD: GET /v1/edificios/filtrar 
[2025-04-25T01:20:11.626Z] METHOD: GET /v1/empresas-inmobiliarias 
[2025-04-25T01:20:11.833Z] METHOD: POST /v1/empresas-inmobiliarias 
[2025-04-25T01:20:12.052Z] METHOD: GET /v1/empresas-inmobiliarias/test_id 
[2025-04-25T01:20:12.271Z] METHOD: PUT /v1/empresas-inmobiliarias/test_id 
[2025-04-25T01:20:12.492Z] METHOD: DELETE /v1/empresas-inmobiliarias/test_id 
[2025-04-25T01:20:12.697Z] METHOD: GET /v1/empresas-inmobiliarias/tipo/test_tipo 
[2025-04-25T01:20:12.913Z] METHOD: GET /v1/empresas-inmobiliarias/verificadas 
[2025-04-25T01:20:13.134Z] METHOD: GET /v1/empresas-inmobiliarias/ciudad/test_ciudad 
[2025-04-25T01:20:13.355Z] METHOD: PUT /v1/empresas-inmobiliarias/test_id/activar 
[2025-04-25T01:20:13.573Z] METHOD: POST /v1/empresas-inmobiliarias/verificar 
[2025-04-25T01:20:13.790Z] METHOD: PUT /v1/empresas-inmobiliarias/test_id/calificacion 
[2025-04-25T01:20:14.008Z] METHOD: POST /v1/empresas-inmobiliarias/test_id/espacio 
[2025-04-25T01:20:14.227Z] METHOD: DELETE /v1/empresas-inmobiliarias/test_id/espacio/test87763 
[2025-04-25T01:20:14.446Z] METHOD: PUT /v1/empresas-inmobiliarias/test_id/metodo-pago 
[2025-04-25T01:20:14.669Z] METHOD: PUT /v1/empresas-inmobiliarias/test_id/contacto 
[2025-04-25T01:20:14.888Z] METHOD: GET /v1/empresas-inmobiliarias/ranking/espacios?limite=test_limite 
[2025-04-25T01:20:15.122Z] METHOD: GET /v1/salas-reunion 
[2025-04-25T01:20:15.357Z] METHOD: POST /v1/salas-reunion 
[2025-04-25T01:20:15.574Z] METHOD: GET /v1/salas-reunion/test_id 
[2025-04-25T01:20:15.794Z] METHOD: PUT /v1/salas-reunion/test_id 
[2025-04-25T01:20:16.012Z] METHOD: DELETE /v1/salas-reunion/test_id 
[2025-04-25T01:20:16.231Z] METHOD: GET /v1/salas-reunion/filtrar?edificioId=test_edificioId&capacidadMinima=35&configuracion=flexible&precioMaximoPorHora=73&estado=reservada&fechaDisponibilidad=2025-05-04 
[2025-04-25T01:20:16.435Z] METHOD: GET /v1/escritorios-flexibles 
[2025-04-25T01:20:16.669Z] METHOD: POST /v1/escritorios-flexibles 
[2025-04-25T01:20:16.887Z] METHOD: GET /v1/escritorios-flexibles/test_id 
[2025-04-25T01:20:17.106Z] METHOD: PUT /v1/escritorios-flexibles/test_id 
[2025-04-25T01:20:17.324Z] METHOD: DELETE /v1/escritorios-flexibles/test_id 
[2025-04-25T01:20:17.542Z] METHOD: GET /v1/escritorios-flexibles/codigo/test_codigo 
[2025-04-25T01:20:17.773Z] METHOD: GET /v1/escritorios-flexibles/edificio/test21808 
[2025-04-25T01:20:17.990Z] METHOD: GET /v1/escritorios-flexibles/tipo/test_tipo 
[2025-04-25T01:20:18.209Z] METHOD: GET /v1/escritorios-flexibles/zona?edificioId=test_edificioId&piso=test_piso&zona=test_zona 
[2025-04-25T01:20:18.425Z] METHOD: GET /v1/escritorios-flexibles/amenidades/test_tipoAmenidad 
[2025-04-25T01:20:18.630Z] METHOD: GET /v1/escritorios-flexibles/propietario/test26017 
[2025-04-25T01:20:18.847Z] METHOD: GET /v1/escritorios-flexibles/precio?precioMin=test_precioMin&precioMax=test_precioMax&tipoPrecio=test_tipoPrecio 
[2025-04-25T01:20:19.065Z] METHOD: PUT /v1/escritorios-flexibles/test_id/estado 
[2025-04-25T01:20:19.270Z] METHOD: POST /v1/escritorios-flexibles/test_id/amenidad 
[2025-04-25T01:20:19.489Z] METHOD: DELETE /v1/escritorios-flexibles/test_id/amenidad/test24374 
[2025-04-25T01:20:19.704Z] METHOD: PUT /v1/escritorios-flexibles/test_id/precios 
[2025-04-25T01:20:19.922Z] METHOD: GET /v1/escritorios-flexibles/disponibles?fecha=2025-04-28 
[2025-04-25T01:20:20.142Z] METHOD: GET /v1/escritorios-flexibles/filtrar 
[2025-04-25T01:20:20.362Z] METHOD: GET /v1/servicios-adicionales 
[2025-04-25T01:20:20.581Z] METHOD: POST /v1/servicios-adicionales 
[2025-04-25T01:20:20.801Z] METHOD: GET /v1/servicios-adicionales/test_id 
[2025-04-25T01:20:21.019Z] METHOD: PUT /v1/servicios-adicionales/test_id 
[2025-04-25T01:20:21.237Z] METHOD: DELETE /v1/servicios-adicionales/test_id 
[2025-04-25T01:20:21.454Z] METHOD: GET /v1/servicios-adicionales/tipo/test_tipo 
[2025-04-25T01:20:21.658Z] METHOD: GET /v1/servicios-adicionales/proveedor/test11483 
[2025-04-25T01:20:21.878Z] METHOD: GET /v1/servicios-adicionales/espacio/test57503 
[2025-04-25T01:20:22.099Z] METHOD: GET /v1/servicios-adicionales/precio?precioMin=test_precioMin&precioMax=test_precioMax 
[2025-04-25T01:20:22.303Z] METHOD: GET /v1/servicios-adicionales/unidad-precio/test_unidadPrecio 
[2025-04-25T01:20:22.520Z] METHOD: GET /v1/servicios-adicionales/disponibles?fecha=2025-05-13 
[2025-04-25T01:20:22.739Z] METHOD: PUT /v1/servicios-adicionales/test_id/activar 
[2025-04-25T01:20:22.944Z] METHOD: PUT /v1/servicios-adicionales/test_id/precio 
[2025-04-25T01:20:23.162Z] METHOD: PUT /v1/servicios-adicionales/test_id/disponibilidad 
[2025-04-25T01:20:23.381Z] METHOD: POST /v1/servicios-adicionales/test_id/espacio 
[2025-04-25T01:20:23.585Z] METHOD: DELETE /v1/servicios-adicionales/test_id/espacio/test40198 
[2025-04-25T01:20:23.801Z] METHOD: GET /v1/servicios-adicionales/aprobacion 
[2025-04-25T01:20:24.018Z] METHOD: GET /v1/servicios-adicionales/filtrar 
[2025-04-25T01:20:24.223Z] METHOD: GET /v1/reservas-servicio 
[2025-04-25T01:20:24.440Z] METHOD: POST /v1/reservas-servicio 
[2025-04-25T01:20:24.657Z] METHOD: GET /v1/reservas-servicio/test_id 
[2025-04-25T01:20:24.876Z] METHOD: PUT /v1/reservas-servicio/test_id 
[2025-04-25T01:20:25.096Z] METHOD: DELETE /v1/reservas-servicio/test_id 
[2025-04-25T01:20:25.315Z] METHOD: GET /v1/reservas-servicio/usuario/test43749 
[2025-04-25T01:20:25.532Z] METHOD: GET /v1/reservas-servicio/servicio/test86744 
[2025-04-25T01:20:25.752Z] METHOD: GET /v1/reservas-servicio/reserva-espacio/test85190 
[2025-04-25T01:20:25.971Z] METHOD: GET /v1/reservas-servicio/estado/pendiente 
[2025-04-25T01:20:26.189Z] METHOD: GET /v1/reservas-servicio/fechas?fechaInicio=2025-05-06&fechaFin=2025-05-14 
[2025-04-25T01:20:26.393Z] METHOD: PUT /v1/reservas-servicio/test_id/estado 
[2025-04-25T01:20:26.610Z] METHOD: PUT /v1/reservas-servicio/test_id/confirmar 
[2025-04-25T01:20:26.829Z] METHOD: PUT /v1/reservas-servicio/test_id/cancelar 
[2025-04-25T01:20:27.047Z] METHOD: PUT /v1/reservas-servicio/test_id/completar 
[2025-04-25T01:20:27.252Z] METHOD: PUT /v1/reservas-servicio/test_id/pago 
[2025-04-25T01:20:27.470Z] METHOD: GET /v1/reservas-servicio/pendientes?fecha=2025-05-09 
[2025-04-25T01:20:27.674Z] METHOD: POST /v1/reservas-servicio/aprobar-rechazar 
[2025-04-25T01:20:27.892Z] METHOD: GET /v1/reservas-servicio/filtrar 
[2025-04-25T01:20:28.109Z] METHOD: GET /v1/proveedores 
[2025-04-25T01:20:28.329Z] METHOD: POST /v1/proveedores 
[2025-04-25T01:20:28.547Z] METHOD: GET /v1/proveedores/test_id 
[2025-04-25T01:20:28.766Z] METHOD: PUT /v1/proveedores/test_id 
[2025-04-25T01:20:28.986Z] METHOD: DELETE /v1/proveedores/test_id 
[2025-04-25T01:20:29.204Z] METHOD: GET /v1/proveedores/tipo/test_tipo 
[2025-04-25T01:20:29.409Z] METHOD: GET /v1/proveedores/verificados 
[2025-04-25T01:20:29.613Z] METHOD: GET /v1/proveedores/servicio/test_tipoServicio 
[2025-04-25T01:20:29.834Z] METHOD: PUT /v1/proveedores/test_id/activar 
[2025-04-25T01:20:30.039Z] METHOD: POST /v1/proveedores/verificar 
[2025-04-25T01:20:30.242Z] METHOD: PUT /v1/proveedores/test_id/calificacion 
[2025-04-25T01:20:30.462Z] METHOD: POST /v1/proveedores/test_id/servicio 
[2025-04-25T01:20:30.667Z] METHOD: DELETE /v1/proveedores/test_id/servicio/test81807 
[2025-04-25T01:20:30.872Z] METHOD: PUT /v1/proveedores/test_id/contacto 
[2025-04-25T01:20:31.087Z] METHOD: PUT /v1/proveedores/test_id/metodo-pago 
[2025-04-25T01:20:31.305Z] METHOD: GET /v1/proveedores/calificacion?calificacionMinima=60 
[2025-04-25T01:20:31.523Z] METHOD: GET /v1/proveedores/ranking/servicios?limite=95 
[2025-04-25T01:20:31.758Z] METHOD: GET /v1/proveedores/filtrar?tipo=interno&servicioOfrecido=test_servicioOfrecido&verificado=true&activo=false 
[2025-04-25T01:20:31.977Z] METHOD: GET /v1/facturas 
[2025-04-25T01:20:32.197Z] METHOD: POST /v1/facturas 
[2025-04-25T01:20:32.416Z] METHOD: GET /v1/facturas/test_id 
[2025-04-25T01:20:32.634Z] METHOD: PUT /v1/facturas/test_id 
[2025-04-25T01:20:32.852Z] METHOD: DELETE /v1/facturas/test_id 
[2025-04-25T01:20:33.071Z] METHOD: GET /v1/facturas/numero/test_numeroFactura 
[2025-04-25T01:20:33.291Z] METHOD: GET /v1/facturas/usuario/test63682 
[2025-04-25T01:20:33.509Z] METHOD: GET /v1/facturas/emisor?emisorId=test_emisorId&tipoEmisor=test_tipoEmisor 
[2025-04-25T01:20:33.729Z] METHOD: GET /v1/facturas/estado/test_estado 
[2025-04-25T01:20:33.947Z] METHOD: GET /v1/facturas/vencidas 
[2025-04-25T01:20:34.165Z] METHOD: GET /v1/facturas/fechas?fechaInicio=2025-05-12&fechaFin=2025-05-11 
[2025-04-25T01:20:34.370Z] METHOD: PUT /v1/facturas/test_id/estado 
[2025-04-25T01:20:34.573Z] METHOD: PUT /v1/facturas/test_id/pagar 
[2025-04-25T01:20:34.792Z] METHOD: PUT /v1/facturas/test_id/vencer 
[2025-04-25T01:20:35.011Z] METHOD: PUT /v1/facturas/test_id/cancelar 
[2025-04-25T01:20:35.233Z] METHOD: POST /v1/facturas/test_id/pago 
[2025-04-25T01:20:35.452Z] METHOD: PUT /v1/facturas/test_id/pdf 
[2025-04-25T01:20:35.656Z] METHOD: GET /v1/facturas/montos?montoMin=test_montoMin&montoMax=test_montoMax 
[2025-04-25T01:20:35.879Z] METHOD: GET /v1/facturas/estadisticas?fechaInicio=2025-05-18&fechaFin=2025-05-03 
[2025-04-25T01:20:36.099Z] METHOD: POST /v1/facturas/generar-pdf 
[2025-04-25T01:20:36.302Z] METHOD: GET /v1/facturas/filtrar 
[2025-04-25T01:20:36.520Z] METHOD: GET /v1/promociones 
[2025-04-25T01:20:36.739Z] METHOD: POST /v1/promociones 
[2025-04-25T01:20:36.957Z] METHOD: GET /v1/promociones/test_id 
[2025-04-25T01:20:37.174Z] METHOD: PUT /v1/promociones/test_id 
[2025-04-25T01:20:37.377Z] METHOD: DELETE /v1/promociones/test_id 
[2025-04-25T01:20:37.598Z] METHOD: GET /v1/promociones/codigo/test_codigo 
[2025-04-25T01:20:37.831Z] METHOD: GET /v1/promociones/activas 
[2025-04-25T01:20:38.050Z] METHOD: GET /v1/promociones/tipo/test_tipo 
[2025-04-25T01:20:38.269Z] METHOD: GET /v1/promociones/entidad?entidad=test_entidad&entidadId=test_entidadId 
[2025-04-25T01:20:38.473Z] METHOD: GET /v1/promociones/fechas?fechaInicio=2025-05-17&fechaFin=2025-05-05 
[2025-04-25T01:20:38.694Z] METHOD: PUT /v1/promociones/test_id/activar 
[2025-04-25T01:20:38.898Z] METHOD: PUT /v1/promociones/test_id/incrementar-usos 
[2025-04-25T01:20:39.116Z] METHOD: POST /v1/promociones/validar 
[2025-04-25T01:20:39.333Z] METHOD: GET /v1/promociones/proximas-expirar?diasRestantes=test_diasRestantes 
[2025-04-25T01:20:39.552Z] METHOD: PUT /v1/promociones/test_id/aplicabilidad 
[2025-04-25T01:20:39.756Z] METHOD: GET /v1/promociones/filtrar 
[2025-04-25T01:20:39.960Z] METHOD: POST /v1/disponibilidades 
[2025-04-25T01:20:40.178Z] METHOD: PUT /v1/disponibilidades/test_id 
[2025-04-25T01:20:40.396Z] METHOD: GET /v1/disponibilidades/rango?entidadId=test_entidadId&tipoEntidad=test_tipoEntidad&fechaInicio=2025-05-11&fechaFin=2025-05-01&horaInicio=19%3A02&horaFin=19%3A39 
[2025-04-25T01:20:40.615Z] METHOD: POST /v1/disponibilidades/bloquear 
