[2025-04-18T19:56:21.040Z] METHOD: GET / 
[2025-04-18T19:56:21.116Z] METHOD: GET /favicon.ico 
[2025-04-18T19:56:24.772Z] METHOD: GET /swagger 
[2025-04-18T19:56:24.791Z] METHOD: GET /favicon.ico 
[2025-04-18T19:56:40.264Z] METHOD: GET /public 
[2025-04-18T19:56:40.285Z] METHOD: GET /favicon.ico 
[2025-04-18T19:56:43.437Z] METHOD: GET /public/swagger 
[2025-04-18T19:56:43.443Z] METHOD: GET /public/swagger/ 
[2025-04-18T19:56:43.452Z] METHOD: GET /public/swagger/swagger-ui.css 
[2025-04-18T19:56:43.455Z] METHOD: GET /public/swagger/swagger-ui-bundle.js 
[2025-04-18T19:56:43.455Z] METHOD: GET /public/swagger/swagger-ui-standalone-preset.js 
[2025-04-18T19:56:43.455Z] METHOD: GET /public/swagger/swagger-ui-init.js 
[2025-04-18T19:56:43.632Z] METHOD: GET /public/swagger/favicon-32x32.png 
[2025-04-18T19:56:56.498Z] METHOD: GET /v1/ping 
[2025-04-18T19:58:26.731Z] METHOD: POST /v1/auth/signup 
[2025-04-18T20:04:34.669Z] METHOD: POST /v1/auth/signup 
[2025-04-18T20:07:29.778Z] METHOD: GET /public/swagger/ 
[2025-04-18T20:07:29.793Z] METHOD: GET /public/swagger/swagger-ui.css 
[2025-04-18T20:07:29.794Z] METHOD: GET /public/swagger/swagger-ui-bundle.js 
[2025-04-18T20:07:29.795Z] METHOD: GET /public/swagger/swagger-ui-standalone-preset.js 
[2025-04-18T20:07:29.798Z] METHOD: GET /public/swagger/swagger-ui-init.js 
[2025-04-18T20:07:30.042Z] METHOD: GET /public/swagger/favicon-32x32.png 
[2025-04-18T20:10:24.248Z] METHOD: GET /public/swagger/ 
[2025-04-18T20:10:24.267Z] METHOD: GET /public/swagger/swagger-ui.css 
[2025-04-18T20:10:24.274Z] METHOD: GET /public/swagger/swagger-ui-bundle.js 
[2025-04-18T20:10:24.274Z] METHOD: GET /public/swagger/swagger-ui-standalone-preset.js 
[2025-04-18T20:10:24.275Z] METHOD: GET /public/swagger/swagger-ui-init.js 
[2025-04-18T20:10:24.380Z] METHOD: GET /public/swagger/favicon-32x32.png 
[2025-04-18T20:12:15.875Z] METHOD: POST /v1/auth/signup 
[2025-04-18T20:14:19.983Z] METHOD: POST /v1/auth/signup 
[2025-04-18T20:17:12.128Z] METHOD: POST /v1/auth/signup 
[2025-04-18T20:17:24.774Z] METHOD: POST /v1/auth/login 
[2025-04-18T20:21:40.265Z] METHOD: POST /v1/auth/login 
[2025-04-18T20:21:56.930Z] METHOD: GET /v1/usuarios 
[2025-04-18T20:22:11.443Z] METHOD: GET /v1/usuarios 
[2025-04-18T20:22:12.861Z] METHOD: GET /v1/usuarios 
[2025-04-18T20:24:43.968Z] METHOD: GET /v1/usuarios 
[2025-04-18T20:24:51.464Z] METHOD: GET /v1/usuarios 
[2025-04-18T20:24:52.201Z] METHOD: GET /v1/usuarios 
[2025-04-18T20:24:52.949Z] METHOD: GET /v1/usuarios 
[2025-04-18T20:24:53.215Z] METHOD: GET /v1/usuarios 
[2025-04-18T20:24:53.406Z] METHOD: GET /v1/usuarios 
[2025-04-18T20:25:07.615Z] METHOD: GET /public/swagger 
[2025-04-18T20:25:07.620Z] METHOD: GET /public/swagger/ 
[2025-04-18T20:25:07.641Z] METHOD: GET /public/swagger/swagger-ui.css 
[2025-04-18T20:25:07.646Z] METHOD: GET /public/swagger/swagger-ui-bundle.js 
[2025-04-18T20:25:07.646Z] METHOD: GET /public/swagger/swagger-ui-standalone-preset.js 
[2025-04-18T20:25:07.648Z] METHOD: GET /public/swagger/swagger-ui-init.js 
[2025-04-18T20:25:13.065Z] METHOD: POST /v1/auth/login 
[2025-04-18T20:25:31.291Z] METHOD: GET /v1/usuarios 
[2025-04-18T20:28:46.543Z] METHOD: POST /v1/usuarios 
[2025-04-18T20:28:51.508Z] METHOD: POST /v1/usuarios 
[2025-04-18T20:28:59.930Z] METHOD: POST /v1/auth/signup 
[2025-04-18T20:30:10.524Z] METHOD: GET /v1/usuarios 
[2025-04-18T20:30:16.180Z] METHOD: POST /v1/usuarios 
[2025-04-18T20:30:23.075Z] METHOD: POST /v1/usuarios 
[2025-04-18T20:30:31.074Z] METHOD: GET /v1/usuarios 
[2025-04-18T20:30:37.712Z] METHOD: GET /v1/usuarios/1 
[2025-04-18T20:30:59.682Z] METHOD: PUT /v1/usuarios/1 
[2025-04-18T20:31:04.690Z] METHOD: GET /v1/reservas 
[2025-04-18T20:31:08.559Z] METHOD: POST /v1/reservas 
[2025-04-18T20:38:02.876Z] METHOD: GET /public/swagger/ 
[2025-04-18T20:38:02.891Z] METHOD: GET /public/swagger/swagger-ui.css 
[2025-04-18T20:38:02.896Z] METHOD: GET /public/swagger/swagger-ui-init.js 
[2025-04-18T20:38:02.897Z] METHOD: GET /public/swagger/swagger-ui-bundle.js 
[2025-04-18T20:38:02.897Z] METHOD: GET /public/swagger/swagger-ui-standalone-preset.js 
[2025-04-18T20:38:03.092Z] METHOD: GET /public/swagger/favicon-32x32.png 
[2025-04-18T20:38:05.174Z] METHOD: GET /public/swagger/ 
[2025-04-18T20:38:05.185Z] METHOD: GET /public/swagger/swagger-ui.css 
[2025-04-18T20:38:05.185Z] METHOD: GET /public/swagger/swagger-ui-bundle.js 
[2025-04-18T20:38:05.186Z] METHOD: GET /public/swagger/swagger-ui-standalone-preset.js 
[2025-04-18T20:38:05.188Z] METHOD: GET /public/swagger/swagger-ui-init.js 
[2025-04-18T20:38:13.873Z] METHOD: GET /v1/usuarios/6802b348e1da0236add0ddcf 
[2025-04-18T20:38:19.857Z] METHOD: POST /v1/auth/login 
[2025-04-18T20:38:32.183Z] METHOD: GET /v1/usuarios/6802b348e1da0236add0ddcf 
[2025-04-18T20:41:13.874Z] METHOD: GET /v1/usuarios/6802b348e1da0236add0ddcf 
[2025-04-18T20:41:32.820Z] METHOD: PUT /v1/usuarios/6802b348e1da0236add0ddcf 
[2025-04-18T20:41:59.576Z] METHOD: DELETE /v1/usuarios/6802b65f174d8a4ddf5fc50d 
[2025-04-18T20:42:03.159Z] METHOD: GET /v1/reservas 
[2025-04-18T20:42:13.603Z] METHOD: GET /v1/reservas/6802b68c174d8a4ddf5fc511 
[2025-04-18T20:42:21.934Z] METHOD: PUT /v1/reservas/6802b68c174d8a4ddf5fc511 
[2025-04-18T20:45:02.519Z] METHOD: PUT /v1/reservas/6802b68c174d8a4ddf5fc511 
[2025-04-18T20:45:14.511Z] METHOD: DELETE /v1/reservas/6802b68c174d8a4ddf5fc511 
[2025-04-18T20:45:21.142Z] METHOD: GET /v1/espacios 
[2025-04-18T20:45:25.836Z] METHOD: POST /v1/espacios 
[2025-04-18T20:45:44.289Z] METHOD: GET /v1/espacios/6802b9e53492b3fa9d97c786 
[2025-04-18T20:45:50.667Z] METHOD: PUT /v1/espacios/6802b9e53492b3fa9d97c786 
[2025-04-18T20:45:56.127Z] METHOD: DELETE /v1/espacios/6802b9e53492b3fa9d97c786 
[2025-04-18T20:45:59.790Z] METHOD: GET /v1/membresias 
[2025-04-18T20:46:04.212Z] METHOD: POST /v1/membresias 
[2025-04-18T20:46:13.370Z] METHOD: GET /v1/membresias/6802ba0c3492b3fa9d97c78c 
[2025-04-18T20:46:31.809Z] METHOD: PUT /v1/membresias/6802ba0c3492b3fa9d97c78c 
[2025-04-18T20:46:37.212Z] METHOD: DELETE /v1/membresias/6802ba0c3492b3fa9d97c78c 
[2025-04-18T20:46:44.366Z] METHOD: GET /v1/notificaciones 
[2025-04-18T20:46:47.988Z] METHOD: POST /v1/notificaciones 
[2025-04-18T20:47:21.647Z] METHOD: POST /v1/notificaciones 
[2025-04-18T20:47:27.647Z] METHOD: GET /v1/notificaciones 
[2025-04-18T20:47:34.125Z] METHOD: DELETE /v1/notificaciones/6802ba373492b3fa9d97c792 
[2025-04-18T20:47:58.474Z] METHOD: GET /v1/oficinas 
[2025-04-18T20:48:03.847Z] METHOD: POST /v1/oficinas 
