[2025-04-27T01:28:08.384Z] METHOD: POST /v1/auth/signup 
[2025-04-27T01:28:12.438Z] METHOD: POST /v1/auth/login 
[2025-04-27T01:28:25.799Z] METHOD: POST /v1/usuarios 
[2025-04-27T01:28:25.865Z] METHOD: POST /v1/usuarios 
[2025-04-27T01:28:25.925Z] METHOD: POST /v1/usuarios 
[2025-04-27T01:28:25.982Z] METHOD: POST /v1/edificios 
[2025-04-27T01:28:25.986Z] METHOD: POST /v1/edificios 
[2025-04-27T01:28:25.989Z] METHOD: POST /v1/edificios 
[2025-04-27T01:28:25.993Z] METHOD: POST /v1/empresas-inmobiliarias 
[2025-04-27T01:28:26.022Z] METHOD: POST /v1/empresas-inmobiliarias 
[2025-04-27T01:28:26.027Z] METHOD: POST /v1/proveedores 
[2025-04-27T01:28:26.036Z] METHOD: POST /v1/proveedores 
[2025-04-27T01:28:26.043Z] METHOD: POST /v1/membresias 
[2025-04-27T01:28:26.071Z] METHOD: POST /v1/membresias 
[2025-04-27T01:28:26.077Z] METHOD: POST /v1/promociones 
[2025-04-27T01:28:26.081Z] METHOD: POST /v1/pagos 
[2025-04-27T01:28:26.084Z] METHOD: POST /v1/pagos 
[2025-04-27T01:28:26.087Z] METHOD: POST /v1/notificaciones 
[2025-04-27T01:28:26.090Z] METHOD: POST /v1/notificaciones 
[2025-04-27T01:28:26.093Z] METHOD: GET /v1/usuarios 
[2025-04-27T01:28:26.098Z] METHOD: GET /v1/usuarios/None 
[2025-04-27T01:28:26.101Z] METHOD: GET /v1/edificios 
[2025-04-27T01:28:26.106Z] METHOD: GET /v1/empresas-inmobiliarias 
[2025-04-27T01:28:26.114Z] METHOD: GET /v1/empresas-inmobiliarias/None 
[2025-04-27T01:28:26.117Z] METHOD: GET /v1/proveedores 
[2025-04-27T01:28:26.121Z] METHOD: GET /v1/membresias 
[2025-04-27T01:28:26.125Z] METHOD: GET /v1/membresias/None 
[2025-04-27T01:28:26.129Z] METHOD: GET /v1/salas-reunion 
[2025-04-27T01:28:26.133Z] METHOD: GET /v1/escritorios-flexibles 
[2025-04-27T01:28:26.137Z] METHOD: GET /v1/oficinas 
[2025-04-27T01:28:26.142Z] METHOD: GET /v1/servicios-adicionales 
[2025-04-27T01:28:26.146Z] METHOD: GET /v1/disponibilidades 
[2025-04-27T01:28:26.151Z] METHOD: GET /v1/promociones 
[2025-04-27T01:28:26.156Z] METHOD: GET /v1/reservas 
[2025-04-27T01:28:26.161Z] METHOD: GET /v1/reservas-servicio 
[2025-04-27T01:28:26.165Z] METHOD: GET /v1/pagos 
[2025-04-27T01:28:26.169Z] METHOD: GET /v1/facturas 
[2025-04-27T01:28:26.173Z] METHOD: GET /v1/notificaciones 
[2025-04-27T01:28:26.178Z] METHOD: GET /v1/resenas 
[2025-04-27T01:28:26.182Z] METHOD: PUT /v1/usuarios/None 
[2025-04-27T01:28:26.189Z] METHOD: PUT /v1/empresas-inmobiliarias/None 
[2025-04-27T01:28:26.194Z] METHOD: PUT /v1/membresias/None 
[2025-04-27T01:28:26.198Z] METHOD: GET /v1/edificios/filtrar 
[2025-04-27T01:28:26.203Z] METHOD: GET /v1/empresas-inmobiliarias/verificadas 
[2025-04-27T01:28:26.208Z] METHOD: GET /v1/escritorios-flexibles/filtrar 
[2025-04-27T01:28:26.212Z] METHOD: GET /v1/espacios/disponibles 
[2025-04-27T01:28:26.216Z] METHOD: GET /v1/facturas/filtrar 
[2025-04-27T01:28:26.221Z] METHOD: GET /v1/membresias/activas 
[2025-04-27T01:28:26.224Z] METHOD: GET /v1/notificaciones/filtrar 
[2025-04-27T01:28:26.229Z] METHOD: GET /v1/oficinas/filtrar 
[2025-04-27T01:28:26.232Z] METHOD: GET /v1/pagos/filtrar 
[2025-04-27T01:28:26.235Z] METHOD: GET /v1/promociones/filtrar 
[2025-04-27T01:28:26.238Z] METHOD: GET /v1/proveedores/filtrar 
[2025-04-27T01:28:26.241Z] METHOD: GET /v1/resenas/pendientes-moderacion 
[2025-04-27T01:28:26.244Z] METHOD: GET /v1/reservas/filtrar 
[2025-04-27T01:28:26.247Z] METHOD: GET /v1/reservas-servicio/filtrar 
[2025-04-27T01:28:26.250Z] METHOD: GET /v1/salas-reunion/filtrar 
[2025-04-27T01:28:26.253Z] METHOD: GET /v1/servicios-adicionales/filtrar 
[2025-04-27T01:28:26.256Z] METHOD: DELETE /v1/usuarios/None 
[2025-04-27T01:28:26.260Z] METHOD: DELETE /v1/empresas-inmobiliarias/None 
[2025-04-27T01:28:26.263Z] METHOD: DELETE /v1/membresias/None 
[2025-04-27T01:29:59.876Z] METHOD: POST /v1/usuarios 
[2025-04-27T01:29:59.879Z] METHOD: POST /v1/usuarios 
[2025-04-27T01:29:59.882Z] METHOD: POST /v1/usuarios 
[2025-04-27T01:29:59.885Z] METHOD: POST /v1/proveedores 
[2025-04-27T01:29:59.888Z] METHOD: POST /v1/proveedores 
[2025-04-27T01:29:59.892Z] METHOD: POST /v1/membresias 
[2025-04-27T01:29:59.895Z] METHOD: POST /v1/membresias 
[2025-04-27T01:29:59.899Z] METHOD: GET /v1/usuarios 
[2025-04-27T01:29:59.902Z] METHOD: GET /v1/edificios 
[2025-04-27T01:29:59.904Z] METHOD: GET /v1/empresas-inmobiliarias 
[2025-04-27T01:29:59.907Z] METHOD: GET /v1/proveedores 
[2025-04-27T01:29:59.909Z] METHOD: GET /v1/membresias 
[2025-04-27T01:29:59.912Z] METHOD: GET /v1/salas-reunion 
[2025-04-27T01:29:59.914Z] METHOD: GET /v1/escritorios-flexibles 
[2025-04-27T01:29:59.917Z] METHOD: GET /v1/oficinas 
[2025-04-27T01:29:59.919Z] METHOD: GET /v1/servicios-adicionales 
[2025-04-27T01:29:59.921Z] METHOD: GET /v1/disponibilidades 
[2025-04-27T01:29:59.923Z] METHOD: GET /v1/promociones 
[2025-04-27T01:29:59.925Z] METHOD: GET /v1/reservas 
[2025-04-27T01:29:59.927Z] METHOD: GET /v1/reservas-servicio 
[2025-04-27T01:29:59.929Z] METHOD: GET /v1/pagos 
[2025-04-27T01:29:59.932Z] METHOD: GET /v1/facturas 
[2025-04-27T01:29:59.934Z] METHOD: GET /v1/notificaciones 
[2025-04-27T01:29:59.936Z] METHOD: GET /v1/resenas 
[2025-04-27T01:29:59.938Z] METHOD: GET /v1/edificios/filtrar 
[2025-04-27T01:29:59.940Z] METHOD: GET /v1/empresas-inmobiliarias/verificadas 
[2025-04-27T01:29:59.942Z] METHOD: GET /v1/escritorios-flexibles/filtrar 
[2025-04-27T01:29:59.945Z] METHOD: GET /v1/espacios/disponibles 
[2025-04-27T01:29:59.947Z] METHOD: GET /v1/facturas/filtrar 
[2025-04-27T01:29:59.950Z] METHOD: GET /v1/membresias/activas 
[2025-04-27T01:29:59.953Z] METHOD: GET /v1/notificaciones/filtrar 
[2025-04-27T01:29:59.956Z] METHOD: GET /v1/oficinas/filtrar 
[2025-04-27T01:29:59.958Z] METHOD: GET /v1/pagos/filtrar 
[2025-04-27T01:29:59.960Z] METHOD: GET /v1/promociones/filtrar 
[2025-04-27T01:29:59.963Z] METHOD: GET /v1/proveedores/filtrar 
[2025-04-27T01:29:59.965Z] METHOD: GET /v1/resenas/pendientes-moderacion 
[2025-04-27T01:29:59.967Z] METHOD: GET /v1/reservas/filtrar 
[2025-04-27T01:29:59.969Z] METHOD: GET /v1/reservas-servicio/filtrar 
[2025-04-27T01:29:59.971Z] METHOD: GET /v1/salas-reunion/filtrar 
[2025-04-27T01:29:59.973Z] METHOD: GET /v1/servicios-adicionales/filtrar 
[2025-04-27T01:31:06.822Z] METHOD: GET /public/swagger/ 
[2025-04-27T01:31:06.839Z] METHOD: GET /public/swagger/swagger-ui.css 
[2025-04-27T01:31:06.841Z] METHOD: GET /public/swagger/swagger-ui-bundle.js 
[2025-04-27T01:31:06.842Z] METHOD: GET /public/swagger/swagger-ui-standalone-preset.js 
[2025-04-27T01:31:06.842Z] METHOD: GET /public/swagger/swagger-ui-init.js 
[2025-04-27T01:31:07.169Z] METHOD: GET /public/swagger/favicon-32x32.png 
[2025-04-27T01:31:18.633Z] METHOD: POST /v1/auth/signup 
[2025-04-27T01:31:23.687Z] METHOD: POST /v1/auth/login 
[2025-04-27T01:31:36.982Z] METHOD: POST /v1/usuarios 
[2025-04-27T01:31:37.046Z] METHOD: POST /v1/usuarios 
[2025-04-27T01:31:37.103Z] METHOD: POST /v1/usuarios 
[2025-04-27T01:31:37.158Z] METHOD: POST /v1/edificios 
[2025-04-27T01:31:37.161Z] METHOD: POST /v1/edificios 
[2025-04-27T01:31:37.165Z] METHOD: POST /v1/edificios 
[2025-04-27T01:31:37.168Z] METHOD: POST /v1/empresas-inmobiliarias 
[2025-04-27T01:31:37.175Z] METHOD: POST /v1/empresas-inmobiliarias 
[2025-04-27T01:31:37.181Z] METHOD: POST /v1/proveedores 
[2025-04-27T01:31:37.190Z] METHOD: POST /v1/proveedores 
[2025-04-27T01:31:37.198Z] METHOD: POST /v1/membresias 
[2025-04-27T01:31:37.205Z] METHOD: POST /v1/membresias 
[2025-04-27T01:31:37.211Z] METHOD: POST /v1/pagos 
[2025-04-27T01:31:37.215Z] METHOD: POST /v1/pagos 
[2025-04-27T01:31:37.217Z] METHOD: POST /v1/notificaciones 
[2025-04-27T01:31:37.220Z] METHOD: POST /v1/notificaciones 
[2025-04-27T01:31:37.223Z] METHOD: GET /v1/usuarios 
[2025-04-27T01:31:37.228Z] METHOD: GET /v1/usuarios/None 
[2025-04-27T01:31:37.233Z] METHOD: GET /v1/edificios 
[2025-04-27T01:31:37.238Z] METHOD: GET /v1/empresas-inmobiliarias 
[2025-04-27T01:31:37.245Z] METHOD: GET /v1/empresas-inmobiliarias/None 
[2025-04-27T01:31:37.249Z] METHOD: GET /v1/proveedores 
[2025-04-27T01:31:37.253Z] METHOD: GET /v1/membresias 
[2025-04-27T01:31:37.258Z] METHOD: GET /v1/membresias/None 
[2025-04-27T01:31:37.262Z] METHOD: GET /v1/salas-reunion 
[2025-04-27T01:31:37.265Z] METHOD: GET /v1/escritorios-flexibles 
[2025-04-27T01:31:37.269Z] METHOD: GET /v1/oficinas 
[2025-04-27T01:31:37.272Z] METHOD: GET /v1/servicios-adicionales 
[2025-04-27T01:31:37.277Z] METHOD: GET /v1/disponibilidades 
[2025-04-27T01:31:37.281Z] METHOD: GET /v1/promociones 
[2025-04-27T01:31:37.287Z] METHOD: GET /v1/reservas 
[2025-04-27T01:31:37.290Z] METHOD: GET /v1/reservas-servicio 
[2025-04-27T01:31:37.294Z] METHOD: GET /v1/pagos 
[2025-04-27T01:31:37.297Z] METHOD: GET /v1/facturas 
[2025-04-27T01:31:37.301Z] METHOD: GET /v1/notificaciones 
[2025-04-27T01:31:37.304Z] METHOD: GET /v1/resenas 
[2025-04-27T01:31:37.309Z] METHOD: PUT /v1/usuarios/None 
[2025-04-27T01:31:37.315Z] METHOD: PUT /v1/empresas-inmobiliarias/None 
[2025-04-27T01:31:37.320Z] METHOD: PUT /v1/membresias/None 
[2025-04-27T01:31:37.325Z] METHOD: GET /v1/edificios/filtrar 
[2025-04-27T01:31:37.329Z] METHOD: GET /v1/empresas-inmobiliarias/verificadas 
[2025-04-27T01:31:37.333Z] METHOD: GET /v1/escritorios-flexibles/filtrar 
[2025-04-27T01:31:37.337Z] METHOD: GET /v1/espacios/disponibles 
[2025-04-27T01:31:37.340Z] METHOD: GET /v1/facturas/filtrar 
[2025-04-27T01:31:37.344Z] METHOD: GET /v1/membresias/activas 
[2025-04-27T01:31:37.347Z] METHOD: GET /v1/notificaciones/filtrar 
[2025-04-27T01:31:37.351Z] METHOD: GET /v1/oficinas/filtrar 
[2025-04-27T01:31:37.355Z] METHOD: GET /v1/pagos/filtrar 
[2025-04-27T01:31:37.359Z] METHOD: GET /v1/promociones/filtrar 
[2025-04-27T01:31:37.362Z] METHOD: GET /v1/proveedores/filtrar 
[2025-04-27T01:31:37.366Z] METHOD: GET /v1/resenas/pendientes-moderacion 
[2025-04-27T01:31:37.369Z] METHOD: GET /v1/reservas/filtrar 
[2025-04-27T01:31:37.372Z] METHOD: GET /v1/reservas-servicio/filtrar 
[2025-04-27T01:31:37.375Z] METHOD: GET /v1/salas-reunion/filtrar 
[2025-04-27T01:31:37.378Z] METHOD: GET /v1/servicios-adicionales/filtrar 
[2025-04-27T01:31:37.381Z] METHOD: PUT /v1/membresias/None/activar 
[2025-04-27T01:31:37.385Z] METHOD: GET /v1/membresias/ordenadas?campo=precio.valor&orden=asc 
[2025-04-27T01:31:37.387Z] METHOD: GET /v1/membresias/empresa 
[2025-04-27T01:31:37.390Z] METHOD: GET /v1/membresias/precio?precioMin=10&precioMax=1000 
[2025-04-27T01:31:37.393Z] METHOD: PUT /v1/membresias/None/beneficios 
[2025-04-27T01:31:37.396Z] METHOD: GET /v1/usuarios/tipo/administrador 
[2025-04-27T01:31:37.400Z] METHOD: PUT /v1/usuarios/rol 
[2025-04-27T01:31:37.403Z] METHOD: PUT /v1/usuarios/None/membresia 
[2025-04-27T01:31:37.406Z] METHOD: DELETE /v1/usuarios/None 
[2025-04-27T01:31:37.409Z] METHOD: DELETE /v1/empresas-inmobiliarias/None 
[2025-04-27T01:31:37.412Z] METHOD: DELETE /v1/membresias/None 
[2025-04-27T01:49:15.649Z] METHOD: GET /public/swagger/ 
[2025-04-27T01:49:15.660Z] METHOD: GET /public/swagger/swagger-ui.css 
[2025-04-27T01:49:15.661Z] METHOD: GET /public/swagger/swagger-ui-bundle.js 
[2025-04-27T01:49:15.661Z] METHOD: GET /public/swagger/swagger-ui-standalone-preset.js 
[2025-04-27T01:49:15.662Z] METHOD: GET /public/swagger/swagger-ui-init.js 
[2025-04-27T01:49:15.979Z] METHOD: GET /public/swagger/favicon-32x32.png 
[2025-04-27T01:49:16.919Z] METHOD: GET /public/swagger/ 
[2025-04-27T01:49:16.926Z] METHOD: GET /public/swagger/swagger-ui.css 
[2025-04-27T01:49:16.927Z] METHOD: GET /public/swagger/swagger-ui-bundle.js 
[2025-04-27T01:49:16.927Z] METHOD: GET /public/swagger/swagger-ui-standalone-preset.js 
[2025-04-27T01:49:16.935Z] METHOD: GET /public/swagger/swagger-ui-init.js 
[2025-04-27T01:50:07.561Z] METHOD: POST /v1/auth/login 
[2025-04-27T02:08:56.808Z] METHOD: POST /v1/auth/signup 
[2025-04-27T02:09:00.299Z] METHOD: POST /v1/auth/login 
[2025-04-27T02:09:09.146Z] METHOD: GET /public/health 
[2025-04-27T02:09:09.151Z] METHOD: GET /public/ping 
[2025-04-27T02:09:09.156Z] METHOD: POST /v1/auth/login 
[2025-04-27T02:09:09.227Z] METHOD: POST /v1/auth/signup 
[2025-04-27T02:09:09.291Z] METHOD: POST /v1/usuarios 
[2025-04-27T02:09:09.366Z] METHOD: GET /v1/usuarios 
[2025-04-27T02:09:09.374Z] METHOD: POST /v1/proveedores 
[2025-04-27T02:09:09.389Z] METHOD: GET /v1/proveedores 
[2025-04-27T02:09:09.399Z] METHOD: POST /v1/empresas-inmobiliarias 
[2025-04-27T02:09:09.407Z] METHOD: GET /v1/empresas-inmobiliarias 
[2025-04-27T02:09:09.416Z] METHOD: POST /v1/empresas-inmobiliarias 
[2025-04-27T02:09:09.423Z] METHOD: GET /v1/empresas-inmobiliarias 
[2025-04-27T02:09:09.431Z] METHOD: POST /v1/edificios 
[2025-04-27T02:09:09.437Z] METHOD: GET /v1/edificios 
[2025-04-27T02:09:09.445Z] METHOD: POST /v1/empresas-inmobiliarias 
[2025-04-27T02:09:09.454Z] METHOD: GET /v1/empresas-inmobiliarias 
[2025-04-27T02:09:09.464Z] METHOD: POST /v1/edificios 
[2025-04-27T02:09:09.470Z] METHOD: GET /v1/edificios 
[2025-04-27T02:09:09.477Z] METHOD: POST /v1/empresas-inmobiliarias 
[2025-04-27T02:09:09.485Z] METHOD: GET /v1/empresas-inmobiliarias 
[2025-04-27T02:09:09.496Z] METHOD: POST /v1/edificios 
[2025-04-27T02:09:09.501Z] METHOD: GET /v1/edificios 
[2025-04-27T02:09:09.506Z] METHOD: POST /v1/empresas-inmobiliarias 
[2025-04-27T02:09:09.513Z] METHOD: GET /v1/empresas-inmobiliarias 
[2025-04-27T02:09:09.520Z] METHOD: POST /v1/edificios 
[2025-04-27T02:09:09.527Z] METHOD: GET /v1/edificios 
[2025-04-27T02:09:09.534Z] METHOD: POST /v1/empresas-inmobiliarias 
[2025-04-27T02:09:09.542Z] METHOD: GET /v1/empresas-inmobiliarias 
[2025-04-27T02:09:09.550Z] METHOD: POST /v1/edificios 
[2025-04-27T02:09:09.554Z] METHOD: GET /v1/edificios 
[2025-04-27T02:09:09.562Z] METHOD: POST /v1/empresas-inmobiliarias 
[2025-04-27T02:09:09.571Z] METHOD: GET /v1/empresas-inmobiliarias 
[2025-04-27T02:09:09.578Z] METHOD: POST /v1/edificios 
[2025-04-27T02:09:09.584Z] METHOD: GET /v1/edificios 
[2025-04-27T02:09:09.589Z] METHOD: POST /v1/proveedores 
[2025-04-27T02:09:09.598Z] METHOD: GET /v1/proveedores 
[2025-04-27T02:09:09.603Z] METHOD: POST /v1/servicios-adicionales 
[2025-04-27T02:09:09.608Z] METHOD: GET /v1/servicios-adicionales 
[2025-04-27T02:09:09.617Z] METHOD: POST /v1/usuarios 
[2025-04-27T02:09:09.683Z] METHOD: GET /v1/usuarios 
[2025-04-27T02:09:09.692Z] METHOD: POST /v1/empresas-inmobiliarias 
[2025-04-27T02:09:09.700Z] METHOD: GET /v1/empresas-inmobiliarias 
[2025-04-27T02:09:09.707Z] METHOD: POST /v1/edificios 
[2025-04-27T02:09:09.711Z] METHOD: GET /v1/edificios 
[2025-04-27T02:09:09.718Z] METHOD: POST /v1/empresas-inmobiliarias 
[2025-04-27T02:09:09.726Z] METHOD: GET /v1/empresas-inmobiliarias 
[2025-04-27T02:09:09.737Z] METHOD: POST /v1/edificios 
[2025-04-27T02:09:09.741Z] METHOD: GET /v1/edificios 
[2025-04-27T02:09:09.748Z] METHOD: POST /v1/empresas-inmobiliarias 
[2025-04-27T02:09:09.756Z] METHOD: GET /v1/empresas-inmobiliarias 
[2025-04-27T02:09:09.767Z] METHOD: POST /v1/edificios 
[2025-04-27T02:09:09.772Z] METHOD: GET /v1/edificios 
[2025-04-27T02:09:09.778Z] METHOD: POST /v1/usuarios 
[2025-04-27T02:09:09.844Z] METHOD: GET /v1/usuarios 
[2025-04-27T02:09:09.850Z] METHOD: POST /v1/proveedores 
[2025-04-27T02:09:09.856Z] METHOD: GET /v1/proveedores 
[2025-04-27T02:09:09.864Z] METHOD: POST /v1/servicios-adicionales 
[2025-04-27T02:09:09.869Z] METHOD: GET /v1/servicios-adicionales 
[2025-04-27T02:09:09.876Z] METHOD: POST /v1/usuarios 
[2025-04-27T02:09:09.938Z] METHOD: GET /v1/usuarios 
[2025-04-27T02:09:09.946Z] METHOD: POST /v1/empresas-inmobiliarias 
[2025-04-27T02:09:09.958Z] METHOD: GET /v1/empresas-inmobiliarias 
[2025-04-27T02:09:09.972Z] METHOD: POST /v1/edificios 
[2025-04-27T02:09:09.983Z] METHOD: GET /v1/edificios 
[2025-04-27T02:09:09.991Z] METHOD: POST /v1/empresas-inmobiliarias 
[2025-04-27T02:09:10.003Z] METHOD: GET /v1/empresas-inmobiliarias 
[2025-04-27T02:09:10.011Z] METHOD: POST /v1/edificios 
[2025-04-27T02:09:10.017Z] METHOD: GET /v1/edificios 
[2025-04-27T02:09:10.023Z] METHOD: POST /v1/empresas-inmobiliarias 
[2025-04-27T02:09:10.031Z] METHOD: GET /v1/empresas-inmobiliarias 
[2025-04-27T02:09:10.038Z] METHOD: POST /v1/edificios 
[2025-04-27T02:09:10.042Z] METHOD: GET /v1/edificios 
[2025-04-27T02:09:10.048Z] METHOD: POST /v1/usuarios 
[2025-04-27T02:09:10.115Z] METHOD: GET /v1/usuarios 
[2025-04-27T02:09:10.121Z] METHOD: POST /v1/usuarios 
[2025-04-27T02:09:10.193Z] METHOD: GET /v1/usuarios 
[2025-04-27T02:09:10.201Z] METHOD: POST /v1/empresas-inmobiliarias 
[2025-04-27T02:09:10.209Z] METHOD: GET /v1/empresas-inmobiliarias 
[2025-04-27T02:09:10.216Z] METHOD: POST /v1/edificios 
[2025-04-27T02:09:10.221Z] METHOD: GET /v1/edificios 
[2025-04-27T02:09:10.230Z] METHOD: POST /v1/empresas-inmobiliarias 
[2025-04-27T02:09:10.237Z] METHOD: GET /v1/empresas-inmobiliarias 
[2025-04-27T02:09:10.246Z] METHOD: POST /v1/edificios 
[2025-04-27T02:09:10.249Z] METHOD: GET /v1/edificios 
[2025-04-27T02:09:10.256Z] METHOD: POST /v1/empresas-inmobiliarias 
[2025-04-27T02:09:10.265Z] METHOD: GET /v1/empresas-inmobiliarias 
[2025-04-27T02:09:10.275Z] METHOD: POST /v1/edificios 
[2025-04-27T02:09:10.279Z] METHOD: GET /v1/edificios 
[2025-04-27T02:09:10.285Z] METHOD: POST /v1/usuarios 
[2025-04-27T02:09:10.348Z] METHOD: GET /v1/usuarios 
[2025-04-27T02:09:10.356Z] METHOD: POST /v1/usuarios 
[2025-04-27T02:09:10.419Z] METHOD: GET /v1/usuarios 
[2025-04-27T02:09:10.428Z] METHOD: POST /v1/usuarios 
[2025-04-27T02:09:10.497Z] METHOD: GET /v1/usuarios 
[2025-04-27T02:09:10.503Z] METHOD: POST /v1/empresas-inmobiliarias 
[2025-04-27T02:09:10.509Z] METHOD: GET /v1/empresas-inmobiliarias 
[2025-04-27T02:09:10.516Z] METHOD: POST /v1/edificios 
[2025-04-27T02:09:10.519Z] METHOD: GET /v1/edificios 
[2025-04-27T02:09:10.526Z] METHOD: POST /v1/empresas-inmobiliarias 
[2025-04-27T02:09:10.532Z] METHOD: GET /v1/empresas-inmobiliarias 
[2025-04-27T02:09:10.540Z] METHOD: POST /v1/edificios 
[2025-04-27T02:09:10.543Z] METHOD: GET /v1/edificios 
[2025-04-27T02:09:10.549Z] METHOD: POST /v1/empresas-inmobiliarias 
[2025-04-27T02:09:10.555Z] METHOD: GET /v1/empresas-inmobiliarias 
[2025-04-27T02:09:10.563Z] METHOD: POST /v1/edificios 
[2025-04-27T02:09:10.568Z] METHOD: GET /v1/edificios 
[2025-04-27T02:09:10.574Z] METHOD: POST /v1/promociones 
[2025-04-27T02:09:10.581Z] METHOD: GET /v1/promociones 
[2025-04-27T02:09:10.589Z] METHOD: POST /v1/membresias 
[2025-04-27T02:09:10.599Z] METHOD: GET /v1/membresias 
[2025-04-27T02:09:10.606Z] METHOD: POST /v1/usuarios 
[2025-04-27T02:09:10.672Z] METHOD: GET /v1/usuarios 
[2025-04-27T02:09:10.679Z] METHOD: POST /v1/usuarios 
[2025-04-27T02:09:10.743Z] METHOD: GET /v1/usuarios 
[2025-04-27T02:09:10.752Z] METHOD: POST /v1/empresas-inmobiliarias 
[2025-04-27T02:09:10.760Z] METHOD: GET /v1/empresas-inmobiliarias 
[2025-04-27T02:09:10.768Z] METHOD: POST /v1/edificios 
[2025-04-27T02:09:10.772Z] METHOD: GET /v1/edificios 
[2025-04-27T02:09:10.779Z] METHOD: POST /v1/proveedores 
[2025-04-27T02:09:10.785Z] METHOD: GET /v1/proveedores 
[2025-04-27T02:09:10.793Z] METHOD: POST /v1/servicios-adicionales 
[2025-04-27T02:09:10.797Z] METHOD: GET /v1/servicios-adicionales 
[2025-04-27T02:14:50.610Z] METHOD: GET /public/health 
[2025-04-27T02:14:50.613Z] METHOD: GET /public/ping 
[2025-04-27T02:14:50.617Z] METHOD: POST /v1/auth/login 
[2025-04-27T02:14:50.680Z] METHOD: POST /v1/auth/signup 
[2025-04-27T02:14:50.744Z] METHOD: POST /v1/usuarios 
[2025-04-27T02:14:50.807Z] METHOD: GET /v1/usuarios 
[2025-04-27T02:14:50.816Z] METHOD: POST /v1/proveedores 
[2025-04-27T02:14:50.823Z] METHOD: GET /v1/proveedores 
[2025-04-27T02:14:50.833Z] METHOD: POST /v1/empresas-inmobiliarias 
[2025-04-27T02:14:50.841Z] METHOD: GET /v1/empresas-inmobiliarias 
[2025-04-27T02:14:50.853Z] METHOD: POST /v1/empresas-inmobiliarias 
[2025-04-27T02:14:50.861Z] METHOD: GET /v1/empresas-inmobiliarias 
[2025-04-27T02:14:50.874Z] METHOD: POST /v1/edificios 
[2025-04-27T02:14:50.878Z] METHOD: GET /v1/edificios 
[2025-04-27T02:14:50.884Z] METHOD: POST /v1/empresas-inmobiliarias 
[2025-04-27T02:14:50.890Z] METHOD: GET /v1/empresas-inmobiliarias 
[2025-04-27T02:14:50.902Z] METHOD: POST /v1/edificios 
[2025-04-27T02:14:50.905Z] METHOD: GET /v1/edificios 
[2025-04-27T02:14:50.912Z] METHOD: POST /v1/empresas-inmobiliarias 
[2025-04-27T02:14:50.918Z] METHOD: GET /v1/empresas-inmobiliarias 
[2025-04-27T02:14:50.928Z] METHOD: POST /v1/edificios 
[2025-04-27T02:14:50.934Z] METHOD: GET /v1/edificios 
[2025-04-27T02:14:50.940Z] METHOD: POST /v1/empresas-inmobiliarias 
[2025-04-27T02:14:50.947Z] METHOD: GET /v1/empresas-inmobiliarias 
[2025-04-27T02:14:50.957Z] METHOD: POST /v1/edificios 
[2025-04-27T02:14:50.960Z] METHOD: GET /v1/edificios 
[2025-04-27T02:14:50.969Z] METHOD: POST /v1/empresas-inmobiliarias 
[2025-04-27T02:14:50.975Z] METHOD: GET /v1/empresas-inmobiliarias 
[2025-04-27T02:14:50.984Z] METHOD: POST /v1/edificios 
[2025-04-27T02:14:50.987Z] METHOD: GET /v1/edificios 
[2025-04-27T02:14:50.994Z] METHOD: POST /v1/empresas-inmobiliarias 
[2025-04-27T02:14:51.001Z] METHOD: GET /v1/empresas-inmobiliarias 
[2025-04-27T02:14:51.012Z] METHOD: POST /v1/edificios 
[2025-04-27T02:14:51.016Z] METHOD: GET /v1/edificios 
[2025-04-27T02:14:51.021Z] METHOD: POST /v1/proveedores 
[2025-04-27T02:14:51.027Z] METHOD: GET /v1/proveedores 
[2025-04-27T02:14:51.036Z] METHOD: POST /v1/servicios-adicionales 
[2025-04-27T02:14:51.040Z] METHOD: GET /v1/servicios-adicionales 
[2025-04-27T02:14:51.047Z] METHOD: POST /v1/usuarios 
[2025-04-27T02:14:51.114Z] METHOD: GET /v1/usuarios 
[2025-04-27T02:14:51.121Z] METHOD: POST /v1/empresas-inmobiliarias 
[2025-04-27T02:14:51.127Z] METHOD: GET /v1/empresas-inmobiliarias 
[2025-04-27T02:14:51.137Z] METHOD: POST /v1/edificios 
[2025-04-27T02:14:51.141Z] METHOD: GET /v1/edificios 
[2025-04-27T02:14:51.146Z] METHOD: POST /v1/empresas-inmobiliarias 
[2025-04-27T02:14:51.153Z] METHOD: GET /v1/empresas-inmobiliarias 
[2025-04-27T02:14:51.161Z] METHOD: POST /v1/edificios 
[2025-04-27T02:14:51.168Z] METHOD: GET /v1/edificios 
[2025-04-27T02:14:51.174Z] METHOD: POST /v1/empresas-inmobiliarias 
[2025-04-27T02:14:51.181Z] METHOD: GET /v1/empresas-inmobiliarias 
[2025-04-27T02:14:51.190Z] METHOD: POST /v1/edificios 
[2025-04-27T02:14:51.194Z] METHOD: GET /v1/edificios 
[2025-04-27T02:14:51.201Z] METHOD: POST /v1/usuarios 
[2025-04-27T02:14:51.262Z] METHOD: GET /v1/usuarios 
[2025-04-27T02:14:51.271Z] METHOD: POST /v1/proveedores 
[2025-04-27T02:14:51.277Z] METHOD: GET /v1/proveedores 
[2025-04-27T02:14:51.281Z] METHOD: POST /v1/servicios-adicionales 
[2025-04-27T02:14:51.286Z] METHOD: GET /v1/servicios-adicionales 
[2025-04-27T02:14:51.292Z] METHOD: POST /v1/usuarios 
[2025-04-27T02:14:51.356Z] METHOD: GET /v1/usuarios 
[2025-04-27T02:14:51.362Z] METHOD: POST /v1/empresas-inmobiliarias 
[2025-04-27T02:14:51.371Z] METHOD: GET /v1/empresas-inmobiliarias 
[2025-04-27T02:14:51.379Z] METHOD: POST /v1/edificios 
[2025-04-27T02:14:51.382Z] METHOD: GET /v1/edificios 
[2025-04-27T02:14:51.387Z] METHOD: POST /v1/empresas-inmobiliarias 
[2025-04-27T02:14:51.393Z] METHOD: GET /v1/empresas-inmobiliarias 
[2025-04-27T02:14:51.405Z] METHOD: POST /v1/edificios 
[2025-04-27T02:14:51.408Z] METHOD: GET /v1/edificios 
[2025-04-27T02:14:51.415Z] METHOD: POST /v1/empresas-inmobiliarias 
[2025-04-27T02:14:51.422Z] METHOD: GET /v1/empresas-inmobiliarias 
[2025-04-27T02:14:51.436Z] METHOD: POST /v1/edificios 
[2025-04-27T02:14:51.440Z] METHOD: GET /v1/edificios 
[2025-04-27T02:14:51.444Z] METHOD: POST /v1/usuarios 
[2025-04-27T02:14:51.506Z] METHOD: GET /v1/usuarios 
[2025-04-27T02:14:51.514Z] METHOD: POST /v1/usuarios 
[2025-04-27T02:14:51.578Z] METHOD: GET /v1/usuarios 
[2025-04-27T02:14:51.586Z] METHOD: POST /v1/empresas-inmobiliarias 
[2025-04-27T02:14:51.591Z] METHOD: GET /v1/empresas-inmobiliarias 
[2025-04-27T02:14:51.602Z] METHOD: POST /v1/edificios 
[2025-04-27T02:14:51.605Z] METHOD: GET /v1/edificios 
[2025-04-27T02:14:51.611Z] METHOD: POST /v1/empresas-inmobiliarias 
[2025-04-27T02:14:51.618Z] METHOD: GET /v1/empresas-inmobiliarias 
[2025-04-27T02:14:51.628Z] METHOD: POST /v1/edificios 
[2025-04-27T02:14:51.635Z] METHOD: GET /v1/edificios 
[2025-04-27T02:14:51.640Z] METHOD: POST /v1/empresas-inmobiliarias 
[2025-04-27T02:14:51.647Z] METHOD: GET /v1/empresas-inmobiliarias 
[2025-04-27T02:14:51.658Z] METHOD: POST /v1/edificios 
[2025-04-27T02:14:51.661Z] METHOD: GET /v1/edificios 
[2025-04-27T02:14:51.669Z] METHOD: POST /v1/usuarios 
[2025-04-27T02:14:51.730Z] METHOD: GET /v1/usuarios 
[2025-04-27T02:14:51.739Z] METHOD: POST /v1/usuarios 
[2025-04-27T02:14:51.814Z] METHOD: GET /v1/usuarios 
[2025-04-27T02:14:51.821Z] METHOD: POST /v1/usuarios 
[2025-04-27T02:14:51.883Z] METHOD: GET /v1/usuarios 
[2025-04-27T02:14:51.890Z] METHOD: POST /v1/empresas-inmobiliarias 
[2025-04-27T02:14:51.897Z] METHOD: GET /v1/empresas-inmobiliarias 
[2025-04-27T02:14:51.908Z] METHOD: POST /v1/edificios 
[2025-04-27T02:14:51.911Z] METHOD: GET /v1/edificios 
[2025-04-27T02:14:51.917Z] METHOD: POST /v1/empresas-inmobiliarias 
[2025-04-27T02:14:51.923Z] METHOD: GET /v1/empresas-inmobiliarias 
[2025-04-27T02:14:51.935Z] METHOD: POST /v1/edificios 
[2025-04-27T02:14:51.939Z] METHOD: GET /v1/edificios 
[2025-04-27T02:14:51.945Z] METHOD: POST /v1/empresas-inmobiliarias 
[2025-04-27T02:14:51.952Z] METHOD: GET /v1/empresas-inmobiliarias 
[2025-04-27T02:14:51.961Z] METHOD: POST /v1/edificios 
[2025-04-27T02:14:51.966Z] METHOD: GET /v1/edificios 
[2025-04-27T02:14:51.980Z] METHOD: POST /v1/promociones 
[2025-04-27T02:14:51.996Z] METHOD: GET /v1/promociones 
[2025-04-27T02:14:52.008Z] METHOD: POST /v1/membresias 
[2025-04-27T02:14:52.017Z] METHOD: GET /v1/membresias 
[2025-04-27T02:14:52.025Z] METHOD: POST /v1/usuarios 
[2025-04-27T02:14:52.091Z] METHOD: GET /v1/usuarios 
[2025-04-27T02:14:52.102Z] METHOD: POST /v1/usuarios 
[2025-04-27T02:14:52.164Z] METHOD: GET /v1/usuarios 
[2025-04-27T02:14:52.173Z] METHOD: POST /v1/empresas-inmobiliarias 
[2025-04-27T02:14:52.179Z] METHOD: GET /v1/empresas-inmobiliarias 
[2025-04-27T02:14:52.189Z] METHOD: POST /v1/edificios 
[2025-04-27T02:14:52.192Z] METHOD: GET /v1/edificios 
[2025-04-27T02:14:52.200Z] METHOD: POST /v1/proveedores 
[2025-04-27T02:14:52.207Z] METHOD: GET /v1/proveedores 
[2025-04-27T02:14:52.211Z] METHOD: POST /v1/servicios-adicionales 
[2025-04-27T02:14:52.215Z] METHOD: GET /v1/servicios-adicionales 
[2025-04-27T17:48:09.862Z] METHOD: GET /public/swagger/ 
[2025-04-27T17:48:09.883Z] METHOD: GET /public/swagger/swagger-ui.css 
[2025-04-27T17:48:09.888Z] METHOD: GET /public/swagger/swagger-ui-bundle.js 
[2025-04-27T17:48:09.888Z] METHOD: GET /public/swagger/swagger-ui-standalone-preset.js 
[2025-04-27T17:48:09.890Z] METHOD: GET /public/swagger/swagger-ui-init.js 
[2025-04-27T17:48:20.922Z] METHOD: POST /v1/auth/signup 
[2025-04-27T17:59:11.806Z] METHOD: GET /public/swagger/ 
[2025-04-27T17:59:11.822Z] METHOD: GET /public/swagger/swagger-ui.css 
[2025-04-27T17:59:11.825Z] METHOD: GET /public/swagger/swagger-ui-bundle.js 
[2025-04-27T17:59:11.826Z] METHOD: GET /public/swagger/swagger-ui-standalone-preset.js 
[2025-04-27T17:59:11.826Z] METHOD: GET /public/swagger/swagger-ui-init.js 
[2025-04-27T17:59:12.321Z] METHOD: GET /public/swagger/favicon-32x32.png 
[2025-04-27T18:00:11.684Z] METHOD: GET /public/swagger/ 
[2025-04-27T18:00:11.700Z] METHOD: GET /public/swagger/swagger-ui.css 
[2025-04-27T18:00:11.703Z] METHOD: GET /public/swagger/swagger-ui-bundle.js 
[2025-04-27T18:00:11.704Z] METHOD: GET /public/swagger/swagger-ui-standalone-preset.js 
[2025-04-27T18:00:11.705Z] METHOD: GET /public/swagger/swagger-ui-init.js 
[2025-04-27T18:00:12.013Z] METHOD: GET /public/swagger/favicon-32x32.png 
[2025-04-27T18:06:33.851Z] METHOD: GET /public/swagger/ 
[2025-04-27T18:06:33.866Z] METHOD: GET /public/swagger/swagger-ui.css 
[2025-04-27T18:06:33.868Z] METHOD: GET /public/swagger/swagger-ui-bundle.js 
[2025-04-27T18:06:33.868Z] METHOD: GET /public/swagger/swagger-ui-standalone-preset.js 
[2025-04-27T18:06:33.869Z] METHOD: GET /public/swagger/swagger-ui-init.js 
[2025-04-27T18:06:34.154Z] METHOD: GET /public/swagger/favicon-32x32.png 
[2025-04-27T18:11:16.904Z] METHOD: GET /public/swagger/ 
[2025-04-27T18:11:16.920Z] METHOD: GET /public/swagger/swagger-ui.css 
[2025-04-27T18:11:16.920Z] METHOD: GET /public/swagger/swagger-ui-bundle.js 
[2025-04-27T18:11:16.921Z] METHOD: GET /public/swagger/swagger-ui-standalone-preset.js 
[2025-04-27T18:11:16.921Z] METHOD: GET /public/swagger/swagger-ui-init.js 
[2025-04-27T18:11:17.155Z] METHOD: GET /public/swagger/favicon-32x32.png 
[2025-04-27T18:27:11.956Z] METHOD: GET /public/swagger/ 
[2025-04-27T18:27:11.973Z] METHOD: GET /public/swagger/swagger-ui.css 
[2025-04-27T18:27:11.977Z] METHOD: GET /public/swagger/swagger-ui-bundle.js 
[2025-04-27T18:27:11.977Z] METHOD: GET /public/swagger/swagger-ui-standalone-preset.js 
[2025-04-27T18:27:11.978Z] METHOD: GET /public/swagger/swagger-ui-init.js 
[2025-04-27T18:27:12.274Z] METHOD: GET /public/swagger/favicon-32x32.png 
[2025-04-27T18:29:24.534Z] METHOD: GET /public/swagger/ 
[2025-04-27T18:29:24.550Z] METHOD: GET /public/swagger/swagger-ui.css 
[2025-04-27T18:29:24.551Z] METHOD: GET /public/swagger/swagger-ui-bundle.js 
[2025-04-27T18:29:24.553Z] METHOD: GET /public/swagger/swagger-ui-standalone-preset.js 
[2025-04-27T18:29:24.553Z] METHOD: GET /public/swagger/swagger-ui-init.js 
[2025-04-27T18:29:24.836Z] METHOD: GET /public/swagger/favicon-32x32.png 
[2025-04-27T18:29:27.945Z] METHOD: GET /public/health 
[2025-04-27T18:29:31.869Z] METHOD: GET /public/ping 
[2025-04-27T18:30:42.783Z] METHOD: GET /public/swagger/ 
[2025-04-27T18:30:42.800Z] METHOD: GET /public/swagger/swagger-ui-standalone-preset.js 
[2025-04-27T18:30:42.801Z] METHOD: GET /public/swagger/swagger-ui.css 
[2025-04-27T18:30:42.802Z] METHOD: GET /public/swagger/swagger-ui-bundle.js 
[2025-04-27T18:30:42.804Z] METHOD: GET /public/swagger/swagger-ui-init.js 
[2025-04-27T18:30:43.075Z] METHOD: GET /public/swagger/favicon-32x32.png 
[2025-04-27T18:30:48.387Z] METHOD: POST /v1/auth/signup 
[2025-04-27T18:30:52.774Z] METHOD: POST /v1/auth/login 
[2025-04-27T18:31:03.434Z] METHOD: GET /v1/disponibilidades 
[2025-04-27T18:31:07.800Z] METHOD: POST /v1/disponibilidades 
[2025-04-27T18:40:43.499Z] METHOD: GET /public/swagger/ 
[2025-04-27T18:40:43.514Z] METHOD: GET /public/swagger/swagger-ui.css 
[2025-04-27T18:40:43.517Z] METHOD: GET /public/swagger/swagger-ui-bundle.js 
[2025-04-27T18:40:43.517Z] METHOD: GET /public/swagger/swagger-ui-standalone-preset.js 
[2025-04-27T18:40:43.518Z] METHOD: GET /public/swagger/swagger-ui-init.js 
[2025-04-27T18:40:43.802Z] METHOD: GET /public/swagger/favicon-32x32.png 
[2025-04-27T18:41:33.094Z] METHOD: GET /public/swagger/ 
[2025-04-27T18:41:33.108Z] METHOD: GET /public/swagger/swagger-ui.css 
[2025-04-27T18:41:33.111Z] METHOD: GET /public/swagger/swagger-ui-bundle.js 
[2025-04-27T18:41:33.112Z] METHOD: GET /public/swagger/swagger-ui-standalone-preset.js 
[2025-04-27T18:41:33.112Z] METHOD: GET /public/swagger/swagger-ui-init.js 
[2025-04-27T18:41:33.380Z] METHOD: GET /public/swagger/favicon-32x32.png 
[2025-04-27T18:50:09.018Z] METHOD: GET /public/swagger/ 
[2025-04-27T18:50:09.030Z] METHOD: GET /public/swagger/swagger-ui.css 
[2025-04-27T18:50:09.031Z] METHOD: GET /public/swagger/swagger-ui-bundle.js 
[2025-04-27T18:50:09.032Z] METHOD: GET /public/swagger/swagger-ui-standalone-preset.js 
[2025-04-27T18:50:09.032Z] METHOD: GET /public/swagger/swagger-ui-init.js 
[2025-04-27T18:50:09.304Z] METHOD: GET /public/swagger/favicon-32x32.png 
[2025-04-27T18:50:22.078Z] METHOD: GET /v1/reservas 
[2025-04-27T18:51:46.899Z] METHOD: GET /public/swagger/ 
[2025-04-27T18:51:46.913Z] METHOD: GET /public/swagger/swagger-ui.css 
[2025-04-27T18:51:46.916Z] METHOD: GET /public/swagger/swagger-ui-bundle.js 
[2025-04-27T18:51:46.916Z] METHOD: GET /public/swagger/swagger-ui-standalone-preset.js 
[2025-04-27T18:51:46.917Z] METHOD: GET /public/swagger/swagger-ui-init.js 
[2025-04-27T18:51:47.144Z] METHOD: GET /public/swagger/favicon-32x32.png 
[2025-04-27T18:56:25.813Z] METHOD: GET /public/swagger/ 
[2025-04-27T18:56:25.825Z] METHOD: GET /public/swagger/swagger-ui.css 
[2025-04-27T18:56:25.828Z] METHOD: GET /public/swagger/swagger-ui-bundle.js 
[2025-04-27T18:56:25.829Z] METHOD: GET /public/swagger/swagger-ui-standalone-preset.js 
[2025-04-27T18:56:25.829Z] METHOD: GET /public/swagger/swagger-ui-init.js 
[2025-04-27T18:56:26.097Z] METHOD: GET /public/swagger/favicon-32x32.png 
[2025-04-27T18:57:11.310Z] METHOD: GET /public/swagger/ 
[2025-04-27T18:57:11.322Z] METHOD: GET /public/swagger/swagger-ui.css 
[2025-04-27T18:57:11.325Z] METHOD: GET /public/swagger/swagger-ui-bundle.js 
[2025-04-27T18:57:11.325Z] METHOD: GET /public/swagger/swagger-ui-standalone-preset.js 
[2025-04-27T18:57:11.325Z] METHOD: GET /public/swagger/swagger-ui-init.js 
[2025-04-27T18:57:11.548Z] METHOD: GET /public/swagger/favicon-32x32.png 
[2025-04-27T18:58:23.767Z] METHOD: GET /public/health 
[2025-04-27T18:58:27.471Z] METHOD: GET /public/ping 
[2025-04-27T18:58:32.718Z] METHOD: POST /v1/auth/signup 
[2025-04-27T18:58:41.405Z] METHOD: POST /v1/auth/login 
[2025-04-27T18:58:50.317Z] METHOD: GET /v1/usuarios 
[2025-04-27T18:58:57.481Z] METHOD: POST /v1/usuarios 
[2025-04-27T18:59:26.442Z] METHOD: GET /v1/usuarios/680e7e58017b51519f6fd403 
[2025-04-27T18:59:42.735Z] METHOD: PUT /v1/usuarios/680e7e71017b51519f6fd407 
[2025-04-27T19:00:01.845Z] METHOD: DELETE /v1/usuarios/680e7e71017b51519f6fd407 
[2025-04-27T19:00:07.098Z] METHOD: GET /v1/usuarios/tipo/individual 
[2025-04-27T19:00:11.537Z] METHOD: GET /v1/usuarios/tipo/freelancer 
[2025-04-27T19:00:35.714Z] METHOD: PUT /v1/usuarios/rol 
[2025-04-27T19:06:02.210Z] METHOD: PUT /v1/usuarios/rol 
[2025-04-27T19:06:25.477Z] METHOD: POST /v1/membresias 
[2025-04-27T19:06:46.002Z] METHOD: PUT /v1/usuarios/680e7e58017b51519f6fd403/membresia 
[2025-04-27T19:07:45.371Z] METHOD: GET /public/swagger/ 
[2025-04-27T19:07:45.385Z] METHOD: GET /public/swagger/swagger-ui.css 
[2025-04-27T19:07:45.388Z] METHOD: GET /public/swagger/swagger-ui-bundle.js 
[2025-04-27T19:07:45.389Z] METHOD: GET /public/swagger/swagger-ui-standalone-preset.js 
[2025-04-27T19:07:45.390Z] METHOD: GET /public/swagger/swagger-ui-init.js 
[2025-04-27T19:07:45.663Z] METHOD: GET /public/swagger/favicon-32x32.png 
[2025-04-27T19:07:51.153Z] METHOD: POST /v1/auth/login 
[2025-04-27T19:08:02.738Z] METHOD: GET /v1/membresias 
[2025-04-27T19:08:14.563Z] METHOD: GET /v1/membresias/680e80316a1763414b6aa26e 
[2025-04-27T19:08:20.338Z] METHOD: PUT /v1/membresias/680e80316a1763414b6aa26e 
[2025-04-27T19:08:29.052Z] METHOD: DELETE /v1/membresias/680e80316a1763414b6aa26e 
[2025-04-27T19:08:44.255Z] METHOD: GET /v1/membresias/tipo/basico 
[2025-04-27T19:08:46.381Z] METHOD: GET /v1/membresias/tipo/estandar 
[2025-04-27T19:08:48.297Z] METHOD: GET /v1/membresias/tipo/premium 
[2025-04-27T19:08:49.743Z] METHOD: GET /v1/membresias/tipo/empresarial 
[2025-04-27T19:09:00.761Z] METHOD: GET /v1/membresias/tipo/premium 
[2025-04-27T19:09:06.824Z] METHOD: GET /v1/membresias/activas 
[2025-04-27T19:09:25.875Z] METHOD: PUT /v1/membresias/680e80316a1763414b6aa26e/activar 
[2025-04-27T19:09:38.625Z] METHOD: GET /v1/membresias/ordenadas?campo=precio.valor&orden=asc 
[2025-04-27T19:10:30.275Z] METHOD: GET /v1/membresias/empresa 
[2025-04-27T19:11:12.909Z] METHOD: GET /v1/membresias/precio?precioMin=17000&precioMax=19000 
[2025-04-27T19:11:44.369Z] METHOD: GET /v1/membresias/beneficio/Acceso%2024%2F7 
[2025-04-27T19:11:53.317Z] METHOD: PUT /v1/membresias/Acceso%2024%2F7/beneficios 
[2025-04-27T19:12:05.597Z] METHOD: PUT /v1/membresias/680e80316a1763414b6aa26e/beneficios 
[2025-04-27T19:12:20.660Z] METHOD: POST /v1/membresias/suscribir 
[2025-04-27T19:12:37.436Z] METHOD: POST /v1/membresias/cancelar 
[2025-04-27T19:12:53.544Z] METHOD: GET /v1/membresias/activas 
[2025-04-27T19:14:59.609Z] METHOD: GET /v1/membresias/activas 
[2025-04-27T19:15:09.061Z] METHOD: GET /v1/membresias/ordenadas?campo=precio.valor&orden=asc 
[2025-04-27T19:15:21.599Z] METHOD: GET /v1/membresias/empresa 
[2025-04-27T19:15:40.566Z] METHOD: GET /v1/membresias/ordenadas?campo=precio.valor&orden=asc 
[2025-04-27T19:15:49.075Z] METHOD: GET /v1/membresias/precio?precioMin=17000&precioMax=19000 
[2025-04-27T19:16:52.864Z] METHOD: GET /public/swagger/ 
[2025-04-27T19:16:52.893Z] METHOD: GET /public/swagger/swagger-ui.css 
[2025-04-27T19:16:52.896Z] METHOD: GET /public/swagger/swagger-ui-bundle.js 
[2025-04-27T19:16:52.897Z] METHOD: GET /public/swagger/swagger-ui-standalone-preset.js 
[2025-04-27T19:16:52.899Z] METHOD: GET /public/swagger/swagger-ui-init.js 
[2025-04-27T19:16:53.187Z] METHOD: GET /public/swagger/favicon-32x32.png 
[2025-04-27T19:17:12.543Z] METHOD: GET /public/swagger/ 
[2025-04-27T19:17:12.600Z] METHOD: GET /public/swagger/swagger-ui.css 
[2025-04-27T19:17:12.600Z] METHOD: GET /public/swagger/swagger-ui-standalone-preset.js 
[2025-04-27T19:17:12.601Z] METHOD: GET /public/swagger/swagger-ui-bundle.js 
[2025-04-27T19:17:12.607Z] METHOD: GET /public/swagger/swagger-ui-init.js 
[2025-04-27T19:17:28.109Z] METHOD: GET /public/swagger/ 
[2025-04-27T19:17:28.123Z] METHOD: GET /public/swagger/swagger-ui.css 
[2025-04-27T19:17:28.124Z] METHOD: GET /public/swagger/swagger-ui-bundle.js 
[2025-04-27T19:17:28.124Z] METHOD: GET /public/swagger/swagger-ui-standalone-preset.js 
[2025-04-27T19:17:28.124Z] METHOD: GET /public/swagger/swagger-ui-init.js 
[2025-04-27T19:17:28.528Z] METHOD: GET /public/swagger/favicon-32x32.png 
[2025-04-27T19:17:40.149Z] METHOD: POST /v1/auth/login 
[2025-04-27T19:17:46.018Z] METHOD: POST /v1/auth/login 
[2025-04-27T19:17:56.494Z] METHOD: GET /v1/proveedores 
[2025-04-27T19:18:00.918Z] METHOD: POST /v1/proveedores 
[2025-04-27T19:24:27.320Z] METHOD: POST /v1/proveedores 
[2025-04-27T19:42:21.232Z] METHOD: GET /public/swagger/ 
[2025-04-27T19:42:21.250Z] METHOD: GET /public/swagger/swagger-ui.css 
[2025-04-27T19:42:21.254Z] METHOD: GET /public/swagger/swagger-ui-bundle.js 
[2025-04-27T19:42:21.255Z] METHOD: GET /public/swagger/swagger-ui-standalone-preset.js 
[2025-04-27T19:42:21.255Z] METHOD: GET /public/swagger/swagger-ui-init.js 
[2025-04-27T19:42:21.751Z] METHOD: GET /public/swagger/favicon-32x32.png 
[2025-04-27T19:42:26.786Z] METHOD: POST /v1/proveedores 
[2025-04-27T19:42:34.385Z] METHOD: POST /v1/auth/login 
[2025-04-27T19:43:01.187Z] METHOD: POST /v1/proveedores 
[2025-04-27T19:49:10.944Z] METHOD: GET /public/swagger/ 
[2025-04-27T19:49:10.960Z] METHOD: GET /public/swagger/swagger-ui.css 
[2025-04-27T19:49:10.961Z] METHOD: GET /public/swagger/swagger-ui-init.js 
[2025-04-27T19:49:10.963Z] METHOD: GET /public/swagger/swagger-ui-bundle.js 
[2025-04-27T19:49:10.963Z] METHOD: GET /public/swagger/swagger-ui-standalone-preset.js 
[2025-04-27T19:49:11.228Z] METHOD: GET /public/swagger/favicon-32x32.png 
[2025-04-27T19:49:14.159Z] METHOD: POST /v1/auth/login 
[2025-04-27T19:49:28.384Z] METHOD: POST /v1/proveedores 
[2025-04-27T19:50:56.125Z] METHOD: GET /public/swagger/ 
[2025-04-27T19:50:56.141Z] METHOD: GET /public/swagger/swagger-ui.css 
[2025-04-27T19:50:56.144Z] METHOD: GET /public/swagger/swagger-ui-bundle.js 
[2025-04-27T19:50:56.145Z] METHOD: GET /public/swagger/swagger-ui-standalone-preset.js 
[2025-04-27T19:50:56.146Z] METHOD: GET /public/swagger/swagger-ui-init.js 
[2025-04-27T19:50:56.487Z] METHOD: GET /public/swagger/favicon-32x32.png 
[2025-04-27T19:51:27.087Z] METHOD: GET /v1/servicios-adicionales 
[2025-04-27T19:52:39.235Z] METHOD: GET /v1/servicios-adicionales 
[2025-04-27T19:52:43.963Z] METHOD: POST /v1/auth/login 
[2025-04-27T19:52:52.752Z] METHOD: GET /v1/servicios-adicionales 
[2025-04-27T19:52:57.756Z] METHOD: POST /v1/servicios-adicionales 
[2025-04-27T19:54:05.562Z] METHOD: GET /public/swagger/ 
[2025-04-27T19:54:05.581Z] METHOD: GET /public/swagger/swagger-ui.css 
[2025-04-27T19:54:05.582Z] METHOD: GET /public/swagger/swagger-ui-bundle.js 
[2025-04-27T19:54:05.583Z] METHOD: GET /public/swagger/swagger-ui-standalone-preset.js 
[2025-04-27T19:54:05.584Z] METHOD: GET /public/swagger/swagger-ui-init.js 
[2025-04-27T19:54:05.837Z] METHOD: GET /public/swagger/favicon-32x32.png 
[2025-04-27T19:54:14.641Z] METHOD: POST /v1/auth/login 
[2025-04-27T19:54:31.882Z] METHOD: GET /v1/proveedores 
[2025-04-27T19:54:46.370Z] METHOD: GET /v1/proveedores/680e8a4811f27e54714d4574 
[2025-04-27T19:54:52.070Z] METHOD: PUT /v1/proveedores/680e8a4811f27e54714d4574 
[2025-04-27T19:55:00.818Z] METHOD: DELETE /v1/proveedores/680e8a4811f27e54714d4574 
[2025-04-27T19:55:07.243Z] METHOD: GET /v1/proveedores/tipo/empresa 
[2025-04-27T19:55:18.508Z] METHOD: GET /v1/proveedores/tipo/empresa 
[2025-04-27T19:55:22.450Z] METHOD: GET /v1/proveedores/verificados 
[2025-04-27T19:55:44.943Z] METHOD: GET /v1/proveedores/servicio/60d5ec9af682fbd12a0b4d8b 
[2025-04-27T19:56:02.047Z] METHOD: PUT /v1/proveedores/680e8a4811f27e54714d4574/activar 
[2025-04-27T19:56:11.989Z] METHOD: POST /v1/proveedores/verificar 
[2025-04-27T19:56:16.164Z] METHOD: POST /v1/proveedores/verificar 
[2025-04-27T19:56:21.747Z] METHOD: GET /v1/proveedores/verificados 
[2025-04-27T19:56:32.896Z] METHOD: PUT /v1/proveedores/680e8a4811f27e54714d4574/calificacion 
[2025-04-27T19:57:12.691Z] METHOD: POST /v1/servicios-adicionales 
[2025-04-27T19:57:48.314Z] METHOD: DELETE /v1/proveedores/680e8a4811f27e54714d4574/servicio/60d5ec9af682fbd12a0b4d8b 
[2025-04-27T19:58:08.868Z] METHOD: PUT /v1/proveedores/680e8a4811f27e54714d4574/contacto 
[2025-04-27T19:58:15.346Z] METHOD: PUT /v1/proveedores/680e8a4811f27e54714d4574/metodo-pago 
[2025-04-27T19:58:20.939Z] METHOD: GET /v1/proveedores/calificacion?calificacionMinima=4 
[2025-04-27T19:58:34.639Z] METHOD: GET /v1/proveedores/ranking/servicios?limite=5 
[2025-04-27T19:58:47.572Z] METHOD: GET /v1/proveedores/filtrar?tipo=empresa&servicioOfrecido=60d5ecacf682fbd12a0b4d8c&verificado=true&activo=false 
[2025-04-27T19:58:59.329Z] METHOD: GET /v1/empresas-inmobiliarias 
[2025-04-27T19:59:03.022Z] METHOD: POST /v1/empresas-inmobiliarias 
[2025-04-27T19:59:54.861Z] METHOD: POST /v1/espacios 
[2025-04-27T20:00:17.736Z] METHOD: POST /v1/empresas-inmobiliarias 
[2025-04-27T20:00:26.118Z] METHOD: GET /v1/empresas-inmobiliarias/680e8cd195e94c9cf3724f2c 
[2025-04-27T20:51:33.152Z] METHOD: GET /public/swagger/ 
[2025-04-27T20:51:33.162Z] METHOD: GET /public/swagger/swagger-ui.css 
[2025-04-27T20:51:33.163Z] METHOD: GET /public/swagger/swagger-ui-bundle.js 
[2025-04-27T20:51:33.163Z] METHOD: GET /public/swagger/swagger-ui-standalone-preset.js 
[2025-04-27T20:51:33.173Z] METHOD: GET /public/swagger/swagger-ui-init.js 
[2025-04-27T20:51:40.048Z] METHOD: GET /public/health 
[2025-04-27T20:51:43.202Z] METHOD: GET /public/ping 
[2025-04-27T20:51:46.869Z] METHOD: POST /v1/auth/signup 
[2025-04-27T20:53:07.085Z] METHOD: POST /v1/auth/signup 
[2025-04-27T20:53:16.603Z] METHOD: GET /public/swagger/ 
[2025-04-27T20:53:16.611Z] METHOD: GET /public/swagger/swagger-ui.css 
[2025-04-27T20:53:16.611Z] METHOD: GET /public/swagger/swagger-ui-bundle.js 
[2025-04-27T20:53:16.612Z] METHOD: GET /public/swagger/swagger-ui-standalone-preset.js 
[2025-04-27T20:53:16.625Z] METHOD: GET /public/swagger/swagger-ui-init.js 
[2025-04-27T20:53:17.079Z] METHOD: GET /public/swagger/ 
[2025-04-27T20:53:17.088Z] METHOD: GET /public/swagger/swagger-ui.css 
[2025-04-27T20:53:17.089Z] METHOD: GET /public/swagger/swagger-ui-bundle.js 
[2025-04-27T20:53:17.090Z] METHOD: GET /public/swagger/swagger-ui-standalone-preset.js 
[2025-04-27T20:53:17.094Z] METHOD: GET /public/swagger/swagger-ui-init.js 
[2025-04-27T20:53:21.483Z] METHOD: POST /v1/auth/signup 
[2025-04-27T20:53:40.167Z] METHOD: GET /public/swagger/ 
[2025-04-27T20:53:40.178Z] METHOD: GET /public/swagger/swagger-ui.css 
[2025-04-27T20:53:40.178Z] METHOD: GET /public/swagger/swagger-ui-bundle.js 
[2025-04-27T20:53:40.179Z] METHOD: GET /public/swagger/swagger-ui-standalone-preset.js 
[2025-04-27T20:53:40.188Z] METHOD: GET /public/swagger/swagger-ui-init.js 
[2025-04-27T20:53:40.499Z] METHOD: GET /public/swagge 
[2025-04-27T20:53:41.862Z] METHOD: GET /public/swagger/ 
[2025-04-27T20:53:41.870Z] METHOD: GET /public/swagger/swagger-ui.css 
[2025-04-27T20:53:41.871Z] METHOD: GET /public/swagger/swagger-ui-bundle.js 
[2025-04-27T20:53:41.871Z] METHOD: GET /public/swagger/swagger-ui-standalone-preset.js 
[2025-04-27T20:53:41.880Z] METHOD: GET /public/swagger/swagger-ui-init.js 
[2025-04-27T20:54:48.554Z] METHOD: GET /public/swagger/ 
[2025-04-27T20:54:48.570Z] METHOD: GET /public/swagger/swagger-ui.css 
[2025-04-27T20:54:48.572Z] METHOD: GET /public/swagger/swagger-ui-bundle.js 
[2025-04-27T20:54:48.573Z] METHOD: GET /public/swagger/swagger-ui-standalone-preset.js 
[2025-04-27T20:54:48.575Z] METHOD: GET /public/swagger/swagger-ui-init.js 
[2025-04-27T20:54:49.221Z] METHOD: GET /public/swagger/favicon-32x32.png 
[2025-04-27T20:55:01.916Z] METHOD: POST /v1/auth/signup 
[2025-04-27T20:55:18.414Z] METHOD: GET /public/swagger/ 
[2025-04-27T20:55:18.424Z] METHOD: GET /public/swagger/swagger-ui.css 
[2025-04-27T20:55:18.425Z] METHOD: GET /public/swagger/swagger-ui-standalone-preset.js 
[2025-04-27T20:55:18.425Z] METHOD: GET /public/swagger/swagger-ui-bundle.js 
[2025-04-27T20:55:18.434Z] METHOD: GET /public/swagger/swagger-ui-init.js 
[2025-04-27T20:55:23.804Z] METHOD: POST /v1/auth/signup 
[2025-04-27T20:55:35.337Z] METHOD: POST /v1/auth/login 
[2025-04-27T20:55:50.423Z] METHOD: GET /v1/membresias 
[2025-04-27T20:55:54.131Z] METHOD: POST /v1/membresias 
[2025-04-27T20:56:09.287Z] METHOD: GET /v1/membresias/680e99dad3dc5564ab1e3745 
[2025-04-27T20:56:16.582Z] METHOD: PUT /v1/membresias/680e99dad3dc5564ab1e3745 
[2025-04-27T20:56:21.149Z] METHOD: DELETE /v1/membresias/680e99dad3dc5564ab1e3745 
[2025-04-27T20:56:36.605Z] METHOD: GET /v1/membresias/tipo/basico 
[2025-04-27T20:56:39.270Z] METHOD: GET /v1/membresias/tipo/estandar 
[2025-04-27T20:56:41.525Z] METHOD: GET /v1/membresias/tipo/premium 
[2025-04-27T20:56:46.675Z] METHOD: GET /v1/membresias/activas 
[2025-04-27T20:56:51.495Z] METHOD: GET /v1/membresias/ordenadas?campo=precio.valor&orden=asc 
[2025-04-27T20:57:05.221Z] METHOD: GET /v1/membresias/beneficio/Acceso%2024%2F7 
[2025-04-27T20:57:18.619Z] METHOD: GET /v1/membresias/precio?precioMin=17000&precioMax=17500 
[2025-04-27T20:57:22.497Z] METHOD: GET /v1/membresias/precio?precioMin=17000&precioMax=19000 
[2025-04-27T20:57:32.223Z] METHOD: PUT /v1/membresias/680e99dad3dc5564ab1e3745/beneficios 
[2025-04-27T20:57:49.303Z] METHOD: POST /v1/membresias/suscribir 
[2025-04-27T20:58:23.405Z] METHOD: POST /v1/membresias/cancelar 
[2025-04-27T20:58:49.784Z] METHOD: POST /v1/membresias/suscribir 
[2025-04-27T20:59:03.927Z] METHOD: GET /v1/usuarios 
[2025-04-27T20:59:12.815Z] METHOD: POST /v1/usuarios 
[2025-04-27T20:59:22.916Z] METHOD: GET /v1/usuarios/680e99bbd3dc5564ab1e3741 
[2025-04-27T20:59:33.849Z] METHOD: PUT /v1/usuarios/680e9aa0d3dc5564ab1e3773 
[2025-04-27T20:59:41.664Z] METHOD: DELETE /v1/usuarios/680e9aa0d3dc5564ab1e3773 
[2025-04-27T20:59:45.489Z] METHOD: GET /v1/usuarios/tipo/individual 
[2025-04-27T20:59:51.998Z] METHOD: PUT /v1/usuarios/rol 
[2025-04-27T20:59:58.546Z] METHOD: PUT /v1/usuarios/rol 
[2025-04-27T21:00:14.559Z] METHOD: PUT /v1/usuarios/680e99bbd3dc5564ab1e3741/membresia 
[2025-04-27T21:00:29.398Z] METHOD: GET /v1/proveedores 
[2025-04-27T21:00:33.096Z] METHOD: POST /v1/proveedores 
[2025-04-27T21:00:46.302Z] METHOD: GET /v1/proveedores/680e9af1d3dc5564ab1e377c 
[2025-04-27T21:00:51.929Z] METHOD: PUT /v1/proveedores/680e9af1d3dc5564ab1e377c 
[2025-04-27T21:00:57.660Z] METHOD: DELETE /v1/proveedores/680e9af1d3dc5564ab1e377c 
[2025-04-27T21:01:18.175Z] METHOD: GET /v1/proveedores/tipo/empresa 
[2025-04-27T21:01:22.199Z] METHOD: GET /v1/proveedores/tipo/autonomo 
[2025-04-27T21:01:26.412Z] METHOD: GET /v1/proveedores/verificados 
[2025-04-27T21:01:59.858Z] METHOD: PUT /v1/proveedores/680e9af1d3dc5564ab1e377c/activar 
[2025-04-27T21:02:06.252Z] METHOD: POST /v1/proveedores/verificar 
[2025-04-27T21:02:12.377Z] METHOD: PUT /v1/proveedores/680e9af1d3dc5564ab1e377c/calificacion 
[2025-04-27T21:02:21.092Z] METHOD: POST /v1/proveedores/680e9af1d3dc5564ab1e377c/servicio 
[2025-04-27T21:02:49.016Z] METHOD: PUT /v1/proveedores/680e9af1d3dc5564ab1e377c/contacto 
[2025-04-27T21:03:00.000Z] METHOD: PUT /v1/proveedores/680e9af1d3dc5564ab1e377c/metodo-pago 
[2025-04-27T21:03:05.042Z] METHOD: GET /v1/proveedores/calificacion?calificacionMinima=4 
[2025-04-27T21:03:05.436Z] METHOD: GET /v1/proveedores/calificacion?calificacionMinima=4 
[2025-04-27T21:03:22.980Z] METHOD: GET /v1/proveedores/ranking/servicios?limite=5 
[2025-04-27T21:03:29.782Z] METHOD: GET /v1/proveedores/ranking/servicios?limite=5 
[2025-04-27T21:03:55.233Z] METHOD: GET /v1/proveedores/filtrar?tipo=empresa&servicioOfrecido=60d5ec9af682fbd12a0b4d8b&verificado=true&activo=true 
[2025-04-27T21:04:14.492Z] METHOD: GET /v1/empresas-inmobiliarias 
[2025-04-27T21:04:18.460Z] METHOD: POST /v1/empresas-inmobiliarias 
[2025-04-27T21:04:36.158Z] METHOD: POST /v1/espacios 
[2025-04-27T21:05:11.077Z] METHOD: POST /v1/empresas-inmobiliarias 
[2025-04-27T21:05:51.799Z] METHOD: GET /v1/empresas-inmobiliarias/680e9c07d3dc5564ab1e3791 
[2025-04-27T21:05:56.642Z] METHOD: PUT /v1/empresas-inmobiliarias/680e9c07d3dc5564ab1e3791 
[2025-04-27T21:06:03.300Z] METHOD: DELETE /v1/empresas-inmobiliarias/680e9c07d3dc5564ab1e3791 
[2025-04-27T21:06:42.094Z] METHOD: GET /v1/empresas-inmobiliarias/tipo/inmobiliaria 
[2025-04-27T21:06:53.247Z] METHOD: GET /v1/empresas-inmobiliarias/tipo/inmobiliaria 
[2025-04-27T21:06:57.242Z] METHOD: GET /v1/empresas-inmobiliarias/verificadas 
[2025-04-27T21:07:20.797Z] METHOD: GET /v1/empresas-inmobiliarias/ciudad/Montevideo 
[2025-04-27T21:07:30.206Z] METHOD: PUT /v1/empresas-inmobiliarias/680e9c07d3dc5564ab1e3791/activar 
[2025-04-27T21:07:43.459Z] METHOD: POST /v1/empresas-inmobiliarias/verificar 
[2025-04-27T21:07:56.870Z] METHOD: PUT /v1/empresas-inmobiliarias/680e9c07d3dc5564ab1e3791/calificacion 
[2025-04-27T21:08:03.363Z] METHOD: POST /v1/empresas-inmobiliarias/680e9c07d3dc5564ab1e3791/espacio 
[2025-04-27T21:08:49.734Z] METHOD: POST /v1/empresas-inmobiliarias/680e9c07d3dc5564ab1e3791/espacio 
[2025-04-27T21:09:10.317Z] METHOD: POST /v1/empresas-inmobiliarias/680e9c07d3dc5564ab1e3791/espacio 
[2025-04-27T21:09:45.439Z] METHOD: DELETE /v1/empresas-inmobiliarias/680e9c07d3dc5564ab1e3791/espacio/680e9be4d3dc5564ab1e378f 
[2025-04-27T21:09:58.473Z] METHOD: PUT /v1/empresas-inmobiliarias/680e9c07d3dc5564ab1e3791/metodo-pago 
[2025-04-27T21:10:03.443Z] METHOD: PUT /v1/empresas-inmobiliarias/680e9c07d3dc5564ab1e3791/contacto 
[2025-04-27T21:10:08.273Z] METHOD: GET /v1/empresas-inmobiliarias/ranking/espacios?limite=10 
[2025-04-27T21:12:22.097Z] METHOD: GET /v1/edificios 
[2025-04-27T21:12:46.165Z] METHOD: POST /v1/edificios 
[2025-04-27T21:12:55.812Z] METHOD: POST /v1/edificios 
[2025-04-27T21:13:13.512Z] METHOD: GET /v1/edificios/680e9dcecf6704bf2a60f8fe 
[2025-04-27T21:13:19.663Z] METHOD: PUT /v1/edificios/680e9dcecf6704bf2a60f8fe 
[2025-04-27T21:13:38.098Z] METHOD: DELETE /v1/edificios/680e9dcecf6704bf2a60f8fe 
[2025-04-27T21:13:50.087Z] METHOD: GET /v1/edificios/propietario/680e99bbd3dc5564ab1e3741 
[2025-04-27T21:13:59.368Z] METHOD: GET /v1/edificios/empresa/680e9c07d3dc5564ab1e3791 
[2025-04-27T21:14:06.996Z] METHOD: GET /v1/edificios/ciudad/Montevideo 
[2025-04-27T21:14:22.384Z] METHOD: GET /v1/edificios/pais/Uruguay 
[2025-04-27T21:14:38.624Z] METHOD: GET /v1/edificios/amenidad/inmobiliaria 
[2025-04-27T21:15:21.572Z] METHOD: PUT /v1/edificios/680e9dcecf6704bf2a60f8fe/activar 
[2025-04-27T21:15:27.993Z] METHOD: PUT /v1/edificios/680e9dcecf6704bf2a60f8fe/calificacion 
[2025-04-27T21:15:38.167Z] METHOD: POST /v1/edificios/680e9dcecf6704bf2a60f8fe/amenidad 
[2025-04-27T21:16:00.520Z] METHOD: PUT /v1/edificios/680e9dd7cf6704bf2a60f901/horario 
[2025-04-27T21:16:30.006Z] METHOD: GET /v1/edificios/amenidad/gimnasio 
[2025-04-27T21:16:52.563Z] METHOD: GET /v1/edificios/cercanos?lat=-34.9011&lng=-56.1645&distanciaMaxima=5 
[2025-04-27T21:17:25.565Z] METHOD: GET /v1/edificios/filtrar?ciudad=Montevideo&pais=Uruguay&propietarioId=680e99bbd3dc5564ab1e3741&empresaInmobiliariaId=680e9c07d3dc5564ab1e3791 
[2025-04-27T21:17:40.484Z] METHOD: GET /v1/edificios/filtrar?ciudad=Montevideo&pais=Uruguay&propietarioId=680e99bbd3dc5564ab1e3741&empresaInmobiliariaId=680e9c07d3dc5564ab1e3791&amenidades=gimnasio&accesibilidad=true&estacionamiento=true&activo=true 
[2025-04-27T21:18:20.466Z] METHOD: GET /v1/espacios 
[2025-04-27T21:18:28.165Z] METHOD: GET /v1/espacios/680e9be4d3dc5564ab1e378f 
[2025-04-27T21:18:32.967Z] METHOD: PUT /v1/espacios/680e9be4d3dc5564ab1e378f 
[2025-04-27T21:18:38.175Z] METHOD: DELETE /v1/espacios/680e9be4d3dc5564ab1e378f 
[2025-04-27T21:18:44.545Z] METHOD: GET /v1/espacios/edificio/680e9be4d3dc5564ab1e378f 
[2025-04-27T21:18:55.078Z] METHOD: GET /v1/espacios/edificio/680e9dcecf6704bf2a60f8fe 
[2025-04-27T21:19:09.650Z] METHOD: POST /v1/espacios 
[2025-04-27T21:19:15.587Z] METHOD: GET /v1/espacios/tipo/sala_reunion 
[2025-04-27T21:19:53.528Z] METHOD: GET /v1/espacios/propietario/680e99bbd3dc5564ab1e3741 
[2025-04-27T21:20:13.156Z] METHOD: GET /v1/espacios/propietario/680e99bbd3dc5564ab1e3741 
[2025-04-27T21:20:40.537Z] METHOD: POST /v1/espacios 
[2025-04-27T21:20:59.525Z] METHOD: GET /v1/espacios/propietario/680e99bbd3dc5564ab1e3741 
[2025-04-27T21:21:02.335Z] METHOD: GET /v1/espacios/propietario/680e99bbd3dc5564ab1e3741 
[2025-04-27T21:21:15.582Z] METHOD: GET /v1/espacios/propietario/680e99bbd3dc5564ab1e3741 
[2025-04-27T21:21:24.555Z] METHOD: GET /v1/espacios/empresa/680e9c07d3dc5564ab1e3791 
[2025-04-27T21:21:33.680Z] METHOD: GET /v1/espacios/empresa/680e9c07d3dc5564ab1e3791 
[2025-04-27T21:21:52.723Z] METHOD: PUT /v1/espacios/680e9f4dcf6704bf2a60f933/estado 
[2025-04-27T21:22:00.759Z] METHOD: GET /v1/espacios/disponibles?tipo=sala_reunion 
[2025-04-27T21:22:13.819Z] METHOD: GET /v1/espacios/filtrar?tipo=sala_reunion&estado=reservado 
[2025-04-27T21:22:41.344Z] METHOD: GET /v1/espacios/amenidades?amenidades=Wi-Fi 
[2025-04-27T21:23:04.594Z] METHOD: GET /v1/oficinas 
[2025-04-27T21:23:09.344Z] METHOD: POST /v1/oficinas 
[2025-04-27T21:23:26.050Z] METHOD: GET /v1/oficinas/680ea03dcf6704bf2a60f948 
[2025-04-27T21:23:31.672Z] METHOD: PUT /v1/oficinas/680ea03dcf6704bf2a60f948 
[2025-04-27T21:23:36.096Z] METHOD: GET /v1/oficinas 
[2025-04-27T21:23:42.950Z] METHOD: DELETE /v1/oficinas/680ea03dcf6704bf2a60f948 
[2025-04-27T21:23:46.664Z] METHOD: POST /v1/oficinas 
[2025-04-27T21:24:02.420Z] METHOD: GET /v1/oficinas/codigo/OF-CEN-204 
[2025-04-27T21:25:24.459Z] METHOD: GET /v1/oficinas/tipo/privada 
[2025-04-27T21:25:57.635Z] METHOD: GET /v1/oficinas/tipo/privada 
[2025-04-27T21:26:07.568Z] METHOD: GET /v1/oficinas/propietario/610d1e2f3a4b5c6d7e8f9012 
[2025-04-27T21:26:15.487Z] METHOD: GET /v1/oficinas/empresa/610d1e2f3a4b5c6d7e8f9013 
[2025-04-27T21:26:31.003Z] METHOD: PUT /v1/oficinas/680ea03dcf6704bf2a60f948/estado 
[2025-04-27T21:26:52.587Z] METHOD: GET /v1/oficinas/capacidad?capacidadMinima=7 
[2025-04-27T21:27:28.165Z] METHOD: GET /v1/oficinas/precio?precioMin=800&precioMax=100&tipoPrecio=porHora 
[2025-04-27T21:27:31.185Z] METHOD: GET /v1/oficinas/precio?precioMin=800&precioMax=1000&tipoPrecio=porHora 
[2025-04-27T21:28:02.744Z] METHOD: PUT /v1/oficinas/680ea03dcf6704bf2a60f948/calificacion 
[2025-04-27T21:28:12.048Z] METHOD: PUT /v1/oficinas/680ea062cf6704bf2a60f954/calificacion 
[2025-04-27T21:28:24.762Z] METHOD: PUT /v1/oficinas/680ea062cf6704bf2a60f954/estado 
[2025-04-27T21:29:05.473Z] METHOD: GET /v1/salas-reunion 
[2025-04-27T21:29:10.044Z] METHOD: POST /v1/salas-reunion 
[2025-04-27T21:29:31.305Z] METHOD: POST /v1/salas-reunion 
[2025-04-27T21:30:07.194Z] METHOD: POST /v1/salas-reunion 
[2025-04-27T21:48:57.270Z] METHOD: POST /v1/salas-reunion 
[2025-04-27T21:49:21.697Z] METHOD: POST /v1/salas-reunion 
[2025-04-27T21:49:46.120Z] METHOD: GET /v1/salas-reunion/680ea661d9ad29a12ae5d006 
[2025-04-27T21:51:25.421Z] METHOD: PUT /v1/salas-reunion/680ea661d9ad29a12ae5d006 
[2025-04-27T21:51:29.987Z] METHOD: DELETE /v1/salas-reunion/680ea661d9ad29a12ae5d006 
[2025-04-27T21:51:34.921Z] METHOD: POST /v1/salas-reunion 
[2025-04-27T21:51:46.217Z] METHOD: PUT /v1/salas-reunion/680ea6e6d9ad29a12ae5d017/estado 
[2025-04-27T21:51:52.348Z] METHOD: POST /v1/salas-reunion/680ea6e6d9ad29a12ae5d017/equipamiento 
[2025-04-27T21:52:07.058Z] METHOD: PUT /v1/salas-reunion/680ea6e6d9ad29a12ae5d017/precios 
[2025-04-27T21:55:12.263Z] METHOD: GET /v1/escritorios-flexibles 
[2025-04-27T21:55:15.384Z] METHOD: POST /v1/escritorios-flexibles 
[2025-04-27T21:55:30.226Z] METHOD: GET /v1/escritorios-flexibles/680ea7c3d9ad29a12ae5d01f 
[2025-04-27T21:55:35.579Z] METHOD: PUT /v1/escritorios-flexibles/680ea7c3d9ad29a12ae5d01f 
[2025-04-27T21:55:40.924Z] METHOD: GET /v1/escritorios-flexibles/680ea7c3d9ad29a12ae5d01f 
[2025-04-27T21:55:46.291Z] METHOD: POST /v1/auth/login 
[2025-04-27T21:55:59.669Z] METHOD: GET /v1/escritorios-flexibles/680ea7c3d9ad29a12ae5d01f 
[2025-04-27T21:56:03.242Z] METHOD: PUT /v1/escritorios-flexibles/680ea7c3d9ad29a12ae5d01f 
[2025-04-27T21:56:46.361Z] METHOD: DELETE /v1/escritorios-flexibles/680ea7c3d9ad29a12ae5d01f 
[2025-04-27T21:56:50.341Z] METHOD: POST /v1/escritorios-flexibles 
[2025-04-27T21:57:03.462Z] METHOD: GET /v1/escritorios-flexibles/codigo/EF-UY-1023 
[2025-04-27T21:57:54.070Z] METHOD: GET /v1/escritorios-flexibles/tipo/individual 
[2025-04-27T21:58:15.684Z] METHOD: GET /v1/escritorios-flexibles/amenidades/monitor 
[2025-04-27T21:58:32.231Z] METHOD: GET /v1/escritorios-flexibles/propietario/60a7f8b4d1234c1a2b3c4d5e 
[2025-04-27T21:58:47.757Z] METHOD: GET /v1/escritorios-flexibles/precio?precioMinimo=100&precioMaximo=160&tipoPrecio=porHora 
[2025-04-27T21:59:05.163Z] METHOD: PUT /v1/escritorios-flexibles/680ea822d9ad29a12ae5d038/estado 
[2025-04-27T21:59:10.597Z] METHOD: POST /v1/escritorios-flexibles/680ea822d9ad29a12ae5d038/amenidad 
[2025-04-27T21:59:29.572Z] METHOD: DELETE /v1/escritorios-flexibles/680ea822d9ad29a12ae5d038/amenidad/680ea822d9ad29a12ae5d039 
[2025-04-27T21:59:36.378Z] METHOD: PUT /v1/escritorios-flexibles/680ea822d9ad29a12ae5d038/precios 
[2025-04-27T22:00:28.271Z] METHOD: GET /v1/disponibilidades 
[2025-04-27T22:00:32.430Z] METHOD: POST /v1/disponibilidades 
[2025-04-27T22:01:25.493Z] METHOD: POST /v1/disponibilidades 
[2025-04-27T22:03:45.969Z] METHOD: POST /v1/disponibilidades 
[2025-04-27T22:04:12.982Z] METHOD: GET /v1/disponibilidades/680ea9c1defdeaf0ccc87183 
[2025-04-27T22:04:18.137Z] METHOD: PUT /v1/disponibilidades/680ea9c1defdeaf0ccc87183 
[2025-04-27T22:04:23.206Z] METHOD: DELETE /v1/disponibilidades/680ea9c1defdeaf0ccc87183 
[2025-04-27T22:04:24.250Z] METHOD: DELETE /v1/disponibilidades/680ea9c1defdeaf0ccc87183 
[2025-04-27T22:04:30.146Z] METHOD: POST /v1/disponibilidades 
[2025-04-27T22:04:43.551Z] METHOD: GET /v1/disponibilidades/entidad/680ea822d9ad29a12ae5d038/oficina 
[2025-04-27T22:05:04.441Z] METHOD: GET /v1/disponibilidades/fecha?entidadId=680ea822d9ad29a12ae5d038&tipoEntidad=oficina&fecha=2025-05-01 
[2025-04-27T22:06:21.177Z] METHOD: POST /v1/disponibilidades/reservar 
[2025-04-27T22:06:43.352Z] METHOD: POST /v1/disponibilidades/reservar 
