[2025-04-23T00:06:17.710Z] METHOD: GET /public/swagger 
[2025-04-23T00:06:56.240Z] METHOD: GET / 
[2025-04-23T00:06:56.317Z] METHOD: GET /favicon.ico 
[2025-04-23T00:07:01.472Z] METHOD: GET /public/swagger/ 
[2025-04-23T00:07:01.482Z] METHOD: GET /public/swagger/swagger-ui.css 
[2025-04-23T00:07:01.483Z] METHOD: GET /public/swagger/swagger-ui-bundle.js 
[2025-04-23T00:07:01.484Z] METHOD: GET /public/swagger/swagger-ui-standalone-preset.js 
[2025-04-23T00:07:01.485Z] METHOD: GET /public/swagger/swagger-ui-init.js 
[2025-04-23T00:07:23.491Z] METHOD: GET /v1/disponibilidades 
[2025-04-23T00:07:31.275Z] METHOD: GET /public/swagger/ 
[2025-04-23T00:07:31.294Z] METHOD: GET /public/swagger/swagger-ui.css 
[2025-04-23T00:07:31.295Z] METHOD: GET /public/swagger/swagger-ui-bundle.js 
[2025-04-23T00:07:31.295Z] METHOD: GET /public/swagger/swagger-ui-standalone-preset.js 
[2025-04-23T00:07:31.295Z] METHOD: GET /public/swagger/swagger-ui-init.js 
[2025-04-23T00:07:31.461Z] METHOD: GET /public/swagger/favicon-32x32.png 
[2025-04-23T00:15:53.724Z] METHOD: GET /public/swagger/ 
[2025-04-23T00:15:53.743Z] METHOD: GET /public/swagger/swagger-ui.css 
[2025-04-23T00:15:53.748Z] METHOD: GET /public/swagger/swagger-ui-init.js 
[2025-04-23T00:15:53.750Z] METHOD: GET /public/swagger/swagger-ui-bundle.js 
[2025-04-23T00:15:53.750Z] METHOD: GET /public/swagger/swagger-ui-standalone-preset.js 
[2025-04-23T00:15:54.001Z] METHOD: GET /public/swagger/favicon-32x32.png 
[2025-04-23T00:18:02.239Z] METHOD: POST /v1/auth/login 
[2025-04-23T21:48:52.901Z] METHOD: GET / 
[2025-04-23T21:48:53.010Z] METHOD: GET /favicon.ico 
[2025-04-23T21:48:56.501Z] METHOD: GET /public/swagger 
[2025-04-23T21:48:56.504Z] METHOD: GET /public/swagger/ 
[2025-04-23T21:48:56.513Z] METHOD: GET /public/swagger/swagger-ui.css 
[2025-04-23T21:48:56.514Z] METHOD: GET /public/swagger/swagger-ui-bundle.js 
[2025-04-23T21:48:56.514Z] METHOD: GET /public/swagger/swagger-ui-standalone-preset.js 
[2025-04-23T21:48:56.514Z] METHOD: GET /public/swagger/swagger-ui-init.js 
[2025-04-23T22:54:40.585Z] METHOD: GET /public/swagger 
[2025-04-23T22:54:40.593Z] METHOD: GET /public/swagger/ 
[2025-04-23T22:54:40.617Z] METHOD: GET /public/swagger/swagger-ui.css 
[2025-04-23T22:54:40.619Z] METHOD: GET /public/swagger/swagger-ui-bundle.js 
[2025-04-23T22:54:40.620Z] METHOD: GET /public/swagger/swagger-ui-standalone-preset.js 
[2025-04-23T22:54:40.621Z] METHOD: GET /public/swagger/swagger-ui-init.js 
[2025-04-23T22:54:52.204Z] METHOD: POST /v1/auth/login 
[2025-04-23T22:59:01.749Z] METHOD: GET /public/swagger/ 
[2025-04-23T22:59:01.759Z] METHOD: GET /public/swagger/swagger-ui.css 
[2025-04-23T22:59:01.759Z] METHOD: GET /public/swagger/swagger-ui-bundle.js 
[2025-04-23T22:59:01.761Z] METHOD: GET /public/swagger/swagger-ui-standalone-preset.js 
[2025-04-23T22:59:01.762Z] METHOD: GET /public/swagger/swagger-ui-init.js 
[2025-04-23T22:59:02.077Z] METHOD: GET /public/swagger/favicon-32x32.png 
[2025-04-23T22:59:26.140Z] METHOD: GET /v1/usuarios 
[2025-04-23T23:01:53.335Z] METHOD: GET /public/swagger/ 
[2025-04-23T23:01:53.348Z] METHOD: GET /public/swagger/swagger-ui.css 
[2025-04-23T23:01:53.350Z] METHOD: GET /public/swagger/swagger-ui-bundle.js 
[2025-04-23T23:01:53.351Z] METHOD: GET /public/swagger/swagger-ui-standalone-preset.js 
[2025-04-23T23:01:53.352Z] METHOD: GET /public/swagger/swagger-ui-init.js 
[2025-04-23T23:01:53.609Z] METHOD: GET /public/swagger/favicon-32x32.png 
[2025-04-23T23:04:54.974Z] METHOD: GET /public/swagger/ 
[2025-04-23T23:04:54.988Z] METHOD: GET /public/swagger/swagger-ui.css 
[2025-04-23T23:04:54.991Z] METHOD: GET /public/swagger/swagger-ui-bundle.js 
[2025-04-23T23:04:54.992Z] METHOD: GET /public/swagger/swagger-ui-standalone-preset.js 
[2025-04-23T23:04:54.992Z] METHOD: GET /public/swagger/swagger-ui-init.js 
[2025-04-23T23:04:55.275Z] METHOD: GET /public/swagger/favicon-32x32.png 
[2025-04-23T23:05:09.545Z] METHOD: POST /v1/auth/signup 
[2025-04-23T23:06:26.295Z] METHOD: POST /v1/auth/signup 
[2025-04-23T23:06:45.061Z] METHOD: GET /public/swagger/ 
[2025-04-23T23:06:45.076Z] METHOD: GET /public/swagger/swagger-ui.css 
[2025-04-23T23:06:45.077Z] METHOD: GET /public/swagger/swagger-ui-bundle.js 
[2025-04-23T23:06:45.077Z] METHOD: GET /public/swagger/swagger-ui-standalone-preset.js 
[2025-04-23T23:06:45.077Z] METHOD: GET /public/swagger/swagger-ui-init.js 
[2025-04-23T23:06:45.318Z] METHOD: GET /public/swagger/favicon-32x32.png 
[2025-04-23T23:06:50.128Z] METHOD: POST /v1/auth/signup 
[2025-04-23T23:08:26.184Z] METHOD: GET /public/swagger/ 
[2025-04-23T23:08:26.201Z] METHOD: GET /public/swagger/swagger-ui.css 
[2025-04-23T23:08:26.202Z] METHOD: GET /public/swagger/swagger-ui-bundle.js 
[2025-04-23T23:08:26.202Z] METHOD: GET /public/swagger/swagger-ui-standalone-preset.js 
[2025-04-23T23:08:26.202Z] METHOD: GET /public/swagger/swagger-ui-init.js 
[2025-04-23T23:08:26.382Z] METHOD: GET /public/swagger/favicon-32x32.png 
[2025-04-23T23:10:33.139Z] METHOD: GET /public/swagger/ 
[2025-04-23T23:10:33.154Z] METHOD: GET /public/swagger/swagger-ui.css 
[2025-04-23T23:10:33.154Z] METHOD: GET /public/swagger/swagger-ui-bundle.js 
[2025-04-23T23:10:33.155Z] METHOD: GET /public/swagger/swagger-ui-standalone-preset.js 
[2025-04-23T23:10:33.155Z] METHOD: GET /public/swagger/swagger-ui-init.js 
[2025-04-23T23:10:33.352Z] METHOD: GET /public/swagger/favicon-32x32.png 
[2025-04-23T23:10:43.707Z] METHOD: POST /v1/auth/signup 
[2025-04-23T23:11:54.507Z] METHOD: GET /public/swagger/ 
[2025-04-23T23:11:54.523Z] METHOD: GET /public/swagger/swagger-ui.css 
[2025-04-23T23:11:54.526Z] METHOD: GET /public/swagger/swagger-ui-bundle.js 
[2025-04-23T23:11:54.526Z] METHOD: GET /public/swagger/swagger-ui-standalone-preset.js 
[2025-04-23T23:11:54.528Z] METHOD: GET /public/swagger/swagger-ui-init.js 
[2025-04-23T23:11:54.751Z] METHOD: GET /public/swagger/favicon-32x32.png 
[2025-04-23T23:11:59.307Z] METHOD: POST /v1/auth/signup 
[2025-04-23T23:12:12.500Z] METHOD: POST /v1/auth/signup 
[2025-04-23T23:13:09.665Z] METHOD: GET /public/swagger/ 
[2025-04-23T23:13:09.681Z] METHOD: GET /public/swagger/swagger-ui.css 
[2025-04-23T23:13:09.684Z] METHOD: GET /public/swagger/swagger-ui-bundle.js 
[2025-04-23T23:13:09.685Z] METHOD: GET /public/swagger/swagger-ui-standalone-preset.js 
[2025-04-23T23:13:09.686Z] METHOD: GET /public/swagger/swagger-ui-init.js 
[2025-04-23T23:13:09.901Z] METHOD: GET /public/swagger/favicon-32x32.png 
[2025-04-23T23:13:15.788Z] METHOD: POST /v1/auth/signup 
[2025-04-23T23:13:24.023Z] METHOD: POST /v1/auth/signup 
[2025-04-23T23:15:04.913Z] METHOD: POST /v1/auth/signup 
[2025-04-23T23:15:07.430Z] METHOD: GET /public/swagger/ 
[2025-04-23T23:15:07.445Z] METHOD: GET /public/swagger/swagger-ui.css 
[2025-04-23T23:15:07.445Z] METHOD: GET /public/swagger/swagger-ui-bundle.js 
[2025-04-23T23:15:07.446Z] METHOD: GET /public/swagger/swagger-ui-standalone-preset.js 
[2025-04-23T23:15:07.446Z] METHOD: GET /public/swagger/swagger-ui-init.js 
[2025-04-23T23:15:07.651Z] METHOD: GET /public/swagger/favicon-32x32.png 
[2025-04-23T23:15:13.336Z] METHOD: POST /v1/auth/signup 
[2025-04-23T23:15:58.807Z] METHOD: POST /v1/auth/signup 
[2025-04-23T23:17:59.773Z] METHOD: GET /public/swagger/ 
[2025-04-23T23:17:59.787Z] METHOD: GET /public/swagger/swagger-ui.css 
[2025-04-23T23:17:59.788Z] METHOD: GET /public/swagger/swagger-ui-bundle.js 
[2025-04-23T23:17:59.790Z] METHOD: GET /public/swagger/swagger-ui-standalone-preset.js 
[2025-04-23T23:17:59.790Z] METHOD: GET /public/swagger/swagger-ui-init.js 
[2025-04-23T23:18:00.053Z] METHOD: GET /public/swagger/favicon-32x32.png 
[2025-04-23T23:18:13.086Z] METHOD: GET /health 
[2025-04-23T23:18:15.365Z] METHOD: GET /health 
[2025-04-23T23:18:22.008Z] METHOD: GET /public/health 
[2025-04-23T23:18:50.987Z] METHOD: GET /public/swagger/ 
[2025-04-23T23:18:51.002Z] METHOD: GET /public/swagger/swagger-ui.css 
[2025-04-23T23:18:51.003Z] METHOD: GET /public/swagger/swagger-ui-bundle.js 
[2025-04-23T23:18:51.005Z] METHOD: GET /public/swagger/swagger-ui-standalone-preset.js 
[2025-04-23T23:18:51.005Z] METHOD: GET /public/swagger/swagger-ui-init.js 
[2025-04-23T23:18:51.295Z] METHOD: GET /public/swagger/favicon-32x32.png 
[2025-04-23T23:19:12.747Z] METHOD: POST /v1/auth/signup 
[2025-04-23T23:20:02.604Z] METHOD: POST /v1/auth/signup 
[2025-04-23T23:20:06.832Z] METHOD: POST /v1/auth/login 
[2025-04-23T23:20:54.119Z] METHOD: GET /public/swagger/ 
[2025-04-23T23:20:54.136Z] METHOD: GET /public/swagger/swagger-ui.css 
[2025-04-23T23:20:54.140Z] METHOD: GET /public/swagger/swagger-ui-bundle.js 
[2025-04-23T23:20:54.140Z] METHOD: GET /public/swagger/swagger-ui-standalone-preset.js 
[2025-04-23T23:20:54.140Z] METHOD: GET /public/swagger/swagger-ui-init.js 
[2025-04-23T23:20:54.437Z] METHOD: GET /public/swagger/favicon-32x32.png 
[2025-04-23T23:21:07.434Z] METHOD: POST /v1/auth/login 
[2025-04-23T23:21:42.647Z] METHOD: POST /v1/auth/login 
[2025-04-23T23:21:53.123Z] METHOD: POST /v1/auth/signup 
[2025-04-23T23:21:56.712Z] METHOD: POST /v1/auth/login 
[2025-04-23T23:23:33.365Z] METHOD: POST /v1/auth/login 
[2025-04-23T23:23:53.434Z] METHOD: GET /public/swagger/ 
[2025-04-23T23:23:53.448Z] METHOD: GET /public/swagger/swagger-ui.css 
[2025-04-23T23:23:53.452Z] METHOD: GET /public/swagger/swagger-ui-bundle.js 
[2025-04-23T23:23:53.452Z] METHOD: GET /public/swagger/swagger-ui-standalone-preset.js 
[2025-04-23T23:23:53.452Z] METHOD: GET /public/swagger/swagger-ui-init.js 
[2025-04-23T23:23:53.693Z] METHOD: GET /public/swagger/favicon-32x32.png 
[2025-04-23T23:24:02.841Z] METHOD: POST /v1/auth/login 
[2025-04-23T23:24:14.408Z] METHOD: GET /v1/espacios 
[2025-04-23T23:24:33.096Z] METHOD: GET /public/swagger/ 
[2025-04-23T23:24:33.114Z] METHOD: GET /public/swagger/swagger-ui.css 
[2025-04-23T23:24:33.115Z] METHOD: GET /public/swagger/swagger-ui-bundle.js 
[2025-04-23T23:24:33.117Z] METHOD: GET /public/swagger/swagger-ui-standalone-preset.js 
[2025-04-23T23:24:33.118Z] METHOD: GET /public/swagger/swagger-ui-init.js 
[2025-04-23T23:24:33.359Z] METHOD: GET /public/swagger/favicon-32x32.png 
[2025-04-23T23:24:37.923Z] METHOD: GET /v1/espacios 
[2025-04-23T23:24:48.264Z] METHOD: POST /v1/auth/login 
[2025-04-23T23:24:58.248Z] METHOD: GET /v1/espacios 
[2025-04-23T23:25:00.984Z] METHOD: GET /v1/espacios 
[2025-04-23T23:27:47.494Z] METHOD: GET /public/swagger/ 
[2025-04-23T23:27:47.510Z] METHOD: GET /public/swagger/swagger-ui.css 
[2025-04-23T23:27:47.511Z] METHOD: GET /public/swagger/swagger-ui-bundle.js 
[2025-04-23T23:27:47.511Z] METHOD: GET /public/swagger/swagger-ui-standalone-preset.js 
[2025-04-23T23:27:47.511Z] METHOD: GET /public/swagger/swagger-ui-init.js 
[2025-04-23T23:27:47.717Z] METHOD: GET /public/swagger/favicon-32x32.png 
[2025-04-23T23:28:40.082Z] METHOD: GET /public/swagger/ 
[2025-04-23T23:28:40.095Z] METHOD: GET /public/swagger/swagger-ui.css 
[2025-04-23T23:28:40.096Z] METHOD: GET /public/swagger/swagger-ui-bundle.js 
[2025-04-23T23:28:40.096Z] METHOD: GET /public/swagger/swagger-ui-init.js 
[2025-04-23T23:28:40.098Z] METHOD: GET /public/swagger/swagger-ui-standalone-preset.js 
[2025-04-23T23:28:40.328Z] METHOD: GET /public/swagger/favicon-32x32.png 
[2025-04-23T23:28:51.117Z] METHOD: GET /v1/espacios 
[2025-04-23T23:30:28.916Z] METHOD: GET /public/swagger/ 
[2025-04-23T23:30:28.931Z] METHOD: GET /public/swagger/swagger-ui.css 
[2025-04-23T23:30:28.932Z] METHOD: GET /public/swagger/swagger-ui-init.js 
[2025-04-23T23:30:28.933Z] METHOD: GET /public/swagger/swagger-ui-bundle.js 
[2025-04-23T23:30:28.934Z] METHOD: GET /public/swagger/swagger-ui-standalone-preset.js 
[2025-04-23T23:30:29.168Z] METHOD: GET /public/swagger/favicon-32x32.png 
[2025-04-23T23:31:27.427Z] METHOD: GET /public/swagger/ 
[2025-04-23T23:31:27.441Z] METHOD: GET /public/swagger/swagger-ui.css 
[2025-04-23T23:31:27.442Z] METHOD: GET /public/swagger/swagger-ui-bundle.js 
[2025-04-23T23:31:27.442Z] METHOD: GET /public/swagger/swagger-ui-standalone-preset.js 
[2025-04-23T23:31:27.443Z] METHOD: GET /public/swagger/swagger-ui-init.js 
[2025-04-23T23:31:27.674Z] METHOD: GET /public/swagger/favicon-32x32.png 
[2025-04-23T23:31:39.785Z] METHOD: GET /v1/espacios 
[2025-04-23T23:32:12.627Z] METHOD: GET /public/swagger/ 
[2025-04-23T23:32:12.640Z] METHOD: GET /public/swagger/swagger-ui.css 
[2025-04-23T23:32:12.641Z] METHOD: GET /public/swagger/swagger-ui-bundle.js 
[2025-04-23T23:32:12.641Z] METHOD: GET /public/swagger/swagger-ui-standalone-preset.js 
[2025-04-23T23:32:12.641Z] METHOD: GET /public/swagger/swagger-ui-init.js 
[2025-04-23T23:32:12.929Z] METHOD: GET /public/swagger/favicon-32x32.png 
[2025-04-23T23:32:16.782Z] METHOD: GET /public/swagger/ 
[2025-04-23T23:32:16.791Z] METHOD: GET /public/swagger/swagger-ui.css 
[2025-04-23T23:32:16.793Z] METHOD: GET /public/swagger/swagger-ui-bundle.js 
[2025-04-23T23:32:16.794Z] METHOD: GET /public/swagger/swagger-ui-standalone-preset.js 
[2025-04-23T23:32:16.794Z] METHOD: GET /public/swagger/swagger-ui-init.js 
[2025-04-23T23:32:16.995Z] METHOD: GET /public/swagger/favicon-32x32.png 
[2025-04-23T23:32:35.510Z] METHOD: GET /public/swagger/ 
[2025-04-23T23:32:35.526Z] METHOD: GET /public/swagger/swagger-ui.css 
[2025-04-23T23:32:35.526Z] METHOD: GET /public/swagger/swagger-ui-bundle.js 
[2025-04-23T23:32:35.526Z] METHOD: GET /public/swagger/swagger-ui-standalone-preset.js 
[2025-04-23T23:32:35.527Z] METHOD: GET /public/swagger/swagger-ui-init.js 
[2025-04-23T23:32:35.764Z] METHOD: GET /public/swagger/favicon-32x32.png 
[2025-04-23T23:32:46.282Z] METHOD: GET /public/swagger/ 
[2025-04-23T23:32:46.293Z] METHOD: GET /public/swagger/swagger-ui.css 
[2025-04-23T23:32:46.294Z] METHOD: GET /public/swagger/swagger-ui-bundle.js 
[2025-04-23T23:32:46.294Z] METHOD: GET /public/swagger/swagger-ui-standalone-preset.js 
[2025-04-23T23:32:46.294Z] METHOD: GET /public/swagger/swagger-ui-init.js 
[2025-04-23T23:32:46.500Z] METHOD: GET /public/swagger/favicon-32x32.png 
[2025-04-23T23:33:01.931Z] METHOD: GET /public/swagger/ 
[2025-04-23T23:33:02.056Z] METHOD: GET /public/swagger/swagger-ui.css 
[2025-04-23T23:33:02.057Z] METHOD: GET /public/swagger/swagger-ui-bundle.js 
[2025-04-23T23:33:02.057Z] METHOD: GET /public/swagger/swagger-ui-standalone-preset.js 
[2025-04-23T23:33:02.057Z] METHOD: GET /public/swagger/swagger-ui-init.js 
[2025-04-23T23:33:02.301Z] METHOD: GET /public/swagger/favicon-32x32.png 
[2025-04-23T23:33:25.056Z] METHOD: POST /v1/auth/login 
[2025-04-23T23:33:40.880Z] METHOD: GET /v1/espacios/1 
[2025-04-23T23:33:46.919Z] METHOD: GET /v1/espacios 
[2025-04-23T23:33:53.707Z] METHOD: POST /v1/espacios 
[2025-04-23T23:34:11.348Z] METHOD: GET /public/swagger/ 
[2025-04-23T23:34:11.369Z] METHOD: GET /public/swagger/swagger-ui.css 
[2025-04-23T23:34:11.370Z] METHOD: GET /public/swagger/swagger-ui-bundle.js 
[2025-04-23T23:34:11.370Z] METHOD: GET /public/swagger/swagger-ui-standalone-preset.js 
[2025-04-23T23:34:11.370Z] METHOD: GET /public/swagger/swagger-ui-init.js 
[2025-04-23T23:34:11.623Z] METHOD: GET /public/swagger/favicon-32x32.png 
[2025-04-23T23:34:34.058Z] METHOD: GET /public/swagger/ 
[2025-04-23T23:34:34.073Z] METHOD: GET /public/swagger/swagger-ui.css 
[2025-04-23T23:34:34.074Z] METHOD: GET /public/swagger/swagger-ui-bundle.js 
[2025-04-23T23:34:34.074Z] METHOD: GET /public/swagger/swagger-ui-standalone-preset.js 
[2025-04-23T23:34:34.074Z] METHOD: GET /public/swagger/swagger-ui-init.js 
[2025-04-23T23:34:34.280Z] METHOD: GET /public/swagger/favicon-32x32.png 
[2025-04-23T23:34:44.651Z] METHOD: POST /v1/espacios 
[2025-04-23T23:46:00.555Z] METHOD: GET /public/swagger/ 
[2025-04-23T23:46:00.569Z] METHOD: GET /public/swagger/swagger-ui.css 
[2025-04-23T23:46:00.571Z] METHOD: GET /public/swagger/swagger-ui-bundle.js 
[2025-04-23T23:46:00.572Z] METHOD: GET /public/swagger/swagger-ui-standalone-preset.js 
[2025-04-23T23:46:00.572Z] METHOD: GET /public/swagger/swagger-ui-init.js 
[2025-04-23T23:46:00.874Z] METHOD: GET /public/swagger/favicon-32x32.png 
[2025-04-23T23:48:07.627Z] METHOD: GET /public/swagger/ 
[2025-04-23T23:48:07.642Z] METHOD: GET /public/swagger/swagger-ui.css 
[2025-04-23T23:48:07.643Z] METHOD: GET /public/swagger/swagger-ui-bundle.js 
[2025-04-23T23:48:07.645Z] METHOD: GET /public/swagger/swagger-ui-standalone-preset.js 
[2025-04-23T23:48:07.646Z] METHOD: GET /public/swagger/swagger-ui-init.js 
[2025-04-23T23:48:07.926Z] METHOD: GET /public/swagger/favicon-32x32.png 
[2025-04-23T23:49:20.225Z] METHOD: GET /public/swagger/ 
[2025-04-23T23:49:20.240Z] METHOD: GET /public/swagger/swagger-ui.css 
[2025-04-23T23:49:20.241Z] METHOD: GET /public/swagger/swagger-ui-bundle.js 
[2025-04-23T23:49:20.242Z] METHOD: GET /public/swagger/swagger-ui-standalone-preset.js 
[2025-04-23T23:49:20.243Z] METHOD: GET /public/swagger/swagger-ui-init.js 
[2025-04-23T23:49:20.474Z] METHOD: GET /public/swagger/favicon-32x32.png 
