[2025-04-24T01:02:09.123Z] METHOD: GET /public/swagger/ 
[2025-04-24T01:02:09.138Z] METHOD: GET /public/swagger/swagger-ui.css 
[2025-04-24T01:02:09.140Z] METHOD: GET /public/swagger/swagger-ui-bundle.js 
[2025-04-24T01:02:09.141Z] METHOD: GET /public/swagger/swagger-ui-standalone-preset.js 
[2025-04-24T01:02:09.142Z] METHOD: GET /public/swagger/swagger-ui-init.js 
[2025-04-24T01:02:09.404Z] METHOD: GET /public/swagger/favicon-32x32.png 
[2025-04-24T23:31:23.479Z] METHOD: GET / 
[2025-04-24T23:31:23.550Z] METHOD: GET /favicon.ico 
[2025-04-24T23:31:26.020Z] METHOD: GET /public/swagger 
[2025-04-24T23:31:26.023Z] METHOD: GET /public/swagger/ 
[2025-04-24T23:31:26.033Z] METHOD: GET /public/swagger/swagger-ui.css 
[2025-04-24T23:31:26.035Z] METHOD: GET /public/swagger/swagger-ui-bundle.js 
[2025-04-24T23:31:26.037Z] METHOD: GET /public/swagger/swagger-ui-standalone-preset.js 
[2025-04-24T23:31:26.037Z] METHOD: GET /public/swagger/swagger-ui-init.js 
[2025-04-24T23:31:39.379Z] METHOD: GET /public/swagger/ 
[2025-04-24T23:31:39.391Z] METHOD: GET /public/swagger/swagger-ui.css 
[2025-04-24T23:31:39.394Z] METHOD: GET /public/swagger/swagger-ui-bundle.js 
[2025-04-24T23:31:39.395Z] METHOD: GET /public/swagger/swagger-ui-standalone-preset.js 
[2025-04-24T23:31:39.395Z] METHOD: GET /public/swagger/swagger-ui-init.js 
[2025-04-24T23:31:39.468Z] METHOD: GET /public/swagger/favicon-32x32.png 
[2025-04-24T23:31:40.272Z] METHOD: GET /public/swagger/ 
[2025-04-24T23:31:40.281Z] METHOD: GET /public/swagger/swagger-ui-init.js 
[2025-04-24T23:31:40.282Z] METHOD: GET /public/swagger/swagger-ui.css 
[2025-04-24T23:31:40.283Z] METHOD: GET /public/swagger/swagger-ui-bundle.js 
[2025-04-24T23:31:40.284Z] METHOD: GET /public/swagger/swagger-ui-standalone-preset.js 
[2025-04-24T23:31:40.335Z] METHOD: GET /public/swagger/favicon-32x32.png 
[2025-04-24T23:33:14.075Z] METHOD: GET / 
[2025-04-24T23:33:14.147Z] METHOD: GET /favicon.ico 
[2025-04-24T23:33:16.248Z] METHOD: GET /public/swagger/ 
[2025-04-24T23:33:16.259Z] METHOD: GET /public/swagger/swagger-ui.css 
[2025-04-24T23:33:16.260Z] METHOD: GET /public/swagger/swagger-ui-bundle.js 
[2025-04-24T23:33:16.261Z] METHOD: GET /public/swagger/swagger-ui-standalone-preset.js 
[2025-04-24T23:33:16.262Z] METHOD: GET /public/swagger/swagger-ui-init.js 
[2025-04-24T23:33:16.316Z] METHOD: GET /public/swagger/favicon-32x32.png 
[2025-04-24T23:33:16.789Z] METHOD: GET /public/swagger/ 
[2025-04-24T23:33:16.797Z] METHOD: GET /public/swagger/swagger-ui.css 
[2025-04-24T23:33:16.798Z] METHOD: GET /public/swagger/swagger-ui-bundle.js 
[2025-04-24T23:33:16.798Z] METHOD: GET /public/swagger/swagger-ui-standalone-preset.js 
[2025-04-24T23:33:16.798Z] METHOD: GET /public/swagger/swagger-ui-init.js 
[2025-04-24T23:33:16.848Z] METHOD: GET /public/swagger/favicon-32x32.png 
[2025-04-24T23:33:40.786Z] METHOD: GET /public/swagger/ 
[2025-04-24T23:33:40.799Z] METHOD: GET /public/swagger/swagger-ui.css 
[2025-04-24T23:33:40.802Z] METHOD: GET /public/swagger/swagger-ui-bundle.js 
[2025-04-24T23:33:40.803Z] METHOD: GET /public/swagger/swagger-ui-standalone-preset.js 
[2025-04-24T23:33:40.804Z] METHOD: GET /public/swagger/swagger-ui-init.js 
[2025-04-24T23:33:40.862Z] METHOD: GET /public/swagger/favicon-32x32.png 
[2025-04-24T23:33:41.268Z] METHOD: GET /public/swagger/ 
[2025-04-24T23:33:41.279Z] METHOD: GET /public/swagger/swagger-ui.css 
[2025-04-24T23:33:41.280Z] METHOD: GET /public/swagger/swagger-ui-init.js 
[2025-04-24T23:33:41.282Z] METHOD: GET /public/swagger/swagger-ui-bundle.js 
[2025-04-24T23:33:41.282Z] METHOD: GET /public/swagger/swagger-ui-standalone-preset.js 
[2025-04-24T23:33:41.337Z] METHOD: GET /public/swagger/favicon-32x32.png 
[2025-04-24T23:34:37.581Z] METHOD: GET /public/swagger/ 
[2025-04-24T23:34:37.592Z] METHOD: GET /public/swagger/swagger-ui.css 
[2025-04-24T23:34:37.594Z] METHOD: GET /public/swagger/swagger-ui-bundle.js 
[2025-04-24T23:34:37.594Z] METHOD: GET /public/swagger/swagger-ui-init.js 
[2025-04-24T23:34:37.596Z] METHOD: GET /public/swagger/swagger-ui-standalone-preset.js 
[2025-04-24T23:34:37.831Z] METHOD: GET /public/swagger/favicon-32x32.png 
[2025-04-24T23:34:38.013Z] METHOD: GET /public/swagger/ 
[2025-04-24T23:34:38.043Z] METHOD: GET /public/swagger/swagger-ui.css 
[2025-04-24T23:34:38.044Z] METHOD: GET /public/swagger/favicon-16x16.png 
[2025-04-24T23:34:38.045Z] METHOD: GET /public/swagger/swagger-ui-bundle.js 
[2025-04-24T23:34:38.045Z] METHOD: GET /public/swagger/swagger-ui-standalone-preset.js 
[2025-04-24T23:34:38.048Z] METHOD: GET /public/swagger/swagger-ui-init.js 
[2025-04-24T23:34:38.250Z] METHOD: GET /public/swagger/favicon-32x32.png 
[2025-04-24T23:45:25.559Z] METHOD: GET /public/swagger/ 
[2025-04-24T23:45:25.574Z] METHOD: GET /public/swagger/swagger-ui.css 
[2025-04-24T23:45:25.575Z] METHOD: GET /public/swagger/swagger-ui-bundle.js 
[2025-04-24T23:45:25.577Z] METHOD: GET /public/swagger/swagger-ui-standalone-preset.js 
[2025-04-24T23:45:25.578Z] METHOD: GET /public/swagger/swagger-ui-init.js 
[2025-04-24T23:45:25.878Z] METHOD: GET /public/swagger/favicon-32x32.png 
