[2025-04-01T21:56:16.562Z] METHOD: GET /v1/espacios 
[2025-04-01T21:56:56.881Z] METHOD: GET /v1/espacios 
[2025-04-01T21:58:00.217Z] METHOD: GET /v1/espacios 
[2025-04-01T21:59:12.512Z] METHOD: GET /v1/espacios 
[2025-04-01T21:59:15.332Z] METHOD: GET /v1/espacios 
[2025-04-01T21:59:45.869Z] METHOD: GET /v1/espacios 
[2025-04-01T22:00:09.423Z] METHOD: GET /v1/espacios 
[2025-04-01T22:02:27.061Z] METHOD: GET /v1/espacios 
[2025-04-01T22:04:11.537Z] METHOD: GET /v1/espacios 
[2025-04-01T22:05:19.430Z] METHOD: GET /v1/espacios/1 
[2025-04-01T22:05:34.300Z] METHOD: POST /v1/espacios 
[2025-04-01T22:05:56.802Z] METHOD: PUT /v1/espacios/1 
[2025-04-01T22:06:06.835Z] METHOD: DELETE /v1/espacios/1 
[2025-04-01T22:06:14.697Z] METHOD: DELETE /v1/espacios/1 
[2025-04-01T22:06:28.773Z] METHOD: GET /v1/membresias 
[2025-04-01T22:06:41.943Z] METHOD: GET /v1/membresias/1 
[2025-04-01T22:06:55.247Z] METHOD: POST /v1/membresias 
[2025-04-01T22:07:05.921Z] METHOD: PUT /v1/membresias/1 
[2025-04-01T22:07:13.838Z] METHOD: DELETE /v1/membresias/1 
[2025-04-01T22:07:21.518Z] METHOD: DELETE /v1/membresias/1 
[2025-04-01T22:07:34.956Z] METHOD: GET /v1/notificaciones 
[2025-04-01T22:07:54.013Z] METHOD: GET /v1/notificaciones/1 
[2025-04-01T22:08:10.812Z] METHOD: POST /v1/notificaciones 
[2025-04-01T22:08:26.943Z] METHOD: POST /v1/notificaciones 
[2025-04-01T22:08:41.301Z] METHOD: DELETE /v1/notificaciones/1 
[2025-04-01T22:09:01.372Z] METHOD: GET /v1/oficinas 
[2025-04-01T22:09:14.665Z] METHOD: GET /v1/oficinas/1 
[2025-04-01T22:09:30.904Z] METHOD: POST /v1/oficinas 
[2025-04-01T22:09:48.424Z] METHOD: PUT /v1/oficinas/1 
[2025-04-01T22:10:00.994Z] METHOD: DELETE /v1/oficinas/1 
[2025-04-01T22:10:16.547Z] METHOD: GET /v1/pagos 
[2025-04-01T22:10:27.001Z] METHOD: GET /v1/pagos/1 
[2025-04-01T22:10:40.117Z] METHOD: POST /v1/pagos 
[2025-04-01T22:10:55.183Z] METHOD: POST /v1/pagos 
[2025-04-01T22:11:09.505Z] METHOD: PUT /v1/pagos/1 
[2025-04-01T22:11:27.053Z] METHOD: DELETE /v1/pagos/1 
[2025-04-01T22:11:44.476Z] METHOD: GET /v1/resenas 
[2025-04-01T22:11:56.902Z] METHOD: GET /v1/resenas/1 
[2025-04-01T22:12:12.106Z] METHOD: POST /v1/resenas 
[2025-04-01T22:12:19.432Z] METHOD: POST /v1/resenas 
[2025-04-01T22:12:36.633Z] METHOD: PUT /v1/resenas/1 
[2025-04-01T22:12:49.698Z] METHOD: DELETE /v1/resenas/1 
[2025-04-01T22:13:11.773Z] METHOD: GET /v1/reservas 
[2025-04-01T22:13:21.885Z] METHOD: GET /v1/reservas/1 
[2025-04-01T22:13:36.657Z] METHOD: POST /v1/reservas 
[2025-04-01T22:13:44.582Z] METHOD: POST /v1/reservas 
[2025-04-01T22:13:55.273Z] METHOD: POST /v1/reservas 
[2025-04-01T22:13:58.236Z] METHOD: POST /v1/reservas 
[2025-04-01T22:14:11.457Z] METHOD: PUT /v1/reservas/1 
[2025-04-01T22:14:32.395Z] METHOD: DELETE /v1/reservas/1 
[2025-04-01T22:14:46.084Z] METHOD: GET /v1/usuarios 
[2025-04-01T22:14:58.740Z] METHOD: GET /v1/usuarios/1 
[2025-04-01T22:15:15.267Z] METHOD: POST /v1/usuarios 
[2025-04-01T22:15:25.359Z] METHOD: PUT /v1/usuarios/1 
[2025-04-01T22:15:39.069Z] METHOD: DELETE /v1/usuarios/1 
[2025-04-01T22:17:54.248Z] METHOD: DELETE /v1/espacios/1 
[2025-04-01T22:17:57.989Z] METHOD: DELETE /v1/membresias/1 
[2025-04-01T22:18:00.001Z] METHOD: DELETE /v1/notificaciones/1 
[2025-04-01T22:18:04.699Z] METHOD: DELETE /v1/oficinas/1 
[2025-04-01T22:18:07.780Z] METHOD: DELETE /v1/pagos/1 
[2025-04-01T22:18:09.691Z] METHOD: DELETE /v1/resenas/1 
[2025-04-01T22:18:12.187Z] METHOD: DELETE /v1/reservas/1 
[2025-04-01T22:20:06.626Z] METHOD: GET /v1/espacios 
[2025-04-01T22:20:08.460Z] METHOD: GET /v1/espacios/1 
[2025-04-01T22:20:11.945Z] METHOD: POST /v1/espacios 
[2025-04-01T22:20:13.620Z] METHOD: GET /v1/espacios 
[2025-04-01T22:26:09.213Z] METHOD: GET /v1/espacios 
[2025-04-01T22:26:12.417Z] METHOD: POST /v1/espacios 
[2025-04-01T22:27:21.895Z] METHOD: POST /v1/espacios?q=%3Cscript%3Ealert(%22xss%22)%3C/script%3E 
